{"contracts/interfaces/IDiaOracle.sol":{"l":{},"path":"/Users/arome/Downloads/web3/audit/argo-subscription-payments-contract/contracts/interfaces/IDiaOracle.sol","s":{},"b":{},"f":{},"fnMap":{},"statementMap":{},"branchMap":{}},"contracts/interfaces/IStaking.sol":{"l":{},"path":"/Users/arome/Downloads/web3/audit/argo-subscription-payments-contract/contracts/interfaces/IStaking.sol","s":{},"b":{},"f":{},"fnMap":{},"statementMap":{},"branchMap":{}},"contracts/interfaces/ISubscriptionData.sol":{"l":{},"path":"/Users/arome/Downloads/web3/audit/argo-subscription-payments-contract/contracts/interfaces/ISubscriptionData.sol","s":{},"b":{},"f":{},"fnMap":{},"statementMap":{},"branchMap":{}},"contracts/mocks/ERC20.sol":{"l":{"8":384},"path":"/Users/arome/Downloads/web3/audit/argo-subscription-payments-contract/contracts/mocks/ERC20.sol","s":{"1":384},"b":{},"f":{"1":384},"fnMap":{"1":{"name":"constructor","line":7,"loc":{"start":{"line":7,"column":4},"end":{"line":9,"column":4}}}},"statementMap":{"1":{"start":{"line":8,"column":8},"end":{"line":8,"column":39}}},"branchMap":{}},"contracts/mocks/StakingMock.sol":{"l":{"78":96,"79":96,"80":96,"87":0,"89":0,"90":0,"91":0,"93":0,"96":0,"99":0,"100":0,"102":0,"103":0,"104":0,"105":0,"109":0,"110":0,"111":0,"113":0,"116":0,"123":0,"124":0,"129":0,"133":0,"136":0,"137":0,"144":0,"152":0,"163":0,"169":0,"173":0,"184":0,"187":0,"193":0,"198":0,"204":0,"207":0,"213":0,"221":0,"223":0,"224":0,"225":0,"226":0,"231":0,"235":0,"238":0,"239":0,"241":0,"242":0,"243":0,"244":0,"248":0,"249":0,"250":0,"252":0,"255":0,"262":0,"263":0,"268":0,"272":0,"275":0,"276":0,"283":0,"291":0,"292":0,"298":0,"304":0,"308":0,"319":0,"322":0,"328":0,"333":0,"339":0,"342":0,"348":0,"358":0,"363":0,"366":0,"367":0,"370":0,"372":0,"374":0,"375":0,"376":0,"377":0,"381":0,"382":0,"383":0,"385":0,"387":0,"392":0,"393":0,"402":0,"410":0,"411":0,"412":0,"414":0,"422":0,"424":0,"430":0,"431":0,"439":0,"443":0,"450":0,"453":0,"454":0,"457":0,"460":0,"466":0,"469":0,"478":0,"480":0,"481":0,"483":0,"484":0,"485":0,"487":0,"491":0,"496":0,"497":0,"501":0,"505":0,"510":0,"511":0,"513":0,"515":0,"516":0,"518":0,"531":0,"534":0,"535":0,"538":0,"539":0,"542":0,"543":0,"547":0,"548":0,"549":0,"550":0,"552":0,"556":0,"567":0,"574":0,"575":0,"578":0,"592":0,"593":0,"597":0,"598":0,"603":0,"604":0,"611":0,"612":0,"613":0,"614":0,"617":0,"626":0,"628":0,"629":0,"636":0,"647":0,"655":0,"663":0,"667":0,"671":0,"675":0,"679":0},"path":"/Users/arome/Downloads/web3/audit/argo-subscription-payments-contract/contracts/mocks/StakingMock.sol","s":{"1":96,"2":96,"3":96,"4":0,"5":0,"6":0,"7":0,"8":0,"9":0,"10":0,"11":0,"12":0,"13":0,"14":0,"15":0,"16":0,"17":0,"18":0,"19":0,"20":0,"21":0,"22":0,"23":0,"24":0,"25":0,"26":0,"27":0,"28":0,"29":0,"30":0,"31":0,"32":0,"33":0,"34":0,"35":0,"36":0,"37":0,"38":0,"39":0,"40":0,"41":0,"42":0,"43":0,"44":0,"45":0,"46":0,"47":0,"48":0,"49":0,"50":0,"51":0,"52":0,"53":0,"54":0,"55":0,"56":0,"57":0,"58":0,"59":0,"60":0,"61":0,"62":0,"63":0,"64":0,"65":0,"66":0,"67":0,"68":0,"69":0,"70":0,"71":0,"72":0,"73":0,"74":0,"75":0,"76":0,"77":0,"78":0,"79":0,"80":0,"81":0,"82":0,"83":0,"84":0,"85":0,"86":0,"87":0,"88":0,"89":0,"90":0,"91":0,"92":0,"93":0,"94":0,"95":0,"96":0,"97":0,"98":0,"99":0,"100":0,"101":0,"102":0,"103":0,"104":0,"105":0,"106":0,"107":0,"108":0,"109":0,"110":0,"111":0,"112":0,"113":0,"114":0,"115":0,"116":0,"117":0,"118":0,"119":0,"120":0,"121":0,"122":0,"123":0,"124":0,"125":0,"126":0,"127":0,"128":0,"129":0,"130":0,"131":0,"132":0,"133":0,"134":0,"135":0,"136":0,"137":0,"138":0,"139":0,"140":0,"141":0,"142":0,"143":0,"144":0,"145":0,"146":0,"147":0,"148":0,"149":0,"150":0,"151":0,"152":0,"153":0,"154":0,"155":0,"156":0,"157":0,"158":0,"159":0,"160":0,"161":0,"162":0,"163":0,"164":0,"165":0,"166":0,"167":0,"168":0,"169":0,"170":0},"b":{"1":[0,0],"2":[0,0],"3":[0,0],"4":[0,0],"5":[0,0],"6":[0,0],"7":[0,0],"8":[0,0],"9":[0,0],"10":[0,0],"11":[0,0],"12":[0,0],"13":[0,0],"14":[0,0],"15":[0,0],"16":[0,0],"17":[0,0],"18":[0,0],"19":[0,0],"20":[0,0],"21":[0,0],"22":[0,0],"23":[0,0],"24":[0,0],"25":[0,0],"26":[0,0],"27":[0,0],"28":[0,0],"29":[0,0],"30":[0,0],"31":[0,0],"32":[0,0],"33":[0,0],"34":[0,0]},"f":{"1":96,"2":0,"3":0,"4":0,"5":0,"6":0,"7":0,"8":0,"9":0,"10":0,"11":0,"12":0,"13":0,"14":0,"15":0,"16":0,"17":0},"fnMap":{"1":{"name":"constructor","line":73,"loc":{"start":{"line":73,"column":4},"end":{"line":81,"column":4}}},"2":{"name":"deposit","line":86,"loc":{"start":{"line":86,"column":4},"end":{"line":214,"column":4}}},"3":{"name":"depositFor","line":220,"loc":{"start":{"line":216,"column":4},"end":{"line":349,"column":4}}},"4":{"name":"withdraw","line":356,"loc":{"start":{"line":354,"column":4},"end":{"line":470,"column":4}}},"5":{"name":"manualEpochInit","line":477,"loc":{"start":{"line":477,"column":4},"end":{"line":502,"column":4}}},"6":{"name":"emergencyWithdraw","line":504,"loc":{"start":{"line":504,"column":4},"end":{"line":519,"column":4}}},"7":{"name":"getEpochUserBalance","line":526,"loc":{"start":{"line":526,"column":4},"end":{"line":557,"column":4}}},"8":{"name":"balanceOf","line":562,"loc":{"start":{"line":562,"column":4},"end":{"line":568,"column":4}}},"9":{"name":"getCurrentEpoch","line":573,"loc":{"start":{"line":573,"column":4},"end":{"line":579,"column":4}}},"10":{"name":"getEpochPoolSize","line":584,"loc":{"start":{"line":584,"column":4},"end":{"line":605,"column":4}}},"11":{"name":"currentEpochMultiplier","line":610,"loc":{"start":{"line":610,"column":4},"end":{"line":618,"column":4}}},"12":{"name":"computeNewMultiplier","line":620,"loc":{"start":{"line":620,"column":4},"end":{"line":637,"column":4}}},"13":{"name":"epochIsInitialized","line":642,"loc":{"start":{"line":642,"column":4},"end":{"line":648,"column":4}}},"14":{"name":"getCheckpointBalance","line":650,"loc":{"start":{"line":650,"column":4},"end":{"line":656,"column":4}}},"15":{"name":"getCheckpointEffectiveBalance","line":658,"loc":{"start":{"line":658,"column":4},"end":{"line":664,"column":4}}},"16":{"name":"addAllowedYieldFarm","line":666,"loc":{"start":{"line":666,"column":4},"end":{"line":672,"column":4}}},"17":{"name":"deleteAllowedYieldFarm","line":674,"loc":{"start":{"line":674,"column":4},"end":{"line":680,"column":4}}}},"statementMap":{"1":{"start":{"line":78,"column":8},"end":{"line":78,"column":33}},"2":{"start":{"line":79,"column":8},"end":{"line":79,"column":37}},"3":{"start":{"line":80,"column":8},"end":{"line":80,"column":39}},"4":{"start":{"line":87,"column":8},"end":{"line":87,"column":57}},"5":{"start":{"line":89,"column":8},"end":{"line":89,"column":43}},"6":{"start":{"line":90,"column":8},"end":{"line":90,"column":70}},"7":{"start":{"line":91,"column":8},"end":{"line":91,"column":73}},"8":{"start":{"line":93,"column":8},"end":{"line":93,"column":2779}},"9":{"start":{"line":96,"column":8},"end":{"line":96,"column":60}},"10":{"start":{"line":99,"column":8},"end":{"line":99,"column":48}},"11":{"start":{"line":100,"column":8},"end":{"line":100,"column":60}},"12":{"start":{"line":102,"column":8},"end":{"line":102,"column":3071}},"13":{"start":{"line":103,"column":12},"end":{"line":103,"column":54}},"14":{"start":{"line":104,"column":12},"end":{"line":104,"column":35}},"15":{"start":{"line":105,"column":12},"end":{"line":105,"column":48}},"16":{"start":{"line":109,"column":8},"end":{"line":109,"column":74}},"17":{"start":{"line":110,"column":8},"end":{"line":110,"column":55}},"18":{"start":{"line":111,"column":8},"end":{"line":111,"column":28}},"19":{"start":{"line":113,"column":8},"end":{"line":113,"column":3547}},"20":{"start":{"line":116,"column":8},"end":{"line":116,"column":3664}},"21":{"start":{"line":123,"column":8},"end":{"line":123,"column":4070}},"22":{"start":{"line":124,"column":12},"end":{"line":124,"column":4117}},"23":{"start":{"line":129,"column":12},"end":{"line":129,"column":4300}},"24":{"start":{"line":133,"column":12},"end":{"line":133,"column":49}},"25":{"start":{"line":136,"column":12},"end":{"line":136,"column":4595}},"26":{"start":{"line":137,"column":16},"end":{"line":137,"column":4668}},"27":{"start":{"line":144,"column":16},"end":{"line":144,"column":4945}},"28":{"start":{"line":152,"column":16},"end":{"line":152,"column":5222}},"29":{"start":{"line":162,"column":17},"end":{"line":162,"column":5571}},"30":{"start":{"line":163,"column":16},"end":{"line":163,"column":5640}},"31":{"start":{"line":169,"column":16},"end":{"line":169,"column":5920}},"32":{"start":{"line":173,"column":16},"end":{"line":173,"column":6039}},"33":{"start":{"line":184,"column":16},"end":{"line":184,"column":6409}},"34":{"start":{"line":187,"column":20},"end":{"line":187,"column":6537}},"35":{"start":{"line":193,"column":20},"end":{"line":193,"column":6853}},"36":{"start":{"line":198,"column":16},"end":{"line":198,"column":7002}},"37":{"start":{"line":204,"column":8},"end":{"line":204,"column":7197}},"38":{"start":{"line":207,"column":8},"end":{"line":207,"column":7279}},"39":{"start":{"line":213,"column":8},"end":{"line":213,"column":54}},"40":{"start":{"line":221,"column":8},"end":{"line":221,"column":57}},"41":{"start":{"line":223,"column":8},"end":{"line":223,"column":43}},"42":{"start":{"line":224,"column":8},"end":{"line":224,"column":74}},"43":{"start":{"line":225,"column":8},"end":{"line":225,"column":73}},"44":{"start":{"line":226,"column":8},"end":{"line":226,"column":7878}},"45":{"start":{"line":231,"column":8},"end":{"line":231,"column":8023}},"46":{"start":{"line":235,"column":8},"end":{"line":235,"column":64}},"47":{"start":{"line":238,"column":8},"end":{"line":238,"column":48}},"48":{"start":{"line":239,"column":8},"end":{"line":239,"column":60}},"49":{"start":{"line":241,"column":8},"end":{"line":241,"column":8342}},"50":{"start":{"line":242,"column":12},"end":{"line":242,"column":54}},"51":{"start":{"line":243,"column":12},"end":{"line":243,"column":35}},"52":{"start":{"line":244,"column":12},"end":{"line":244,"column":48}},"53":{"start":{"line":248,"column":8},"end":{"line":248,"column":74}},"54":{"start":{"line":249,"column":8},"end":{"line":249,"column":55}},"55":{"start":{"line":250,"column":8},"end":{"line":250,"column":28}},"56":{"start":{"line":252,"column":8},"end":{"line":252,"column":8819}},"57":{"start":{"line":255,"column":8},"end":{"line":255,"column":8937}},"58":{"start":{"line":262,"column":8},"end":{"line":262,"column":9343}},"59":{"start":{"line":263,"column":12},"end":{"line":263,"column":9390}},"60":{"start":{"line":268,"column":12},"end":{"line":268,"column":9573}},"61":{"start":{"line":272,"column":12},"end":{"line":272,"column":49}},"62":{"start":{"line":275,"column":12},"end":{"line":275,"column":9868}},"63":{"start":{"line":276,"column":16},"end":{"line":276,"column":9941}},"64":{"start":{"line":283,"column":16},"end":{"line":283,"column":10218}},"65":{"start":{"line":291,"column":16},"end":{"line":291,"column":70}},"66":{"start":{"line":292,"column":16},"end":{"line":292,"column":10567}},"67":{"start":{"line":297,"column":17},"end":{"line":297,"column":10772}},"68":{"start":{"line":298,"column":16},"end":{"line":298,"column":10841}},"69":{"start":{"line":304,"column":16},"end":{"line":304,"column":11121}},"70":{"start":{"line":308,"column":16},"end":{"line":308,"column":11240}},"71":{"start":{"line":319,"column":16},"end":{"line":319,"column":11611}},"72":{"start":{"line":322,"column":20},"end":{"line":322,"column":11739}},"73":{"start":{"line":328,"column":20},"end":{"line":328,"column":12055}},"74":{"start":{"line":333,"column":16},"end":{"line":333,"column":12204}},"75":{"start":{"line":339,"column":8},"end":{"line":339,"column":12401}},"76":{"start":{"line":342,"column":8},"end":{"line":342,"column":12483}},"77":{"start":{"line":348,"column":8},"end":{"line":348,"column":55}},"78":{"start":{"line":358,"column":8},"end":{"line":358,"column":12902}},"79":{"start":{"line":363,"column":8},"end":{"line":363,"column":13045}},"80":{"start":{"line":366,"column":8},"end":{"line":366,"column":43}},"81":{"start":{"line":367,"column":8},"end":{"line":367,"column":41}},"82":{"start":{"line":370,"column":8},"end":{"line":370,"column":48}},"83":{"start":{"line":372,"column":8},"end":{"line":372,"column":55}},"84":{"start":{"line":374,"column":8},"end":{"line":374,"column":13360}},"85":{"start":{"line":375,"column":12},"end":{"line":375,"column":54}},"86":{"start":{"line":376,"column":12},"end":{"line":376,"column":35}},"87":{"start":{"line":377,"column":12},"end":{"line":377,"column":48}},"88":{"start":{"line":381,"column":8},"end":{"line":381,"column":74}},"89":{"start":{"line":382,"column":8},"end":{"line":382,"column":55}},"90":{"start":{"line":383,"column":8},"end":{"line":383,"column":28}},"91":{"start":{"line":385,"column":8},"end":{"line":385,"column":13866}},"92":{"start":{"line":387,"column":8},"end":{"line":387,"column":45}},"93":{"start":{"line":392,"column":8},"end":{"line":392,"column":14206}},"94":{"start":{"line":393,"column":12},"end":{"line":393,"column":14270}},"95":{"start":{"line":402,"column":12},"end":{"line":402,"column":14526}},"96":{"start":{"line":409,"column":13},"end":{"line":409,"column":14797}},"97":{"start":{"line":410,"column":12},"end":{"line":410,"column":78}},"98":{"start":{"line":411,"column":12},"end":{"line":411,"column":44}},"99":{"start":{"line":412,"column":12},"end":{"line":412,"column":57}},"100":{"start":{"line":414,"column":12},"end":{"line":414,"column":15066}},"101":{"start":{"line":422,"column":12},"end":{"line":422,"column":77}},"102":{"start":{"line":424,"column":12},"end":{"line":424,"column":15440}},"103":{"start":{"line":430,"column":12},"end":{"line":430,"column":15715}},"104":{"start":{"line":431,"column":16},"end":{"line":431,"column":15791}},"105":{"start":{"line":439,"column":16},"end":{"line":439,"column":16128}},"106":{"start":{"line":443,"column":16},"end":{"line":443,"column":16257}},"107":{"start":{"line":450,"column":16},"end":{"line":450,"column":16617}},"108":{"start":{"line":453,"column":16},"end":{"line":453,"column":53}},"109":{"start":{"line":454,"column":16},"end":{"line":454,"column":66}},"110":{"start":{"line":457,"column":12},"end":{"line":457,"column":16936}},"111":{"start":{"line":460,"column":12},"end":{"line":460,"column":17026}},"112":{"start":{"line":466,"column":12},"end":{"line":466,"column":78}},"113":{"start":{"line":469,"column":8},"end":{"line":469,"column":55}},"114":{"start":{"line":478,"column":8},"end":{"line":478,"column":73}},"115":{"start":{"line":480,"column":8},"end":{"line":480,"column":17786}},"116":{"start":{"line":481,"column":12},"end":{"line":481,"column":57}},"117":{"start":{"line":483,"column":12},"end":{"line":483,"column":17908}},"118":{"start":{"line":484,"column":16},"end":{"line":484,"column":34}},"119":{"start":{"line":485,"column":16},"end":{"line":485,"column":27}},"120":{"start":{"line":487,"column":16},"end":{"line":487,"column":18036}},"121":{"start":{"line":491,"column":16},"end":{"line":491,"column":18198}},"122":{"start":{"line":496,"column":16},"end":{"line":496,"column":61}},"123":{"start":{"line":497,"column":16},"end":{"line":497,"column":27}},"124":{"start":{"line":501,"column":8},"end":{"line":501,"column":57}},"125":{"start":{"line":505,"column":8},"end":{"line":505,"column":18600}},"126":{"start":{"line":510,"column":8},"end":{"line":510,"column":69}},"127":{"start":{"line":511,"column":8},"end":{"line":511,"column":58}},"128":{"start":{"line":513,"column":8},"end":{"line":513,"column":45}},"129":{"start":{"line":515,"column":8},"end":{"line":515,"column":43}},"130":{"start":{"line":516,"column":8},"end":{"line":516,"column":51}},"131":{"start":{"line":518,"column":8},"end":{"line":518,"column":74}},"132":{"start":{"line":531,"column":8},"end":{"line":531,"column":74}},"133":{"start":{"line":534,"column":8},"end":{"line":534,"column":19715}},"134":{"start":{"line":535,"column":12},"end":{"line":535,"column":20}},"135":{"start":{"line":538,"column":8},"end":{"line":538,"column":23}},"136":{"start":{"line":539,"column":8},"end":{"line":539,"column":44}},"137":{"start":{"line":542,"column":8},"end":{"line":542,"column":19978}},"138":{"start":{"line":543,"column":12},"end":{"line":543,"column":66}},"139":{"start":{"line":547,"column":8},"end":{"line":547,"column":20159}},"140":{"start":{"line":548,"column":12},"end":{"line":548,"column":45}},"141":{"start":{"line":549,"column":12},"end":{"line":549,"column":20242}},"142":{"start":{"line":550,"column":16},"end":{"line":550,"column":24}},"143":{"start":{"line":552,"column":16},"end":{"line":552,"column":28}},"144":{"start":{"line":556,"column":8},"end":{"line":556,"column":62}},"145":{"start":{"line":567,"column":8},"end":{"line":567,"column":36}},"146":{"start":{"line":574,"column":8},"end":{"line":574,"column":20860}},"147":{"start":{"line":575,"column":12},"end":{"line":575,"column":20}},"148":{"start":{"line":578,"column":8},"end":{"line":578,"column":75}},"149":{"start":{"line":592,"column":8},"end":{"line":592,"column":21491}},"150":{"start":{"line":593,"column":12},"end":{"line":593,"column":55}},"151":{"start":{"line":597,"column":8},"end":{"line":597,"column":21722}},"152":{"start":{"line":598,"column":12},"end":{"line":598,"column":20}},"153":{"start":{"line":603,"column":8},"end":{"line":603,"column":43}},"154":{"start":{"line":604,"column":8},"end":{"line":604,"column":45}},"155":{"start":{"line":611,"column":8},"end":{"line":611,"column":48}},"156":{"start":{"line":612,"column":8},"end":{"line":612,"column":76}},"157":{"start":{"line":613,"column":8},"end":{"line":613,"column":60}},"158":{"start":{"line":614,"column":8},"end":{"line":614,"column":22526}},"159":{"start":{"line":617,"column":8},"end":{"line":617,"column":25}},"160":{"start":{"line":626,"column":8},"end":{"line":626,"column":22848}},"161":{"start":{"line":628,"column":8},"end":{"line":628,"column":78}},"162":{"start":{"line":629,"column":8},"end":{"line":629,"column":22972}},"163":{"start":{"line":636,"column":8},"end":{"line":636,"column":28}},"164":{"start":{"line":647,"column":8},"end":{"line":647,"column":43}},"165":{"start":{"line":655,"column":8},"end":{"line":655,"column":48}},"166":{"start":{"line":663,"column":8},"end":{"line":663,"column":77}},"167":{"start":{"line":667,"column":8},"end":{"line":667,"column":23935}},"168":{"start":{"line":671,"column":8},"end":{"line":671,"column":48}},"169":{"start":{"line":675,"column":8},"end":{"line":675,"column":24216}},"170":{"start":{"line":679,"column":8},"end":{"line":679,"column":49}}},"branchMap":{"1":{"line":87,"type":"if","locations":[{"start":{"line":87,"column":8},"end":{"line":87,"column":8}},{"start":{"line":87,"column":8},"end":{"line":87,"column":8}}]},"2":{"line":91,"type":"if","locations":[{"start":{"line":91,"column":8},"end":{"line":91,"column":8}},{"start":{"line":91,"column":8},"end":{"line":91,"column":8}}]},"3":{"line":102,"type":"if","locations":[{"start":{"line":102,"column":8},"end":{"line":102,"column":8}},{"start":{"line":102,"column":8},"end":{"line":102,"column":8}}]},"4":{"line":123,"type":"if","locations":[{"start":{"line":123,"column":8},"end":{"line":123,"column":8}},{"start":{"line":123,"column":8},"end":{"line":123,"column":8}}]},"5":{"line":136,"type":"if","locations":[{"start":{"line":136,"column":12},"end":{"line":136,"column":12}},{"start":{"line":136,"column":12},"end":{"line":136,"column":12}}]},"6":{"line":162,"type":"if","locations":[{"start":{"line":162,"column":17},"end":{"line":162,"column":17}},{"start":{"line":162,"column":17},"end":{"line":162,"column":17}}]},"7":{"line":184,"type":"if","locations":[{"start":{"line":184,"column":16},"end":{"line":184,"column":16}},{"start":{"line":184,"column":16},"end":{"line":184,"column":16}}]},"8":{"line":221,"type":"if","locations":[{"start":{"line":221,"column":8},"end":{"line":221,"column":8}},{"start":{"line":221,"column":8},"end":{"line":221,"column":8}}]},"9":{"line":225,"type":"if","locations":[{"start":{"line":225,"column":8},"end":{"line":225,"column":8}},{"start":{"line":225,"column":8},"end":{"line":225,"column":8}}]},"10":{"line":226,"type":"if","locations":[{"start":{"line":226,"column":8},"end":{"line":226,"column":8}},{"start":{"line":226,"column":8},"end":{"line":226,"column":8}}]},"11":{"line":241,"type":"if","locations":[{"start":{"line":241,"column":8},"end":{"line":241,"column":8}},{"start":{"line":241,"column":8},"end":{"line":241,"column":8}}]},"12":{"line":262,"type":"if","locations":[{"start":{"line":262,"column":8},"end":{"line":262,"column":8}},{"start":{"line":262,"column":8},"end":{"line":262,"column":8}}]},"13":{"line":275,"type":"if","locations":[{"start":{"line":275,"column":12},"end":{"line":275,"column":12}},{"start":{"line":275,"column":12},"end":{"line":275,"column":12}}]},"14":{"line":297,"type":"if","locations":[{"start":{"line":297,"column":17},"end":{"line":297,"column":17}},{"start":{"line":297,"column":17},"end":{"line":297,"column":17}}]},"15":{"line":319,"type":"if","locations":[{"start":{"line":319,"column":16},"end":{"line":319,"column":16}},{"start":{"line":319,"column":16},"end":{"line":319,"column":16}}]},"16":{"line":358,"type":"if","locations":[{"start":{"line":358,"column":8},"end":{"line":358,"column":8}},{"start":{"line":358,"column":8},"end":{"line":358,"column":8}}]},"17":{"line":374,"type":"if","locations":[{"start":{"line":374,"column":8},"end":{"line":374,"column":8}},{"start":{"line":374,"column":8},"end":{"line":374,"column":8}}]},"18":{"line":392,"type":"if","locations":[{"start":{"line":392,"column":8},"end":{"line":392,"column":8}},{"start":{"line":392,"column":8},"end":{"line":392,"column":8}}]},"19":{"line":409,"type":"if","locations":[{"start":{"line":409,"column":13},"end":{"line":409,"column":13}},{"start":{"line":409,"column":13},"end":{"line":409,"column":13}}]},"20":{"line":430,"type":"if","locations":[{"start":{"line":430,"column":12},"end":{"line":430,"column":12}},{"start":{"line":430,"column":12},"end":{"line":430,"column":12}}]},"21":{"line":478,"type":"if","locations":[{"start":{"line":478,"column":8},"end":{"line":478,"column":8}},{"start":{"line":478,"column":8},"end":{"line":478,"column":8}}]},"22":{"line":483,"type":"if","locations":[{"start":{"line":483,"column":12},"end":{"line":483,"column":12}},{"start":{"line":483,"column":12},"end":{"line":483,"column":12}}]},"23":{"line":487,"type":"if","locations":[{"start":{"line":487,"column":16},"end":{"line":487,"column":16}},{"start":{"line":487,"column":16},"end":{"line":487,"column":16}}]},"24":{"line":491,"type":"if","locations":[{"start":{"line":491,"column":16},"end":{"line":491,"column":16}},{"start":{"line":491,"column":16},"end":{"line":491,"column":16}}]},"25":{"line":505,"type":"if","locations":[{"start":{"line":505,"column":8},"end":{"line":505,"column":8}},{"start":{"line":505,"column":8},"end":{"line":505,"column":8}}]},"26":{"line":511,"type":"if","locations":[{"start":{"line":511,"column":8},"end":{"line":511,"column":8}},{"start":{"line":511,"column":8},"end":{"line":511,"column":8}}]},"27":{"line":534,"type":"if","locations":[{"start":{"line":534,"column":8},"end":{"line":534,"column":8}},{"start":{"line":534,"column":8},"end":{"line":534,"column":8}}]},"28":{"line":542,"type":"if","locations":[{"start":{"line":542,"column":8},"end":{"line":542,"column":8}},{"start":{"line":542,"column":8},"end":{"line":542,"column":8}}]},"29":{"line":549,"type":"if","locations":[{"start":{"line":549,"column":12},"end":{"line":549,"column":12}},{"start":{"line":549,"column":12},"end":{"line":549,"column":12}}]},"30":{"line":574,"type":"if","locations":[{"start":{"line":574,"column":8},"end":{"line":574,"column":8}},{"start":{"line":574,"column":8},"end":{"line":574,"column":8}}]},"31":{"line":592,"type":"if","locations":[{"start":{"line":592,"column":8},"end":{"line":592,"column":8}},{"start":{"line":592,"column":8},"end":{"line":592,"column":8}}]},"32":{"line":597,"type":"if","locations":[{"start":{"line":597,"column":8},"end":{"line":597,"column":8}},{"start":{"line":597,"column":8},"end":{"line":597,"column":8}}]},"33":{"line":667,"type":"if","locations":[{"start":{"line":667,"column":8},"end":{"line":667,"column":8}},{"start":{"line":667,"column":8},"end":{"line":667,"column":8}}]},"34":{"line":675,"type":"if","locations":[{"start":{"line":675,"column":8},"end":{"line":675,"column":8}},{"start":{"line":675,"column":8},"end":{"line":675,"column":8}}]}}},"contracts/SubscriptionData.sol":{"l":{"93":99,"97":99,"101":98,"105":97,"109":96,"110":96,"111":96,"114":96,"117":96,"118":288,"119":288,"120":288,"121":288,"122":288,"123":288,"124":288,"125":288,"127":96,"128":96,"129":96,"130":96,"131":96,"132":288,"133":288,"134":288,"138":288,"140":96,"144":660,"148":194,"149":194,"150":388,"151":0,"152":0,"155":194,"167":1,"171":1,"172":2,"173":2,"174":2,"175":2,"176":1,"177":1,"179":2,"188":1,"189":1,"191":1,"192":2,"193":2,"194":2,"195":1,"196":1,"197":2,"201":1,"202":1,"203":1,"206":1,"216":0,"217":0,"218":0,"225":1,"226":1,"227":3,"229":1,"235":1,"236":1,"237":3,"239":1,"251":1,"255":1,"259":1,"260":1,"261":1,"262":1,"263":3,"264":3,"265":3,"269":3,"279":1,"283":1,"284":1,"305":33,"306":33,"307":33,"308":33,"313":33,"318":33,"323":33,"327":33,"331":33,"336":33,"337":66,"338":66,"339":66,"340":66,"341":66,"342":66,"351":66,"352":66,"353":66,"354":66,"370":2,"371":2,"374":2,"375":2,"376":2,"377":2,"378":2,"379":2,"380":2,"381":2,"382":2,"383":2,"386":2,"396":0,"404":1,"405":1,"413":0,"417":0,"427":8,"428":8,"429":7,"430":7,"431":7,"432":7,"435":7,"442":7,"443":7,"445":0,"446":0,"449":0,"450":0,"452":7,"457":7,"472":7,"473":7,"474":7,"476":0,"478":7,"488":1,"489":1,"490":1,"491":1,"495":1},"path":"/Users/arome/Downloads/web3/audit/argo-subscription-payments-contract/contracts/SubscriptionData.sol","s":{"1":99,"2":99,"3":98,"4":97,"5":96,"6":96,"7":96,"8":96,"9":96,"10":288,"11":288,"12":288,"13":288,"14":288,"15":288,"16":288,"17":288,"18":96,"19":96,"20":96,"21":96,"22":96,"23":288,"24":288,"25":288,"26":288,"27":96,"28":660,"29":194,"30":194,"31":388,"32":0,"33":194,"34":1,"35":1,"36":2,"37":2,"38":2,"39":2,"40":1,"41":1,"42":2,"43":1,"44":1,"45":1,"46":2,"47":2,"48":2,"49":1,"50":1,"51":2,"52":1,"53":1,"54":1,"55":0,"56":0,"57":0,"58":1,"59":1,"60":3,"61":1,"62":1,"63":1,"64":3,"65":1,"66":1,"67":1,"68":1,"69":1,"70":1,"71":3,"72":3,"73":3,"74":3,"75":1,"76":1,"77":1,"78":33,"79":33,"80":33,"81":33,"82":33,"83":33,"84":33,"85":33,"86":33,"87":33,"88":66,"89":66,"90":66,"91":66,"92":66,"93":66,"94":66,"95":66,"96":66,"97":66,"98":2,"99":2,"100":2,"101":2,"102":2,"103":2,"104":2,"105":2,"106":2,"107":2,"108":2,"109":2,"110":2,"111":0,"112":1,"113":1,"114":0,"115":0,"116":8,"117":8,"118":7,"119":7,"120":7,"121":7,"122":7,"123":7,"124":7,"125":0,"126":0,"127":0,"128":0,"129":7,"130":7,"131":7,"132":7,"133":7,"134":0,"135":0,"136":7,"137":1,"138":1,"139":1,"140":1,"141":1},"b":{"1":[99,0],"2":[98,1],"3":[97,1],"4":[96,1],"5":[96,0],"6":[96,0],"7":[96,0],"8":[96,0],"9":[288,0],"10":[288,0],"11":[96,0],"12":[96,0],"13":[288,0],"14":[288,0],"15":[0,388],"16":[1,0],"17":[1,1],"18":[1,0],"19":[1,0],"20":[1,1],"21":[1,1],"22":[0,0],"23":[1,0],"24":[1,0],"25":[1,0],"26":[1,0],"27":[3,0],"28":[3,0],"29":[1,0],"30":[33,0],"31":[33,0],"32":[33,0],"33":[33,0],"34":[33,0],"35":[33,0],"36":[33,0],"37":[33,0],"38":[33,0],"39":[66,0],"40":[66,0],"41":[66,0],"42":[66,0],"43":[2,0],"44":[2,0],"45":[2,0],"46":[2,0],"47":[2,0],"48":[2,0],"49":[1,0],"50":[0,0],"51":[7,1],"52":[7,0],"53":[7,0],"54":[0,0],"55":[1,0],"56":[1,0],"57":[1,0]},"f":{"1":99,"2":660,"3":194,"4":1,"5":1,"6":0,"7":1,"8":1,"9":1,"10":1,"11":33,"12":2,"13":0,"14":1,"15":0,"16":8,"17":7,"18":1},"fnMap":{"1":{"name":"constructor","line":85,"loc":{"start":{"line":85,"column":4},"end":{"line":141,"column":4}}},"2":{"name":"unsafeInc","line":143,"loc":{"start":{"line":143,"column":4},"end":{"line":145,"column":4}}},"3":{"name":"isIncremental","line":147,"loc":{"start":{"line":147,"column":4},"end":{"line":156,"column":4}}},"4":{"name":"updateParams","line":165,"loc":{"start":{"line":163,"column":4},"end":{"line":181,"column":4}}},"5":{"name":"deleteParams","line":187,"loc":{"start":{"line":187,"column":4},"end":{"line":210,"column":4}}},"6":{"name":"updateEscrow","line":215,"loc":{"start":{"line":215,"column":4},"end":{"line":219,"column":4}}},"7":{"name":"slabs","line":224,"loc":{"start":{"line":224,"column":4},"end":{"line":230,"column":4}}},"8":{"name":"discountPercents","line":234,"loc":{"start":{"line":234,"column":4},"end":{"line":240,"column":4}}},"9":{"name":"updateDiscountSlabs","line":250,"loc":{"start":{"line":247,"column":4},"end":{"line":271,"column":4}}},"10":{"name":"enableDiscounts","line":278,"loc":{"start":{"line":278,"column":4},"end":{"line":285,"column":4}}},"11":{"name":"addNewTokens","line":304,"loc":{"start":{"line":297,"column":4},"end":{"line":363,"column":4}}},"12":{"name":"removeTokens","line":369,"loc":{"start":{"line":369,"column":4},"end":{"line":390,"column":4}}},"13":{"name":"disableDiscounts","line":395,"loc":{"start":{"line":395,"column":4},"end":{"line":397,"column":4}}},"14":{"name":"changeUsdPrecision","line":403,"loc":{"start":{"line":403,"column":4},"end":{"line":406,"column":4}}},"15":{"name":"updateStakedToken","line":412,"loc":{"start":{"line":412,"column":4},"end":{"line":418,"column":4}}},"16":{"name":"getUnderlyingPrice","line":426,"loc":{"start":{"line":426,"column":4},"end":{"line":458,"column":4}}},"17":{"name":"_toPrecision","line":467,"loc":{"start":{"line":467,"column":4},"end":{"line":479,"column":4}}},"18":{"name":"withdrawERC20","line":487,"loc":{"start":{"line":487,"column":4},"end":{"line":496,"column":4}}}},"statementMap":{"1":{"start":{"line":93,"column":8},"end":{"line":93,"column":2923}},"2":{"start":{"line":97,"column":8},"end":{"line":97,"column":3053}},"3":{"start":{"line":101,"column":8},"end":{"line":101,"column":3187}},"4":{"start":{"line":105,"column":8},"end":{"line":105,"column":3332}},"5":{"start":{"line":109,"column":8},"end":{"line":109,"column":78}},"6":{"start":{"line":110,"column":8},"end":{"line":110,"column":74}},"7":{"start":{"line":111,"column":8},"end":{"line":111,"column":3725}},"8":{"start":{"line":114,"column":8},"end":{"line":114,"column":3881}},"9":{"start":{"line":117,"column":8},"end":{"line":117,"column":3984}},"10":{"start":{"line":118,"column":12},"end":{"line":118,"column":94}},"11":{"start":{"line":119,"column":12},"end":{"line":119,"column":90}},"12":{"start":{"line":120,"column":12},"end":{"line":120,"column":43}},"13":{"start":{"line":121,"column":12},"end":{"line":121,"column":38}},"14":{"start":{"line":122,"column":12},"end":{"line":122,"column":34}},"15":{"start":{"line":123,"column":12},"end":{"line":123,"column":39}},"16":{"start":{"line":124,"column":12},"end":{"line":124,"column":28}},"17":{"start":{"line":125,"column":12},"end":{"line":125,"column":51}},"18":{"start":{"line":127,"column":8},"end":{"line":127,"column":41}},"19":{"start":{"line":128,"column":8},"end":{"line":128,"column":23}},"20":{"start":{"line":129,"column":8},"end":{"line":129,"column":104}},"21":{"start":{"line":130,"column":8},"end":{"line":130,"column":107}},"22":{"start":{"line":131,"column":8},"end":{"line":131,"column":4787}},"23":{"start":{"line":132,"column":12},"end":{"line":132,"column":97}},"24":{"start":{"line":133,"column":12},"end":{"line":133,"column":99}},"25":{"start":{"line":134,"column":12},"end":{"line":134,"column":5071}},"26":{"start":{"line":138,"column":12},"end":{"line":138,"column":40}},"27":{"start":{"line":140,"column":8},"end":{"line":140,"column":29}},"28":{"start":{"line":144,"column":20},"end":{"line":144,"column":32}},"29":{"start":{"line":148,"column":8},"end":{"line":148,"column":31}},"30":{"start":{"line":149,"column":8},"end":{"line":149,"column":5556}},"31":{"start":{"line":150,"column":12},"end":{"line":150,"column":5620}},"32":{"start":{"line":151,"column":16},"end":{"line":151,"column":34}},"33":{"start":{"line":155,"column":8},"end":{"line":155,"column":26}},"34":{"start":{"line":167,"column":8},"end":{"line":167,"column":6084}},"35":{"start":{"line":171,"column":8},"end":{"line":171,"column":6215}},"36":{"start":{"line":172,"column":12},"end":{"line":172,"column":43}},"37":{"start":{"line":173,"column":12},"end":{"line":173,"column":38}},"38":{"start":{"line":174,"column":12},"end":{"line":174,"column":34}},"39":{"start":{"line":175,"column":12},"end":{"line":175,"column":6413}},"40":{"start":{"line":176,"column":16},"end":{"line":176,"column":43}},"41":{"start":{"line":177,"column":16},"end":{"line":177,"column":32}},"42":{"start":{"line":179,"column":12},"end":{"line":179,"column":51}},"43":{"start":{"line":188,"column":8},"end":{"line":188,"column":69}},"44":{"start":{"line":189,"column":8},"end":{"line":189,"column":85}},"45":{"start":{"line":191,"column":8},"end":{"line":191,"column":6960}},"46":{"start":{"line":192,"column":12},"end":{"line":192,"column":43}},"47":{"start":{"line":193,"column":12},"end":{"line":193,"column":30}},"48":{"start":{"line":194,"column":12},"end":{"line":194,"column":7114}},"49":{"start":{"line":195,"column":16},"end":{"line":195,"column":44}},"50":{"start":{"line":196,"column":16},"end":{"line":196,"column":7210}},"51":{"start":{"line":197,"column":20},"end":{"line":197,"column":7293}},"52":{"start":{"line":201,"column":24},"end":{"line":201,"column":60}},"53":{"start":{"line":202,"column":24},"end":{"line":202,"column":35}},"54":{"start":{"line":206,"column":16},"end":{"line":206,"column":43}},"55":{"start":{"line":216,"column":8},"end":{"line":216,"column":97}},"56":{"start":{"line":217,"column":8},"end":{"line":217,"column":23}},"57":{"start":{"line":218,"column":8},"end":{"line":218,"column":34}},"58":{"start":{"line":225,"column":8},"end":{"line":225,"column":70}},"59":{"start":{"line":226,"column":8},"end":{"line":226,"column":8230}},"60":{"start":{"line":227,"column":12},"end":{"line":227,"column":46}},"61":{"start":{"line":229,"column":8},"end":{"line":229,"column":21}},"62":{"start":{"line":235,"column":8},"end":{"line":235,"column":72}},"63":{"start":{"line":236,"column":8},"end":{"line":236,"column":8620}},"64":{"start":{"line":237,"column":12},"end":{"line":237,"column":49}},"65":{"start":{"line":239,"column":8},"end":{"line":239,"column":23}},"66":{"start":{"line":251,"column":8},"end":{"line":251,"column":9190}},"67":{"start":{"line":255,"column":8},"end":{"line":255,"column":9374}},"68":{"start":{"line":260,"column":8},"end":{"line":260,"column":104}},"69":{"start":{"line":261,"column":8},"end":{"line":261,"column":107}},"70":{"start":{"line":262,"column":8},"end":{"line":262,"column":9773}},"71":{"start":{"line":263,"column":12},"end":{"line":263,"column":97}},"72":{"start":{"line":264,"column":12},"end":{"line":264,"column":99}},"73":{"start":{"line":265,"column":12},"end":{"line":265,"column":10057}},"74":{"start":{"line":269,"column":12},"end":{"line":269,"column":40}},"75":{"start":{"line":279,"column":8},"end":{"line":279,"column":10405}},"76":{"start":{"line":283,"column":8},"end":{"line":283,"column":30}},"77":{"start":{"line":284,"column":8},"end":{"line":284,"column":35}},"78":{"start":{"line":305,"column":8},"end":{"line":305,"column":75}},"79":{"start":{"line":306,"column":8},"end":{"line":306,"column":73}},"80":{"start":{"line":307,"column":8},"end":{"line":307,"column":77}},"81":{"start":{"line":308,"column":8},"end":{"line":308,"column":11497}},"82":{"start":{"line":313,"column":8},"end":{"line":313,"column":11663}},"83":{"start":{"line":318,"column":8},"end":{"line":318,"column":11831}},"84":{"start":{"line":323,"column":8},"end":{"line":323,"column":12004}},"85":{"start":{"line":327,"column":8},"end":{"line":327,"column":12177}},"86":{"start":{"line":331,"column":8},"end":{"line":331,"column":12356}},"87":{"start":{"line":336,"column":8},"end":{"line":336,"column":12547}},"88":{"start":{"line":337,"column":12},"end":{"line":337,"column":97}},"89":{"start":{"line":338,"column":12},"end":{"line":338,"column":103}},"90":{"start":{"line":339,"column":12},"end":{"line":339,"column":87}},"91":{"start":{"line":340,"column":12},"end":{"line":340,"column":65}},"92":{"start":{"line":341,"column":12},"end":{"line":341,"column":102}},"93":{"start":{"line":342,"column":12},"end":{"line":342,"column":13093}},"94":{"start":{"line":351,"column":12},"end":{"line":351,"column":45}},"95":{"start":{"line":352,"column":12},"end":{"line":352,"column":34}},"96":{"start":{"line":353,"column":12},"end":{"line":353,"column":45}},"97":{"start":{"line":354,"column":12},"end":{"line":354,"column":13504}},"98":{"start":{"line":370,"column":8},"end":{"line":370,"column":77}},"99":{"start":{"line":371,"column":8},"end":{"line":371,"column":84}},"100":{"start":{"line":374,"column":8},"end":{"line":374,"column":14092}},"101":{"start":{"line":375,"column":12},"end":{"line":375,"column":97}},"102":{"start":{"line":376,"column":12},"end":{"line":376,"column":14262}},"103":{"start":{"line":377,"column":16},"end":{"line":377,"column":77}},"104":{"start":{"line":378,"column":16},"end":{"line":378,"column":14399}},"105":{"start":{"line":379,"column":20},"end":{"line":379,"column":14482}},"106":{"start":{"line":380,"column":24},"end":{"line":380,"column":60}},"107":{"start":{"line":381,"column":24},"end":{"line":381,"column":35}},"108":{"start":{"line":382,"column":24},"end":{"line":382,"column":60}},"109":{"start":{"line":383,"column":24},"end":{"line":383,"column":47}},"110":{"start":{"line":386,"column":16},"end":{"line":386,"column":44}},"111":{"start":{"line":396,"column":8},"end":{"line":396,"column":31}},"112":{"start":{"line":404,"column":8},"end":{"line":404,"column":76}},"113":{"start":{"line":405,"column":8},"end":{"line":405,"column":28}},"114":{"start":{"line":413,"column":8},"end":{"line":413,"column":15445}},"115":{"start":{"line":417,"column":8},"end":{"line":417,"column":30}},"116":{"start":{"line":427,"column":8},"end":{"line":427,"column":54}},"117":{"start":{"line":428,"column":8},"end":{"line":428,"column":63}},"118":{"start":{"line":429,"column":8},"end":{"line":429,"column":22}},"119":{"start":{"line":430,"column":8},"end":{"line":430,"column":26}},"120":{"start":{"line":431,"column":8},"end":{"line":431,"column":16114}},"121":{"start":{"line":432,"column":12},"end":{"line":432,"column":16168}},"122":{"start":{"line":435,"column":12},"end":{"line":435,"column":16337}},"123":{"start":{"line":442,"column":12},"end":{"line":442,"column":34}},"124":{"start":{"line":443,"column":12},"end":{"line":443,"column":42}},"125":{"start":{"line":445,"column":12},"end":{"line":445,"column":77}},"126":{"start":{"line":446,"column":12},"end":{"line":446,"column":16715}},"127":{"start":{"line":449,"column":12},"end":{"line":449,"column":25}},"128":{"start":{"line":450,"column":12},"end":{"line":450,"column":33}},"129":{"start":{"line":452,"column":8},"end":{"line":452,"column":16906}},"130":{"start":{"line":457,"column":8},"end":{"line":457,"column":34}},"131":{"start":{"line":472,"column":8},"end":{"line":472,"column":52}},"132":{"start":{"line":473,"column":8},"end":{"line":473,"column":17540}},"133":{"start":{"line":474,"column":12},"end":{"line":474,"column":47}},"134":{"start":{"line":475,"column":15},"end":{"line":475,"column":17630}},"135":{"start":{"line":476,"column":12},"end":{"line":476,"column":52}},"136":{"start":{"line":478,"column":8},"end":{"line":478,"column":16}},"137":{"start":{"line":488,"column":8},"end":{"line":488,"column":95}},"138":{"start":{"line":489,"column":8},"end":{"line":489,"column":54}},"139":{"start":{"line":490,"column":8},"end":{"line":490,"column":37}},"140":{"start":{"line":491,"column":8},"end":{"line":491,"column":18198}},"141":{"start":{"line":495,"column":8},"end":{"line":495,"column":40}}},"branchMap":{"1":{"line":93,"type":"if","locations":[{"start":{"line":93,"column":8},"end":{"line":93,"column":8}},{"start":{"line":93,"column":8},"end":{"line":93,"column":8}}]},"2":{"line":97,"type":"if","locations":[{"start":{"line":97,"column":8},"end":{"line":97,"column":8}},{"start":{"line":97,"column":8},"end":{"line":97,"column":8}}]},"3":{"line":101,"type":"if","locations":[{"start":{"line":101,"column":8},"end":{"line":101,"column":8}},{"start":{"line":101,"column":8},"end":{"line":101,"column":8}}]},"4":{"line":105,"type":"if","locations":[{"start":{"line":105,"column":8},"end":{"line":105,"column":8}},{"start":{"line":105,"column":8},"end":{"line":105,"column":8}}]},"5":{"line":109,"type":"if","locations":[{"start":{"line":109,"column":8},"end":{"line":109,"column":8}},{"start":{"line":109,"column":8},"end":{"line":109,"column":8}}]},"6":{"line":110,"type":"if","locations":[{"start":{"line":110,"column":8},"end":{"line":110,"column":8}},{"start":{"line":110,"column":8},"end":{"line":110,"column":8}}]},"7":{"line":111,"type":"if","locations":[{"start":{"line":111,"column":8},"end":{"line":111,"column":8}},{"start":{"line":111,"column":8},"end":{"line":111,"column":8}}]},"8":{"line":114,"type":"if","locations":[{"start":{"line":114,"column":8},"end":{"line":114,"column":8}},{"start":{"line":114,"column":8},"end":{"line":114,"column":8}}]},"9":{"line":118,"type":"if","locations":[{"start":{"line":118,"column":12},"end":{"line":118,"column":12}},{"start":{"line":118,"column":12},"end":{"line":118,"column":12}}]},"10":{"line":119,"type":"if","locations":[{"start":{"line":119,"column":12},"end":{"line":119,"column":12}},{"start":{"line":119,"column":12},"end":{"line":119,"column":12}}]},"11":{"line":129,"type":"if","locations":[{"start":{"line":129,"column":8},"end":{"line":129,"column":8}},{"start":{"line":129,"column":8},"end":{"line":129,"column":8}}]},"12":{"line":130,"type":"if","locations":[{"start":{"line":130,"column":8},"end":{"line":130,"column":8}},{"start":{"line":130,"column":8},"end":{"line":130,"column":8}}]},"13":{"line":132,"type":"if","locations":[{"start":{"line":132,"column":12},"end":{"line":132,"column":12}},{"start":{"line":132,"column":12},"end":{"line":132,"column":12}}]},"14":{"line":133,"type":"if","locations":[{"start":{"line":133,"column":12},"end":{"line":133,"column":12}},{"start":{"line":133,"column":12},"end":{"line":133,"column":12}}]},"15":{"line":150,"type":"if","locations":[{"start":{"line":150,"column":12},"end":{"line":150,"column":12}},{"start":{"line":150,"column":12},"end":{"line":150,"column":12}}]},"16":{"line":167,"type":"if","locations":[{"start":{"line":167,"column":8},"end":{"line":167,"column":8}},{"start":{"line":167,"column":8},"end":{"line":167,"column":8}}]},"17":{"line":175,"type":"if","locations":[{"start":{"line":175,"column":12},"end":{"line":175,"column":12}},{"start":{"line":175,"column":12},"end":{"line":175,"column":12}}]},"18":{"line":188,"type":"if","locations":[{"start":{"line":188,"column":8},"end":{"line":188,"column":8}},{"start":{"line":188,"column":8},"end":{"line":188,"column":8}}]},"19":{"line":189,"type":"if","locations":[{"start":{"line":189,"column":8},"end":{"line":189,"column":8}},{"start":{"line":189,"column":8},"end":{"line":189,"column":8}}]},"20":{"line":194,"type":"if","locations":[{"start":{"line":194,"column":12},"end":{"line":194,"column":12}},{"start":{"line":194,"column":12},"end":{"line":194,"column":12}}]},"21":{"line":197,"type":"if","locations":[{"start":{"line":197,"column":20},"end":{"line":197,"column":20}},{"start":{"line":197,"column":20},"end":{"line":197,"column":20}}]},"22":{"line":216,"type":"if","locations":[{"start":{"line":216,"column":8},"end":{"line":216,"column":8}},{"start":{"line":216,"column":8},"end":{"line":216,"column":8}}]},"23":{"line":251,"type":"if","locations":[{"start":{"line":251,"column":8},"end":{"line":251,"column":8}},{"start":{"line":251,"column":8},"end":{"line":251,"column":8}}]},"24":{"line":255,"type":"if","locations":[{"start":{"line":255,"column":8},"end":{"line":255,"column":8}},{"start":{"line":255,"column":8},"end":{"line":255,"column":8}}]},"25":{"line":260,"type":"if","locations":[{"start":{"line":260,"column":8},"end":{"line":260,"column":8}},{"start":{"line":260,"column":8},"end":{"line":260,"column":8}}]},"26":{"line":261,"type":"if","locations":[{"start":{"line":261,"column":8},"end":{"line":261,"column":8}},{"start":{"line":261,"column":8},"end":{"line":261,"column":8}}]},"27":{"line":263,"type":"if","locations":[{"start":{"line":263,"column":12},"end":{"line":263,"column":12}},{"start":{"line":263,"column":12},"end":{"line":263,"column":12}}]},"28":{"line":264,"type":"if","locations":[{"start":{"line":264,"column":12},"end":{"line":264,"column":12}},{"start":{"line":264,"column":12},"end":{"line":264,"column":12}}]},"29":{"line":279,"type":"if","locations":[{"start":{"line":279,"column":8},"end":{"line":279,"column":8}},{"start":{"line":279,"column":8},"end":{"line":279,"column":8}}]},"30":{"line":305,"type":"if","locations":[{"start":{"line":305,"column":8},"end":{"line":305,"column":8}},{"start":{"line":305,"column":8},"end":{"line":305,"column":8}}]},"31":{"line":306,"type":"if","locations":[{"start":{"line":306,"column":8},"end":{"line":306,"column":8}},{"start":{"line":306,"column":8},"end":{"line":306,"column":8}}]},"32":{"line":307,"type":"if","locations":[{"start":{"line":307,"column":8},"end":{"line":307,"column":8}},{"start":{"line":307,"column":8},"end":{"line":307,"column":8}}]},"33":{"line":308,"type":"if","locations":[{"start":{"line":308,"column":8},"end":{"line":308,"column":8}},{"start":{"line":308,"column":8},"end":{"line":308,"column":8}}]},"34":{"line":313,"type":"if","locations":[{"start":{"line":313,"column":8},"end":{"line":313,"column":8}},{"start":{"line":313,"column":8},"end":{"line":313,"column":8}}]},"35":{"line":318,"type":"if","locations":[{"start":{"line":318,"column":8},"end":{"line":318,"column":8}},{"start":{"line":318,"column":8},"end":{"line":318,"column":8}}]},"36":{"line":323,"type":"if","locations":[{"start":{"line":323,"column":8},"end":{"line":323,"column":8}},{"start":{"line":323,"column":8},"end":{"line":323,"column":8}}]},"37":{"line":327,"type":"if","locations":[{"start":{"line":327,"column":8},"end":{"line":327,"column":8}},{"start":{"line":327,"column":8},"end":{"line":327,"column":8}}]},"38":{"line":331,"type":"if","locations":[{"start":{"line":331,"column":8},"end":{"line":331,"column":8}},{"start":{"line":331,"column":8},"end":{"line":331,"column":8}}]},"39":{"line":337,"type":"if","locations":[{"start":{"line":337,"column":12},"end":{"line":337,"column":12}},{"start":{"line":337,"column":12},"end":{"line":337,"column":12}}]},"40":{"line":338,"type":"if","locations":[{"start":{"line":338,"column":12},"end":{"line":338,"column":12}},{"start":{"line":338,"column":12},"end":{"line":338,"column":12}}]},"41":{"line":339,"type":"if","locations":[{"start":{"line":339,"column":12},"end":{"line":339,"column":12}},{"start":{"line":339,"column":12},"end":{"line":339,"column":12}}]},"42":{"line":341,"type":"if","locations":[{"start":{"line":341,"column":12},"end":{"line":341,"column":12}},{"start":{"line":341,"column":12},"end":{"line":341,"column":12}}]},"43":{"line":370,"type":"if","locations":[{"start":{"line":370,"column":8},"end":{"line":370,"column":8}},{"start":{"line":370,"column":8},"end":{"line":370,"column":8}}]},"44":{"line":371,"type":"if","locations":[{"start":{"line":371,"column":8},"end":{"line":371,"column":8}},{"start":{"line":371,"column":8},"end":{"line":371,"column":8}}]},"45":{"line":375,"type":"if","locations":[{"start":{"line":375,"column":12},"end":{"line":375,"column":12}},{"start":{"line":375,"column":12},"end":{"line":375,"column":12}}]},"46":{"line":376,"type":"if","locations":[{"start":{"line":376,"column":12},"end":{"line":376,"column":12}},{"start":{"line":376,"column":12},"end":{"line":376,"column":12}}]},"47":{"line":377,"type":"if","locations":[{"start":{"line":377,"column":16},"end":{"line":377,"column":16}},{"start":{"line":377,"column":16},"end":{"line":377,"column":16}}]},"48":{"line":379,"type":"if","locations":[{"start":{"line":379,"column":20},"end":{"line":379,"column":20}},{"start":{"line":379,"column":20},"end":{"line":379,"column":20}}]},"49":{"line":404,"type":"if","locations":[{"start":{"line":404,"column":8},"end":{"line":404,"column":8}},{"start":{"line":404,"column":8},"end":{"line":404,"column":8}}]},"50":{"line":413,"type":"if","locations":[{"start":{"line":413,"column":8},"end":{"line":413,"column":8}},{"start":{"line":413,"column":8},"end":{"line":413,"column":8}}]},"51":{"line":428,"type":"if","locations":[{"start":{"line":428,"column":8},"end":{"line":428,"column":8}},{"start":{"line":428,"column":8},"end":{"line":428,"column":8}}]},"52":{"line":431,"type":"if","locations":[{"start":{"line":431,"column":8},"end":{"line":431,"column":8}},{"start":{"line":431,"column":8},"end":{"line":431,"column":8}}]},"53":{"line":473,"type":"if","locations":[{"start":{"line":473,"column":8},"end":{"line":473,"column":8}},{"start":{"line":473,"column":8},"end":{"line":473,"column":8}}]},"54":{"line":475,"type":"if","locations":[{"start":{"line":475,"column":15},"end":{"line":475,"column":15}},{"start":{"line":475,"column":15},"end":{"line":475,"column":15}}]},"55":{"line":488,"type":"if","locations":[{"start":{"line":488,"column":8},"end":{"line":488,"column":8}},{"start":{"line":488,"column":8},"end":{"line":488,"column":8}}]},"56":{"line":489,"type":"if","locations":[{"start":{"line":489,"column":8},"end":{"line":489,"column":8}},{"start":{"line":489,"column":8},"end":{"line":489,"column":8}}]},"57":{"line":491,"type":"if","locations":[{"start":{"line":491,"column":8},"end":{"line":491,"column":8}},{"start":{"line":491,"column":8},"end":{"line":491,"column":8}}]}}},"contracts/SubscriptionDePay.sol":{"l":{"59":51,"63":51,"67":51,"71":51,"72":51,"73":51,"86":10,"87":10,"91":8,"98":1,"102":1,"109":9,"116":1,"120":1,"121":1,"128":1,"132":1,"133":1,"139":1,"143":1,"146":1,"147":1,"148":1,"157":9,"158":9,"162":9,"166":9,"167":9,"171":9,"172":9,"173":9,"174":9,"175":9,"176":9,"177":9,"178":9,"186":2,"187":2,"191":2,"195":2,"196":2,"200":2,"201":2,"202":2,"203":2,"212":1,"216":1,"220":1,"224":1,"225":1,"229":1,"230":1,"231":1,"247":3,"248":3,"249":3,"252":3,"255":3,"259":3,"264":3,"266":3,"267":9,"269":3,"270":3,"271":3,"275":3,"276":3,"277":3,"278":3,"346":1,"347":1,"354":1,"355":1,"362":1,"366":1,"367":1,"380":3,"381":0,"382":0,"386":0,"387":0,"388":0,"389":0,"390":0,"391":0,"392":0,"394":0,"397":0,"410":3,"411":3,"412":3,"413":3,"417":3,"418":3,"433":3,"434":3,"435":3,"437":0,"439":3,"447":2,"453":1,"459":1,"465":2,"469":66,"473":0,"476":0},"path":"/Users/arome/Downloads/web3/audit/argo-subscription-payments-contract/contracts/SubscriptionDePay.sol","s":{"1":51,"2":51,"3":51,"4":51,"5":51,"6":51,"7":10,"8":10,"9":1,"10":9,"11":1,"12":1,"13":1,"14":1,"15":1,"16":1,"17":1,"18":1,"19":1,"20":1,"21":1,"22":9,"23":9,"24":9,"25":9,"26":9,"27":9,"28":9,"29":9,"30":9,"31":9,"32":9,"33":9,"34":9,"35":2,"36":2,"37":2,"38":2,"39":2,"40":2,"41":2,"42":2,"43":2,"44":1,"45":1,"46":1,"47":1,"48":1,"49":1,"50":1,"51":1,"52":3,"53":3,"54":3,"55":3,"56":3,"57":3,"58":3,"59":3,"60":9,"61":3,"62":3,"63":3,"64":3,"65":3,"66":3,"67":3,"68":1,"69":1,"70":1,"71":1,"72":1,"73":1,"74":1,"75":3,"76":3,"77":0,"78":0,"79":0,"80":0,"81":0,"82":0,"83":0,"84":0,"85":0,"86":0,"87":3,"88":3,"89":3,"90":3,"91":3,"92":3,"93":3,"94":3,"95":3,"96":0,"97":0,"98":3,"99":2,"100":1,"101":1,"102":2,"103":66,"104":0,"105":0},"b":{"1":[51,0],"2":[51,0],"3":[51,0],"4":[8,2],"5":[1,0],"6":[1,0],"7":[1,0],"8":[1,0],"9":[1,0],"10":[9,0],"11":[9,0],"12":[9,0],"13":[9,0],"14":[2,0],"15":[2,0],"16":[2,0],"17":[2,0],"18":[1,0],"19":[1,0],"20":[1,0],"21":[1,0],"22":[3,0],"23":[3,0],"24":[3,0],"25":[3,0],"26":[3,0],"27":[3,0],"28":[3,0],"29":[1,0],"30":[3,0],"31":[0,0],"32":[3,0],"33":[3,0],"34":[0,0]},"f":{"1":51,"2":10,"3":1,"4":9,"5":1,"6":1,"7":1,"8":9,"9":2,"10":1,"11":3,"12":1,"13":1,"14":1,"15":3,"16":3,"17":3,"18":2,"19":1,"20":1,"21":2,"22":66,"23":0,"24":0},"fnMap":{"1":{"name":"constructor","line":58,"loc":{"start":{"line":58,"column":4},"end":{"line":75,"column":4}}},"2":{"name":"onlyOwnerOrManager","line":85,"loc":{"start":{"line":85,"column":4},"end":{"line":92,"column":4}}},"3":{"name":"onlyCompany","line":97,"loc":{"start":{"line":97,"column":4},"end":{"line":103,"column":4}}},"4":{"name":"unsafeInc","line":108,"loc":{"start":{"line":108,"column":4},"end":{"line":110,"column":4}}},"5":{"name":"setTreasury","line":115,"loc":{"start":{"line":115,"column":4},"end":{"line":122,"column":4}}},"6":{"name":"setCompany","line":127,"loc":{"start":{"line":127,"column":4},"end":{"line":134,"column":4}}},"7":{"name":"approveSetCompany","line":138,"loc":{"start":{"line":138,"column":4},"end":{"line":149,"column":4}}},"8":{"name":"userDeposit","line":156,"loc":{"start":{"line":156,"column":4},"end":{"line":179,"column":4}}},"9":{"name":"userWithdraw","line":185,"loc":{"start":{"line":185,"column":4},"end":{"line":204,"column":4}}},"10":{"name":"companyWithdraw","line":211,"loc":{"start":{"line":211,"column":4},"end":{"line":232,"column":4}}},"11":{"name":"chargeUser","line":246,"loc":{"start":{"line":241,"column":4},"end":{"line":279,"column":4}}},"12":{"name":"changeDepositStatus","line":345,"loc":{"start":{"line":345,"column":4},"end":{"line":348,"column":4}}},"13":{"name":"changeWithdrawalStatus","line":353,"loc":{"start":{"line":353,"column":4},"end":{"line":356,"column":4}}},"14":{"name":"updateDataContract","line":361,"loc":{"start":{"line":361,"column":4},"end":{"line":368,"column":4}}},"15":{"name":"_calculateDiscount","line":375,"loc":{"start":{"line":375,"column":4},"end":{"line":398,"column":4}}},"16":{"name":"_calculatePriceInToken","line":406,"loc":{"start":{"line":406,"column":4},"end":{"line":419,"column":4}}},"17":{"name":"_toPrecision","line":428,"loc":{"start":{"line":428,"column":4},"end":{"line":440,"column":4}}},"18":{"name":"getUserData","line":446,"loc":{"start":{"line":446,"column":4},"end":{"line":448,"column":4}}},"19":{"name":"getTotalDeposit","line":452,"loc":{"start":{"line":452,"column":4},"end":{"line":454,"column":4}}},"20":{"name":"getTotalWithdraws","line":458,"loc":{"start":{"line":458,"column":4},"end":{"line":460,"column":4}}},"21":{"name":"getTotalCharges","line":464,"loc":{"start":{"line":464,"column":4},"end":{"line":466,"column":4}}},"22":{"name":"_msgSender","line":467,"loc":{"start":{"line":467,"column":4},"end":{"line":470,"column":4}}},"23":{"name":"_msgData","line":471,"loc":{"start":{"line":471,"column":4},"end":{"line":474,"column":4}}},"24":{"name":"setTrustedForwarder","line":475,"loc":{"start":{"line":475,"column":4},"end":{"line":477,"column":4}}}},"statementMap":{"1":{"start":{"line":59,"column":8},"end":{"line":59,"column":2388}},"2":{"start":{"line":63,"column":8},"end":{"line":63,"column":2525}},"3":{"start":{"line":67,"column":8},"end":{"line":67,"column":2660}},"4":{"start":{"line":71,"column":8},"end":{"line":71,"column":50}},"5":{"start":{"line":72,"column":8},"end":{"line":72,"column":27}},"6":{"start":{"line":73,"column":8},"end":{"line":73,"column":25}},"7":{"start":{"line":86,"column":8},"end":{"line":86,"column":65}},"8":{"start":{"line":87,"column":8},"end":{"line":87,"column":3616}},"9":{"start":{"line":98,"column":8},"end":{"line":98,"column":3833}},"10":{"start":{"line":109,"column":20},"end":{"line":109,"column":32}},"11":{"start":{"line":116,"column":8},"end":{"line":116,"column":4403}},"12":{"start":{"line":120,"column":8},"end":{"line":120,"column":27}},"13":{"start":{"line":121,"column":8},"end":{"line":121,"column":34}},"14":{"start":{"line":128,"column":8},"end":{"line":128,"column":4774}},"15":{"start":{"line":132,"column":8},"end":{"line":132,"column":32}},"16":{"start":{"line":133,"column":8},"end":{"line":133,"column":46}},"17":{"start":{"line":139,"column":8},"end":{"line":139,"column":5147}},"18":{"start":{"line":143,"column":8},"end":{"line":143,"column":5294}},"19":{"start":{"line":146,"column":8},"end":{"line":146,"column":31}},"20":{"start":{"line":147,"column":8},"end":{"line":147,"column":34}},"21":{"start":{"line":148,"column":8},"end":{"line":148,"column":32}},"22":{"start":{"line":157,"column":8},"end":{"line":157,"column":50}},"23":{"start":{"line":158,"column":8},"end":{"line":158,"column":5833}},"24":{"start":{"line":162,"column":8},"end":{"line":162,"column":5977}},"25":{"start":{"line":166,"column":8},"end":{"line":166,"column":37}},"26":{"start":{"line":167,"column":8},"end":{"line":167,"column":6146}},"27":{"start":{"line":171,"column":8},"end":{"line":171,"column":53}},"28":{"start":{"line":172,"column":8},"end":{"line":172,"column":62}},"29":{"start":{"line":173,"column":8},"end":{"line":173,"column":54}},"30":{"start":{"line":174,"column":8},"end":{"line":174,"column":49}},"31":{"start":{"line":175,"column":8},"end":{"line":175,"column":37}},"32":{"start":{"line":176,"column":8},"end":{"line":176,"column":55}},"33":{"start":{"line":177,"column":8},"end":{"line":177,"column":55}},"34":{"start":{"line":178,"column":8},"end":{"line":178,"column":54}},"35":{"start":{"line":186,"column":8},"end":{"line":186,"column":56}},"36":{"start":{"line":187,"column":8},"end":{"line":187,"column":7090}},"37":{"start":{"line":191,"column":8},"end":{"line":191,"column":7219}},"38":{"start":{"line":195,"column":8},"end":{"line":195,"column":37}},"39":{"start":{"line":196,"column":8},"end":{"line":196,"column":7442}},"40":{"start":{"line":200,"column":8},"end":{"line":200,"column":56}},"41":{"start":{"line":201,"column":8},"end":{"line":201,"column":40}},"42":{"start":{"line":202,"column":8},"end":{"line":202,"column":62}},"43":{"start":{"line":203,"column":8},"end":{"line":203,"column":56}},"44":{"start":{"line":212,"column":8},"end":{"line":212,"column":8119}},"45":{"start":{"line":216,"column":8},"end":{"line":216,"column":8223}},"46":{"start":{"line":220,"column":8},"end":{"line":220,"column":8340}},"47":{"start":{"line":224,"column":8},"end":{"line":224,"column":37}},"48":{"start":{"line":225,"column":8},"end":{"line":225,"column":8551}},"49":{"start":{"line":229,"column":8},"end":{"line":229,"column":40}},"50":{"start":{"line":230,"column":8},"end":{"line":230,"column":57}},"51":{"start":{"line":231,"column":8},"end":{"line":231,"column":56}},"52":{"start":{"line":247,"column":8},"end":{"line":247,"column":88}},"53":{"start":{"line":248,"column":8},"end":{"line":248,"column":90}},"54":{"start":{"line":249,"column":8},"end":{"line":249,"column":9487}},"55":{"start":{"line":252,"column":8},"end":{"line":252,"column":9592}},"56":{"start":{"line":255,"column":8},"end":{"line":255,"column":9693}},"57":{"start":{"line":259,"column":8},"end":{"line":259,"column":9838}},"58":{"start":{"line":264,"column":8},"end":{"line":264,"column":23}},"59":{"start":{"line":266,"column":8},"end":{"line":266,"column":10009}},"60":{"start":{"line":267,"column":12},"end":{"line":267,"column":73}},"61":{"start":{"line":269,"column":8},"end":{"line":269,"column":68}},"62":{"start":{"line":270,"column":8},"end":{"line":270,"column":74}},"63":{"start":{"line":271,"column":8},"end":{"line":271,"column":10313}},"64":{"start":{"line":275,"column":8},"end":{"line":275,"column":52}},"65":{"start":{"line":276,"column":8},"end":{"line":276,"column":41}},"66":{"start":{"line":277,"column":8},"end":{"line":277,"column":43}},"67":{"start":{"line":278,"column":8},"end":{"line":278,"column":51}},"68":{"start":{"line":346,"column":8},"end":{"line":346,"column":35}},"69":{"start":{"line":347,"column":8},"end":{"line":347,"column":47}},"70":{"start":{"line":354,"column":8},"end":{"line":354,"column":41}},"71":{"start":{"line":355,"column":8},"end":{"line":355,"column":53}},"72":{"start":{"line":362,"column":8},"end":{"line":362,"column":13673}},"73":{"start":{"line":366,"column":8},"end":{"line":366,"column":46}},"74":{"start":{"line":367,"column":8},"end":{"line":367,"column":35}},"75":{"start":{"line":380,"column":8},"end":{"line":380,"column":58}},"76":{"start":{"line":380,"column":50},"end":{"line":380,"column":58}},"77":{"start":{"line":381,"column":8},"end":{"line":381,"column":77}},"78":{"start":{"line":382,"column":8},"end":{"line":382,"column":14357}},"79":{"start":{"line":386,"column":8},"end":{"line":386,"column":65}},"80":{"start":{"line":387,"column":8},"end":{"line":387,"column":79}},"81":{"start":{"line":388,"column":8},"end":{"line":388,"column":45}},"82":{"start":{"line":389,"column":8},"end":{"line":389,"column":27}},"83":{"start":{"line":390,"column":8},"end":{"line":390,"column":14708}},"84":{"start":{"line":391,"column":12},"end":{"line":391,"column":14776}},"85":{"start":{"line":392,"column":16},"end":{"line":392,"column":44}},"86":{"start":{"line":397,"column":8},"end":{"line":397,"column":50}},"87":{"start":{"line":410,"column":8},"end":{"line":410,"column":75}},"88":{"start":{"line":411,"column":8},"end":{"line":411,"column":40}},"89":{"start":{"line":412,"column":8},"end":{"line":412,"column":74}},"90":{"start":{"line":413,"column":8},"end":{"line":413,"column":15501}},"91":{"start":{"line":417,"column":8},"end":{"line":417,"column":122}},"92":{"start":{"line":418,"column":8},"end":{"line":418,"column":48}},"93":{"start":{"line":433,"column":8},"end":{"line":433,"column":52}},"94":{"start":{"line":434,"column":8},"end":{"line":434,"column":16203}},"95":{"start":{"line":435,"column":12},"end":{"line":435,"column":47}},"96":{"start":{"line":436,"column":15},"end":{"line":436,"column":16293}},"97":{"start":{"line":437,"column":12},"end":{"line":437,"column":52}},"98":{"start":{"line":439,"column":8},"end":{"line":439,"column":16}},"99":{"start":{"line":447,"column":8},"end":{"line":447,"column":38}},"100":{"start":{"line":453,"column":8},"end":{"line":453,"column":30}},"101":{"start":{"line":459,"column":8},"end":{"line":459,"column":32}},"102":{"start":{"line":465,"column":8},"end":{"line":465,"column":30}},"103":{"start":{"line":469,"column":6},"end":{"line":469,"column":41}},"104":{"start":{"line":473,"column":6},"end":{"line":473,"column":38}},"105":{"start":{"line":476,"column":8},"end":{"line":476,"column":53}}},"branchMap":{"1":{"line":59,"type":"if","locations":[{"start":{"line":59,"column":8},"end":{"line":59,"column":8}},{"start":{"line":59,"column":8},"end":{"line":59,"column":8}}]},"2":{"line":63,"type":"if","locations":[{"start":{"line":63,"column":8},"end":{"line":63,"column":8}},{"start":{"line":63,"column":8},"end":{"line":63,"column":8}}]},"3":{"line":67,"type":"if","locations":[{"start":{"line":67,"column":8},"end":{"line":67,"column":8}},{"start":{"line":67,"column":8},"end":{"line":67,"column":8}}]},"4":{"line":87,"type":"if","locations":[{"start":{"line":87,"column":8},"end":{"line":87,"column":8}},{"start":{"line":87,"column":8},"end":{"line":87,"column":8}}]},"5":{"line":98,"type":"if","locations":[{"start":{"line":98,"column":8},"end":{"line":98,"column":8}},{"start":{"line":98,"column":8},"end":{"line":98,"column":8}}]},"6":{"line":116,"type":"if","locations":[{"start":{"line":116,"column":8},"end":{"line":116,"column":8}},{"start":{"line":116,"column":8},"end":{"line":116,"column":8}}]},"7":{"line":128,"type":"if","locations":[{"start":{"line":128,"column":8},"end":{"line":128,"column":8}},{"start":{"line":128,"column":8},"end":{"line":128,"column":8}}]},"8":{"line":139,"type":"if","locations":[{"start":{"line":139,"column":8},"end":{"line":139,"column":8}},{"start":{"line":139,"column":8},"end":{"line":139,"column":8}}]},"9":{"line":143,"type":"if","locations":[{"start":{"line":143,"column":8},"end":{"line":143,"column":8}},{"start":{"line":143,"column":8},"end":{"line":143,"column":8}}]},"10":{"line":157,"type":"if","locations":[{"start":{"line":157,"column":8},"end":{"line":157,"column":8}},{"start":{"line":157,"column":8},"end":{"line":157,"column":8}}]},"11":{"line":158,"type":"if","locations":[{"start":{"line":158,"column":8},"end":{"line":158,"column":8}},{"start":{"line":158,"column":8},"end":{"line":158,"column":8}}]},"12":{"line":162,"type":"if","locations":[{"start":{"line":162,"column":8},"end":{"line":162,"column":8}},{"start":{"line":162,"column":8},"end":{"line":162,"column":8}}]},"13":{"line":167,"type":"if","locations":[{"start":{"line":167,"column":8},"end":{"line":167,"column":8}},{"start":{"line":167,"column":8},"end":{"line":167,"column":8}}]},"14":{"line":186,"type":"if","locations":[{"start":{"line":186,"column":8},"end":{"line":186,"column":8}},{"start":{"line":186,"column":8},"end":{"line":186,"column":8}}]},"15":{"line":187,"type":"if","locations":[{"start":{"line":187,"column":8},"end":{"line":187,"column":8}},{"start":{"line":187,"column":8},"end":{"line":187,"column":8}}]},"16":{"line":191,"type":"if","locations":[{"start":{"line":191,"column":8},"end":{"line":191,"column":8}},{"start":{"line":191,"column":8},"end":{"line":191,"column":8}}]},"17":{"line":196,"type":"if","locations":[{"start":{"line":196,"column":8},"end":{"line":196,"column":8}},{"start":{"line":196,"column":8},"end":{"line":196,"column":8}}]},"18":{"line":212,"type":"if","locations":[{"start":{"line":212,"column":8},"end":{"line":212,"column":8}},{"start":{"line":212,"column":8},"end":{"line":212,"column":8}}]},"19":{"line":216,"type":"if","locations":[{"start":{"line":216,"column":8},"end":{"line":216,"column":8}},{"start":{"line":216,"column":8},"end":{"line":216,"column":8}}]},"20":{"line":220,"type":"if","locations":[{"start":{"line":220,"column":8},"end":{"line":220,"column":8}},{"start":{"line":220,"column":8},"end":{"line":220,"column":8}}]},"21":{"line":225,"type":"if","locations":[{"start":{"line":225,"column":8},"end":{"line":225,"column":8}},{"start":{"line":225,"column":8},"end":{"line":225,"column":8}}]},"22":{"line":247,"type":"if","locations":[{"start":{"line":247,"column":8},"end":{"line":247,"column":8}},{"start":{"line":247,"column":8},"end":{"line":247,"column":8}}]},"23":{"line":248,"type":"if","locations":[{"start":{"line":248,"column":8},"end":{"line":248,"column":8}},{"start":{"line":248,"column":8},"end":{"line":248,"column":8}}]},"24":{"line":249,"type":"if","locations":[{"start":{"line":249,"column":8},"end":{"line":249,"column":8}},{"start":{"line":249,"column":8},"end":{"line":249,"column":8}}]},"25":{"line":252,"type":"if","locations":[{"start":{"line":252,"column":8},"end":{"line":252,"column":8}},{"start":{"line":252,"column":8},"end":{"line":252,"column":8}}]},"26":{"line":255,"type":"if","locations":[{"start":{"line":255,"column":8},"end":{"line":255,"column":8}},{"start":{"line":255,"column":8},"end":{"line":255,"column":8}}]},"27":{"line":259,"type":"if","locations":[{"start":{"line":259,"column":8},"end":{"line":259,"column":8}},{"start":{"line":259,"column":8},"end":{"line":259,"column":8}}]},"28":{"line":271,"type":"if","locations":[{"start":{"line":271,"column":8},"end":{"line":271,"column":8}},{"start":{"line":271,"column":8},"end":{"line":271,"column":8}}]},"29":{"line":362,"type":"if","locations":[{"start":{"line":362,"column":8},"end":{"line":362,"column":8}},{"start":{"line":362,"column":8},"end":{"line":362,"column":8}}]},"30":{"line":380,"type":"if","locations":[{"start":{"line":380,"column":8},"end":{"line":380,"column":8}},{"start":{"line":380,"column":8},"end":{"line":380,"column":8}}]},"31":{"line":391,"type":"if","locations":[{"start":{"line":391,"column":12},"end":{"line":391,"column":12}},{"start":{"line":391,"column":12},"end":{"line":391,"column":12}}]},"32":{"line":417,"type":"if","locations":[{"start":{"line":417,"column":8},"end":{"line":417,"column":8}},{"start":{"line":417,"column":8},"end":{"line":417,"column":8}}]},"33":{"line":434,"type":"if","locations":[{"start":{"line":434,"column":8},"end":{"line":434,"column":8}},{"start":{"line":434,"column":8},"end":{"line":434,"column":8}}]},"34":{"line":436,"type":"if","locations":[{"start":{"line":436,"column":15},"end":{"line":436,"column":15}},{"start":{"line":436,"column":15},"end":{"line":436,"column":15}}]}}},"contracts/SubscriptionPayments.sol":{"l":{"21":0,"22":0,"23":0,"27":0,"35":0,"39":0,"44":0,"60":0,"64":0,"69":0,"71":0,"72":0,"74":0,"75":0,"77":0,"78":0,"82":0,"86":0,"87":0,"99":0,"108":0,"109":0,"110":0,"114":0,"127":0,"128":0,"129":0,"133":0,"134":0,"135":0,"136":0,"137":0,"138":0,"139":0,"141":0,"144":0,"152":0,"156":0,"171":0,"172":0,"173":0,"175":0,"177":0,"186":0,"187":0,"188":0,"192":0},"path":"/Users/arome/Downloads/web3/audit/argo-subscription-payments-contract/contracts/SubscriptionPayments.sol","s":{"1":0,"2":0,"3":0,"4":0,"5":0,"6":0,"7":0,"8":0,"9":0,"10":0,"11":0,"12":0,"13":0,"14":0,"15":0,"16":0,"17":0,"18":0,"19":0,"20":0,"21":0,"22":0,"23":0,"24":0,"25":0,"26":0,"27":0,"28":0,"29":0,"30":0,"31":0,"32":0,"33":0,"34":0,"35":0,"36":0,"37":0,"38":0,"39":0,"40":0,"41":0,"42":0,"43":0,"44":0,"45":0,"46":0,"47":0},"b":{"1":[0,0],"2":[0,0],"3":[0,0],"4":[0,0],"5":[0,0],"6":[0,0],"7":[0,0],"8":[0,0],"9":[0,0],"10":[0,0],"11":[0,0],"12":[0,0],"13":[0,0]},"f":{"1":0,"2":0,"3":0,"4":0,"5":0,"6":0,"7":0,"8":0,"9":0},"fnMap":{"1":{"name":"onlyManager","line":20,"loc":{"start":{"line":20,"column":4},"end":{"line":28,"column":4}}},"2":{"name":"constructor","line":34,"loc":{"start":{"line":34,"column":4},"end":{"line":40,"column":4}}},"3":{"name":"unsafeInc","line":43,"loc":{"start":{"line":43,"column":4},"end":{"line":45,"column":4}}},"4":{"name":"chargeUser","line":59,"loc":{"start":{"line":54,"column":4},"end":{"line":88,"column":4}}},"5":{"name":"_calculatePriceInToken","line":95,"loc":{"start":{"line":95,"column":4},"end":{"line":115,"column":4}}},"6":{"name":"_calculateDiscount","line":122,"loc":{"start":{"line":122,"column":4},"end":{"line":145,"column":4}}},"7":{"name":"updateDataContract","line":151,"loc":{"start":{"line":151,"column":4},"end":{"line":157,"column":4}}},"8":{"name":"_toPrecision","line":166,"loc":{"start":{"line":166,"column":4},"end":{"line":178,"column":4}}},"9":{"name":"withdrawERC20","line":185,"loc":{"start":{"line":185,"column":4},"end":{"line":193,"column":4}}}},"statementMap":{"1":{"start":{"line":21,"column":8},"end":{"line":21,"column":70}},"2":{"start":{"line":22,"column":8},"end":{"line":22,"column":31}},"3":{"start":{"line":23,"column":8},"end":{"line":23,"column":740}},"4":{"start":{"line":35,"column":8},"end":{"line":35,"column":1022}},"5":{"start":{"line":39,"column":8},"end":{"line":39,"column":46}},"6":{"start":{"line":44,"column":20},"end":{"line":44,"column":32}},"7":{"start":{"line":60,"column":8},"end":{"line":60,"column":1763}},"8":{"start":{"line":64,"column":8},"end":{"line":64,"column":1885}},"9":{"start":{"line":69,"column":8},"end":{"line":69,"column":23}},"10":{"start":{"line":71,"column":8},"end":{"line":71,"column":2044}},"11":{"start":{"line":72,"column":12},"end":{"line":72,"column":57}},"12":{"start":{"line":74,"column":8},"end":{"line":74,"column":59}},"13":{"start":{"line":75,"column":8},"end":{"line":75,"column":64}},"14":{"start":{"line":77,"column":8},"end":{"line":77,"column":32}},"15":{"start":{"line":78,"column":8},"end":{"line":78,"column":2338}},"16":{"start":{"line":82,"column":8},"end":{"line":82,"column":2467}},"17":{"start":{"line":86,"column":8},"end":{"line":86,"column":67}},"18":{"start":{"line":87,"column":8},"end":{"line":87,"column":39}},"19":{"start":{"line":99,"column":8},"end":{"line":99,"column":2985}},"20":{"start":{"line":108,"column":8},"end":{"line":108,"column":40}},"21":{"start":{"line":109,"column":8},"end":{"line":109,"column":74}},"22":{"start":{"line":110,"column":8},"end":{"line":110,"column":3402}},"23":{"start":{"line":114,"column":8},"end":{"line":114,"column":48}},"24":{"start":{"line":127,"column":8},"end":{"line":127,"column":58}},"25":{"start":{"line":127,"column":50},"end":{"line":127,"column":58}},"26":{"start":{"line":128,"column":8},"end":{"line":128,"column":77}},"27":{"start":{"line":129,"column":8},"end":{"line":129,"column":3991}},"28":{"start":{"line":133,"column":8},"end":{"line":133,"column":65}},"29":{"start":{"line":134,"column":8},"end":{"line":134,"column":79}},"30":{"start":{"line":135,"column":8},"end":{"line":135,"column":45}},"31":{"start":{"line":136,"column":8},"end":{"line":136,"column":27}},"32":{"start":{"line":137,"column":8},"end":{"line":137,"column":4342}},"33":{"start":{"line":138,"column":12},"end":{"line":138,"column":4410}},"34":{"start":{"line":139,"column":16},"end":{"line":139,"column":44}},"35":{"start":{"line":144,"column":8},"end":{"line":144,"column":50}},"36":{"start":{"line":152,"column":8},"end":{"line":152,"column":4788}},"37":{"start":{"line":156,"column":8},"end":{"line":156,"column":46}},"38":{"start":{"line":171,"column":8},"end":{"line":171,"column":52}},"39":{"start":{"line":172,"column":8},"end":{"line":172,"column":5416}},"40":{"start":{"line":173,"column":12},"end":{"line":173,"column":47}},"41":{"start":{"line":174,"column":15},"end":{"line":174,"column":5506}},"42":{"start":{"line":175,"column":12},"end":{"line":175,"column":52}},"43":{"start":{"line":177,"column":8},"end":{"line":177,"column":16}},"44":{"start":{"line":186,"column":8},"end":{"line":186,"column":54}},"45":{"start":{"line":187,"column":8},"end":{"line":187,"column":32}},"46":{"start":{"line":188,"column":8},"end":{"line":188,"column":5960}},"47":{"start":{"line":192,"column":8},"end":{"line":192,"column":36}}},"branchMap":{"1":{"line":23,"type":"if","locations":[{"start":{"line":23,"column":8},"end":{"line":23,"column":8}},{"start":{"line":23,"column":8},"end":{"line":23,"column":8}}]},"2":{"line":35,"type":"if","locations":[{"start":{"line":35,"column":8},"end":{"line":35,"column":8}},{"start":{"line":35,"column":8},"end":{"line":35,"column":8}}]},"3":{"line":60,"type":"if","locations":[{"start":{"line":60,"column":8},"end":{"line":60,"column":8}},{"start":{"line":60,"column":8},"end":{"line":60,"column":8}}]},"4":{"line":64,"type":"if","locations":[{"start":{"line":64,"column":8},"end":{"line":64,"column":8}},{"start":{"line":64,"column":8},"end":{"line":64,"column":8}}]},"5":{"line":78,"type":"if","locations":[{"start":{"line":78,"column":8},"end":{"line":78,"column":8}},{"start":{"line":78,"column":8},"end":{"line":78,"column":8}}]},"6":{"line":82,"type":"if","locations":[{"start":{"line":82,"column":8},"end":{"line":82,"column":8}},{"start":{"line":82,"column":8},"end":{"line":82,"column":8}}]},"7":{"line":127,"type":"if","locations":[{"start":{"line":127,"column":8},"end":{"line":127,"column":8}},{"start":{"line":127,"column":8},"end":{"line":127,"column":8}}]},"8":{"line":138,"type":"if","locations":[{"start":{"line":138,"column":12},"end":{"line":138,"column":12}},{"start":{"line":138,"column":12},"end":{"line":138,"column":12}}]},"9":{"line":152,"type":"if","locations":[{"start":{"line":152,"column":8},"end":{"line":152,"column":8}},{"start":{"line":152,"column":8},"end":{"line":152,"column":8}}]},"10":{"line":172,"type":"if","locations":[{"start":{"line":172,"column":8},"end":{"line":172,"column":8}},{"start":{"line":172,"column":8},"end":{"line":172,"column":8}}]},"11":{"line":174,"type":"if","locations":[{"start":{"line":174,"column":15},"end":{"line":174,"column":15}},{"start":{"line":174,"column":15},"end":{"line":174,"column":15}}]},"12":{"line":186,"type":"if","locations":[{"start":{"line":186,"column":8},"end":{"line":186,"column":8}},{"start":{"line":186,"column":8},"end":{"line":186,"column":8}}]},"13":{"line":188,"type":"if","locations":[{"start":{"line":188,"column":8},"end":{"line":188,"column":8}},{"start":{"line":188,"column":8},"end":{"line":188,"column":8}}]}}},"contracts/utils/ERC2771Context.sol":{"l":{"16":51,"17":51,"21":66,"25":66,"27":0,"31":66,"36":0,"37":0,"39":0,"44":0,"45":0,"46":0},"path":"/Users/arome/Downloads/web3/audit/argo-subscription-payments-contract/contracts/utils/ERC2771Context.sol","s":{"1":51,"2":51,"3":66,"4":66,"5":66,"6":0,"7":0,"8":0,"9":0,"10":0,"11":0},"b":{"1":[0,66],"2":[0,0],"3":[0,0]},"f":{"1":51,"2":66,"3":66,"4":0,"5":0},"fnMap":{"1":{"name":"constructor","line":15,"loc":{"start":{"line":15,"column":4},"end":{"line":18,"column":4}}},"2":{"name":"isTrustedForwarder","line":20,"loc":{"start":{"line":20,"column":4},"end":{"line":22,"column":4}}},"3":{"name":"_msgSender","line":24,"loc":{"start":{"line":24,"column":4},"end":{"line":33,"column":4}}},"4":{"name":"_msgData","line":35,"loc":{"start":{"line":35,"column":4},"end":{"line":41,"column":4}}},"5":{"name":"setTrustedForwarder","line":43,"loc":{"start":{"line":43,"column":4},"end":{"line":47,"column":4}}}},"statementMap":{"1":{"start":{"line":16,"column":8},"end":{"line":16,"column":43}},"2":{"start":{"line":17,"column":8},"end":{"line":17,"column":50}},"3":{"start":{"line":21,"column":8},"end":{"line":21,"column":45}},"4":{"start":{"line":25,"column":8},"end":{"line":25,"column":821}},"5":{"start":{"line":31,"column":12},"end":{"line":31,"column":37}},"6":{"start":{"line":36,"column":8},"end":{"line":36,"column":1226}},"7":{"start":{"line":37,"column":12},"end":{"line":37,"column":50}},"8":{"start":{"line":39,"column":12},"end":{"line":39,"column":35}},"9":{"start":{"line":44,"column":8},"end":{"line":44,"column":93}},"10":{"start":{"line":45,"column":8},"end":{"line":45,"column":36}},"11":{"start":{"line":46,"column":8},"end":{"line":46,"column":46}}},"branchMap":{"1":{"line":25,"type":"if","locations":[{"start":{"line":25,"column":8},"end":{"line":25,"column":8}},{"start":{"line":25,"column":8},"end":{"line":25,"column":8}}]},"2":{"line":36,"type":"if","locations":[{"start":{"line":36,"column":8},"end":{"line":36,"column":8}},{"start":{"line":36,"column":8},"end":{"line":36,"column":8}}]},"3":{"line":44,"type":"if","locations":[{"start":{"line":44,"column":8},"end":{"line":44,"column":8}},{"start":{"line":44,"column":8},"end":{"line":44,"column":8}}]}}},"contracts/utils/GovernanceOwnable.sol":{"l":{"9":0,"13":0,"21":0,"22":0},"path":"/Users/arome/Downloads/web3/audit/argo-subscription-payments-contract/contracts/utils/GovernanceOwnable.sol","s":{"1":0,"2":0,"3":37},"b":{"1":[0,0],"2":[0,0]},"f":{"1":0,"2":0},"fnMap":{"1":{"name":"onlyGovernanceAddress","line":8,"loc":{"start":{"line":8,"column":4},"end":{"line":14,"column":4}}},"2":{"name":"setGovernanceAddress","line":20,"loc":{"start":{"line":20,"column":4},"end":{"line":23,"column":4}}}},"statementMap":{"1":{"start":{"line":9,"column":8},"end":{"line":9,"column":231}},"2":{"start":{"line":21,"column":8},"end":{"line":21,"column":65}},"3":{"start":{"line":22,"column":8},"end":{"line":22,"column":28}}},"branchMap":{"1":{"line":9,"type":"if","locations":[{"start":{"line":9,"column":8},"end":{"line":9,"column":8}},{"start":{"line":9,"column":8},"end":{"line":9,"column":8}}]},"2":{"line":21,"type":"if","locations":[{"start":{"line":21,"column":8},"end":{"line":21,"column":8}},{"start":{"line":21,"column":8},"end":{"line":21,"column":8}}]}}},"contracts/utils/MultiOwnable.sol":{"l":{"16":0,"20":0,"24":0,"25":0,"32":7,"40":5,"41":37,"49":37,"57":102,"58":1,"59":1,"60":0,"61":1,"64":2,"72":2,"73":2,"74":2,"75":1,"76":0,"77":0,"78":0,"81":0,"85":0,"93":0,"94":0,"95":0,"103":0,"112":0,"113":0,"115":0},"path":"/Users/arome/Downloads/web3/audit/argo-subscription-payments-contract/contracts/utils/MultiOwnable.sol","s":{"1":0,"2":0,"3":7,"4":37,"5":37,"6":102,"7":1,"8":1,"9":1,"10":0,"11":1,"12":2,"13":2,"14":2,"15":2,"16":1,"17":0,"18":0,"19":0,"20":0,"21":0,"22":0,"23":0,"24":0,"25":0,"26":0,"27":0,"28":0},"b":{"1":[0,0],"2":[0,0],"3":[37,-32],"4":[1,0],"5":[0,1],"6":[2,0],"7":[0,0],"8":[0,0],"9":[0,0],"10":[0,0]},"f":{"1":0,"2":0,"3":7,"4":7,"5":37,"6":102,"7":2,"8":0,"9":0,"10":0},"fnMap":{"1":{"name":"onlyManager","line":15,"loc":{"start":{"line":15,"column":4},"end":{"line":21,"column":4}}},"2":{"name":"onlyOwner","line":23,"loc":{"start":{"line":23,"column":4},"end":{"line":26,"column":4}}},"3":{"name":"constructor","line":31,"loc":{"start":{"line":31,"column":4},"end":{"line":33,"column":4}}},"4":{"name":"setManagers","line":39,"loc":{"start":{"line":39,"column":4},"end":{"line":42,"column":4}}},"5":{"name":"removeManagers","line":48,"loc":{"start":{"line":48,"column":4},"end":{"line":50,"column":4}}},"6":{"name":"_setManagers","line":56,"loc":{"start":{"line":56,"column":4},"end":{"line":65,"column":4}}},"7":{"name":"_removeManagers","line":71,"loc":{"start":{"line":71,"column":4},"end":{"line":86,"column":4}}},"8":{"name":"changeOwner","line":92,"loc":{"start":{"line":92,"column":4},"end":{"line":96,"column":4}}},"9":{"name":"getManagers","line":102,"loc":{"start":{"line":102,"column":4},"end":{"line":104,"column":4}}},"10":{"name":"isManager","line":111,"loc":{"start":{"line":111,"column":4},"end":{"line":116,"column":4}}}},"statementMap":{"1":{"start":{"line":16,"column":8},"end":{"line":16,"column":412}},"2":{"start":{"line":24,"column":8},"end":{"line":24,"column":72}},"3":{"start":{"line":32,"column":8},"end":{"line":32,"column":25}},"4":{"start":{"line":40,"column":8},"end":{"line":40,"column":64}},"5":{"start":{"line":41,"column":8},"end":{"line":41,"column":22}},"6":{"start":{"line":49,"column":8},"end":{"line":49,"column":25}},"7":{"start":{"line":57,"column":8},"end":{"line":57,"column":1523}},"8":{"start":{"line":58,"column":12},"end":{"line":58,"column":72}},"9":{"start":{"line":59,"column":12},"end":{"line":59,"column":1655}},"10":{"start":{"line":60,"column":16},"end":{"line":60,"column":44}},"11":{"start":{"line":61,"column":16},"end":{"line":61,"column":34}},"12":{"start":{"line":64,"column":8},"end":{"line":64,"column":27}},"13":{"start":{"line":72,"column":8},"end":{"line":72,"column":68}},"14":{"start":{"line":73,"column":8},"end":{"line":73,"column":2108}},"15":{"start":{"line":74,"column":12},"end":{"line":74,"column":2165}},"16":{"start":{"line":75,"column":16},"end":{"line":75,"column":2215}},"17":{"start":{"line":76,"column":20},"end":{"line":76,"column":2287}},"18":{"start":{"line":77,"column":24},"end":{"line":77,"column":66}},"19":{"start":{"line":78,"column":24},"end":{"line":78,"column":37}},"20":{"start":{"line":81,"column":16},"end":{"line":81,"column":45}},"21":{"start":{"line":85,"column":8},"end":{"line":85,"column":30}},"22":{"start":{"line":93,"column":8},"end":{"line":93,"column":67}},"23":{"start":{"line":94,"column":8},"end":{"line":94,"column":16}},"24":{"start":{"line":95,"column":8},"end":{"line":95,"column":27}},"25":{"start":{"line":103,"column":8},"end":{"line":103,"column":23}},"26":{"start":{"line":112,"column":8},"end":{"line":112,"column":3194}},"27":{"start":{"line":113,"column":12},"end":{"line":113,"column":23}},"28":{"start":{"line":115,"column":8},"end":{"line":115,"column":20}}},"branchMap":{"1":{"line":16,"type":"if","locations":[{"start":{"line":16,"column":8},"end":{"line":16,"column":8}},{"start":{"line":16,"column":8},"end":{"line":16,"column":8}}]},"2":{"line":24,"type":"if","locations":[{"start":{"line":24,"column":8},"end":{"line":24,"column":8}},{"start":{"line":24,"column":8},"end":{"line":24,"column":8}}]},"3":{"line":40,"type":"if","locations":[{"start":{"line":40,"column":8},"end":{"line":40,"column":8}},{"start":{"line":40,"column":8},"end":{"line":40,"column":8}}]},"4":{"line":58,"type":"if","locations":[{"start":{"line":58,"column":12},"end":{"line":58,"column":12}},{"start":{"line":58,"column":12},"end":{"line":58,"column":12}}]},"5":{"line":59,"type":"if","locations":[{"start":{"line":59,"column":12},"end":{"line":59,"column":12}},{"start":{"line":59,"column":12},"end":{"line":59,"column":12}}]},"6":{"line":72,"type":"if","locations":[{"start":{"line":72,"column":8},"end":{"line":72,"column":8}},{"start":{"line":72,"column":8},"end":{"line":72,"column":8}}]},"7":{"line":74,"type":"if","locations":[{"start":{"line":74,"column":12},"end":{"line":74,"column":12}},{"start":{"line":74,"column":12},"end":{"line":74,"column":12}}]},"8":{"line":76,"type":"if","locations":[{"start":{"line":76,"column":20},"end":{"line":76,"column":20}},{"start":{"line":76,"column":20},"end":{"line":76,"column":20}}]},"9":{"line":93,"type":"if","locations":[{"start":{"line":93,"column":8},"end":{"line":93,"column":8}},{"start":{"line":93,"column":8},"end":{"line":93,"column":8}}]},"10":{"line":112,"type":"if","locations":[{"start":{"line":112,"column":8},"end":{"line":112,"column":8}},{"start":{"line":112,"column":8},"end":{"line":112,"column":8}}]}}}}