{"contracts/interfaces/IDiaOracle.sol":{"l":{},"path":"/Users/arome/Downloads/web3/audit/argo-subscription-payments-contract/contracts/interfaces/IDiaOracle.sol","s":{},"b":{},"f":{},"fnMap":{},"statementMap":{},"branchMap":{}},"contracts/interfaces/IStaking.sol":{"l":{},"path":"/Users/arome/Downloads/web3/audit/argo-subscription-payments-contract/contracts/interfaces/IStaking.sol","s":{},"b":{},"f":{},"fnMap":{},"statementMap":{},"branchMap":{}},"contracts/interfaces/ISubscriptionData.sol":{"l":{},"path":"/Users/arome/Downloads/web3/audit/argo-subscription-payments-contract/contracts/interfaces/ISubscriptionData.sol","s":{},"b":{},"f":{},"fnMap":{},"statementMap":{},"branchMap":{}},"contracts/mocks/ERC20.sol":{"l":{"8":48},"path":"/Users/arome/Downloads/web3/audit/argo-subscription-payments-contract/contracts/mocks/ERC20.sol","s":{"1":48},"b":{},"f":{"1":48},"fnMap":{"1":{"name":"constructor","line":7,"loc":{"start":{"line":7,"column":4},"end":{"line":9,"column":4}}}},"statementMap":{"1":{"start":{"line":8,"column":8},"end":{"line":8,"column":39}}},"branchMap":{}},"contracts/mocks/StakingMock.sol":{"l":{"78":24,"79":24,"80":24,"87":0,"89":0,"90":0,"91":0,"93":0,"96":0,"99":0,"100":0,"102":0,"103":0,"104":0,"105":0,"109":0,"110":0,"111":0,"113":0,"116":0,"123":0,"124":0,"129":0,"133":0,"136":0,"137":0,"144":0,"152":0,"163":0,"169":0,"173":0,"184":0,"187":0,"193":0,"198":0,"204":0,"207":0,"213":0,"221":0,"223":0,"224":0,"225":0,"226":0,"231":0,"235":0,"238":0,"239":0,"241":0,"242":0,"243":0,"244":0,"248":0,"249":0,"250":0,"252":0,"255":0,"262":0,"263":0,"268":0,"272":0,"275":0,"276":0,"283":0,"291":0,"292":0,"298":0,"304":0,"308":0,"319":0,"322":0,"328":0,"333":0,"339":0,"342":0,"348":0,"358":0,"363":0,"366":0,"367":0,"370":0,"372":0,"374":0,"375":0,"376":0,"377":0,"381":0,"382":0,"383":0,"385":0,"387":0,"392":0,"393":0,"402":0,"410":0,"411":0,"412":0,"414":0,"422":0,"424":0,"430":0,"431":0,"439":0,"443":0,"450":0,"453":0,"454":0,"457":0,"460":0,"466":0,"469":0,"478":0,"480":0,"481":0,"483":0,"484":0,"485":0,"487":0,"491":0,"496":0,"497":0,"501":0,"505":0,"510":0,"511":0,"513":0,"515":0,"516":0,"518":0,"531":0,"534":0,"535":0,"538":0,"539":0,"542":0,"543":0,"547":0,"548":0,"549":0,"550":0,"552":0,"556":0,"567":0,"574":0,"575":0,"578":0,"592":0,"593":0,"597":0,"598":0,"603":0,"604":0,"611":0,"612":0,"613":0,"614":0,"617":0,"626":0,"628":0,"629":0,"636":0,"647":0,"655":0,"663":0,"667":0,"671":0,"675":0,"679":0},"path":"/Users/arome/Downloads/web3/audit/argo-subscription-payments-contract/contracts/mocks/StakingMock.sol","s":{"1":24,"2":24,"3":24,"4":0,"5":0,"6":0,"7":0,"8":0,"9":0,"10":0,"11":0,"12":0,"13":0,"14":0,"15":0,"16":0,"17":0,"18":0,"19":0,"20":0,"21":0,"22":0,"23":0,"24":0,"25":0,"26":0,"27":0,"28":0,"29":0,"30":0,"31":0,"32":0,"33":0,"34":0,"35":0,"36":0,"37":0,"38":0,"39":0,"40":0,"41":0,"42":0,"43":0,"44":0,"45":0,"46":0,"47":0,"48":0,"49":0,"50":0,"51":0,"52":0,"53":0,"54":0,"55":0,"56":0,"57":0,"58":0,"59":0,"60":0,"61":0,"62":0,"63":0,"64":0,"65":0,"66":0,"67":0,"68":0,"69":0,"70":0,"71":0,"72":0,"73":0,"74":0,"75":0,"76":0,"77":0,"78":0,"79":0,"80":0,"81":0,"82":0,"83":0,"84":0,"85":0,"86":0,"87":0,"88":0,"89":0,"90":0,"91":0,"92":0,"93":0,"94":0,"95":0,"96":0,"97":0,"98":0,"99":0,"100":0,"101":0,"102":0,"103":0,"104":0,"105":0,"106":0,"107":0,"108":0,"109":0,"110":0,"111":0,"112":0,"113":0,"114":0,"115":0,"116":0,"117":0,"118":0,"119":0,"120":0,"121":0,"122":0,"123":0,"124":0,"125":0,"126":0,"127":0,"128":0,"129":0,"130":0,"131":0,"132":0,"133":0,"134":0,"135":0,"136":0,"137":0,"138":0,"139":0,"140":0,"141":0,"142":0,"143":0,"144":0,"145":0,"146":0,"147":0,"148":0,"149":0,"150":0,"151":0,"152":0,"153":0,"154":0,"155":0,"156":0,"157":0,"158":0,"159":0,"160":0,"161":0,"162":0,"163":0,"164":0,"165":0,"166":0,"167":0,"168":0,"169":0,"170":0},"b":{"1":[0,0],"2":[0,0],"3":[0,0],"4":[0,0],"5":[0,0],"6":[0,0],"7":[0,0],"8":[0,0],"9":[0,0],"10":[0,0],"11":[0,0],"12":[0,0],"13":[0,0],"14":[0,0],"15":[0,0],"16":[0,0],"17":[0,0],"18":[0,0],"19":[0,0],"20":[0,0],"21":[0,0],"22":[0,0],"23":[0,0],"24":[0,0],"25":[0,0],"26":[0,0],"27":[0,0],"28":[0,0],"29":[0,0],"30":[0,0],"31":[0,0],"32":[0,0],"33":[0,0],"34":[0,0]},"f":{"1":24,"2":0,"3":0,"4":0,"5":0,"6":0,"7":0,"8":0,"9":0,"10":0,"11":0,"12":0,"13":0,"14":0,"15":0,"16":0,"17":0},"fnMap":{"1":{"name":"constructor","line":73,"loc":{"start":{"line":73,"column":4},"end":{"line":81,"column":4}}},"2":{"name":"deposit","line":86,"loc":{"start":{"line":86,"column":4},"end":{"line":214,"column":4}}},"3":{"name":"depositFor","line":220,"loc":{"start":{"line":216,"column":4},"end":{"line":349,"column":4}}},"4":{"name":"withdraw","line":356,"loc":{"start":{"line":354,"column":4},"end":{"line":470,"column":4}}},"5":{"name":"manualEpochInit","line":477,"loc":{"start":{"line":477,"column":4},"end":{"line":502,"column":4}}},"6":{"name":"emergencyWithdraw","line":504,"loc":{"start":{"line":504,"column":4},"end":{"line":519,"column":4}}},"7":{"name":"getEpochUserBalance","line":526,"loc":{"start":{"line":526,"column":4},"end":{"line":557,"column":4}}},"8":{"name":"balanceOf","line":562,"loc":{"start":{"line":562,"column":4},"end":{"line":568,"column":4}}},"9":{"name":"getCurrentEpoch","line":573,"loc":{"start":{"line":573,"column":4},"end":{"line":579,"column":4}}},"10":{"name":"getEpochPoolSize","line":584,"loc":{"start":{"line":584,"column":4},"end":{"line":605,"column":4}}},"11":{"name":"currentEpochMultiplier","line":610,"loc":{"start":{"line":610,"column":4},"end":{"line":618,"column":4}}},"12":{"name":"computeNewMultiplier","line":620,"loc":{"start":{"line":620,"column":4},"end":{"line":637,"column":4}}},"13":{"name":"epochIsInitialized","line":642,"loc":{"start":{"line":642,"column":4},"end":{"line":648,"column":4}}},"14":{"name":"getCheckpointBalance","line":650,"loc":{"start":{"line":650,"column":4},"end":{"line":656,"column":4}}},"15":{"name":"getCheckpointEffectiveBalance","line":658,"loc":{"start":{"line":658,"column":4},"end":{"line":664,"column":4}}},"16":{"name":"addAllowedYieldFarm","line":666,"loc":{"start":{"line":666,"column":4},"end":{"line":672,"column":4}}},"17":{"name":"deleteAllowedYieldFarm","line":674,"loc":{"start":{"line":674,"column":4},"end":{"line":680,"column":4}}}},"statementMap":{"1":{"start":{"line":78,"column":8},"end":{"line":78,"column":33}},"2":{"start":{"line":79,"column":8},"end":{"line":79,"column":37}},"3":{"start":{"line":80,"column":8},"end":{"line":80,"column":39}},"4":{"start":{"line":87,"column":8},"end":{"line":87,"column":57}},"5":{"start":{"line":89,"column":8},"end":{"line":89,"column":43}},"6":{"start":{"line":90,"column":8},"end":{"line":90,"column":70}},"7":{"start":{"line":91,"column":8},"end":{"line":91,"column":73}},"8":{"start":{"line":93,"column":8},"end":{"line":93,"column":2779}},"9":{"start":{"line":96,"column":8},"end":{"line":96,"column":60}},"10":{"start":{"line":99,"column":8},"end":{"line":99,"column":48}},"11":{"start":{"line":100,"column":8},"end":{"line":100,"column":60}},"12":{"start":{"line":102,"column":8},"end":{"line":102,"column":3071}},"13":{"start":{"line":103,"column":12},"end":{"line":103,"column":54}},"14":{"start":{"line":104,"column":12},"end":{"line":104,"column":35}},"15":{"start":{"line":105,"column":12},"end":{"line":105,"column":48}},"16":{"start":{"line":109,"column":8},"end":{"line":109,"column":74}},"17":{"start":{"line":110,"column":8},"end":{"line":110,"column":55}},"18":{"start":{"line":111,"column":8},"end":{"line":111,"column":28}},"19":{"start":{"line":113,"column":8},"end":{"line":113,"column":3547}},"20":{"start":{"line":116,"column":8},"end":{"line":116,"column":3664}},"21":{"start":{"line":123,"column":8},"end":{"line":123,"column":4070}},"22":{"start":{"line":124,"column":12},"end":{"line":124,"column":4117}},"23":{"start":{"line":129,"column":12},"end":{"line":129,"column":4300}},"24":{"start":{"line":133,"column":12},"end":{"line":133,"column":49}},"25":{"start":{"line":136,"column":12},"end":{"line":136,"column":4595}},"26":{"start":{"line":137,"column":16},"end":{"line":137,"column":4668}},"27":{"start":{"line":144,"column":16},"end":{"line":144,"column":4945}},"28":{"start":{"line":152,"column":16},"end":{"line":152,"column":5222}},"29":{"start":{"line":162,"column":17},"end":{"line":162,"column":5571}},"30":{"start":{"line":163,"column":16},"end":{"line":163,"column":5640}},"31":{"start":{"line":169,"column":16},"end":{"line":169,"column":5920}},"32":{"start":{"line":173,"column":16},"end":{"line":173,"column":6039}},"33":{"start":{"line":184,"column":16},"end":{"line":184,"column":6409}},"34":{"start":{"line":187,"column":20},"end":{"line":187,"column":6537}},"35":{"start":{"line":193,"column":20},"end":{"line":193,"column":6853}},"36":{"start":{"line":198,"column":16},"end":{"line":198,"column":7002}},"37":{"start":{"line":204,"column":8},"end":{"line":204,"column":7197}},"38":{"start":{"line":207,"column":8},"end":{"line":207,"column":7279}},"39":{"start":{"line":213,"column":8},"end":{"line":213,"column":54}},"40":{"start":{"line":221,"column":8},"end":{"line":221,"column":57}},"41":{"start":{"line":223,"column":8},"end":{"line":223,"column":43}},"42":{"start":{"line":224,"column":8},"end":{"line":224,"column":74}},"43":{"start":{"line":225,"column":8},"end":{"line":225,"column":73}},"44":{"start":{"line":226,"column":8},"end":{"line":226,"column":7878}},"45":{"start":{"line":231,"column":8},"end":{"line":231,"column":8023}},"46":{"start":{"line":235,"column":8},"end":{"line":235,"column":64}},"47":{"start":{"line":238,"column":8},"end":{"line":238,"column":48}},"48":{"start":{"line":239,"column":8},"end":{"line":239,"column":60}},"49":{"start":{"line":241,"column":8},"end":{"line":241,"column":8342}},"50":{"start":{"line":242,"column":12},"end":{"line":242,"column":54}},"51":{"start":{"line":243,"column":12},"end":{"line":243,"column":35}},"52":{"start":{"line":244,"column":12},"end":{"line":244,"column":48}},"53":{"start":{"line":248,"column":8},"end":{"line":248,"column":74}},"54":{"start":{"line":249,"column":8},"end":{"line":249,"column":55}},"55":{"start":{"line":250,"column":8},"end":{"line":250,"column":28}},"56":{"start":{"line":252,"column":8},"end":{"line":252,"column":8819}},"57":{"start":{"line":255,"column":8},"end":{"line":255,"column":8937}},"58":{"start":{"line":262,"column":8},"end":{"line":262,"column":9343}},"59":{"start":{"line":263,"column":12},"end":{"line":263,"column":9390}},"60":{"start":{"line":268,"column":12},"end":{"line":268,"column":9573}},"61":{"start":{"line":272,"column":12},"end":{"line":272,"column":49}},"62":{"start":{"line":275,"column":12},"end":{"line":275,"column":9868}},"63":{"start":{"line":276,"column":16},"end":{"line":276,"column":9941}},"64":{"start":{"line":283,"column":16},"end":{"line":283,"column":10218}},"65":{"start":{"line":291,"column":16},"end":{"line":291,"column":70}},"66":{"start":{"line":292,"column":16},"end":{"line":292,"column":10567}},"67":{"start":{"line":297,"column":17},"end":{"line":297,"column":10772}},"68":{"start":{"line":298,"column":16},"end":{"line":298,"column":10841}},"69":{"start":{"line":304,"column":16},"end":{"line":304,"column":11121}},"70":{"start":{"line":308,"column":16},"end":{"line":308,"column":11240}},"71":{"start":{"line":319,"column":16},"end":{"line":319,"column":11611}},"72":{"start":{"line":322,"column":20},"end":{"line":322,"column":11739}},"73":{"start":{"line":328,"column":20},"end":{"line":328,"column":12055}},"74":{"start":{"line":333,"column":16},"end":{"line":333,"column":12204}},"75":{"start":{"line":339,"column":8},"end":{"line":339,"column":12401}},"76":{"start":{"line":342,"column":8},"end":{"line":342,"column":12483}},"77":{"start":{"line":348,"column":8},"end":{"line":348,"column":55}},"78":{"start":{"line":358,"column":8},"end":{"line":358,"column":12902}},"79":{"start":{"line":363,"column":8},"end":{"line":363,"column":13045}},"80":{"start":{"line":366,"column":8},"end":{"line":366,"column":43}},"81":{"start":{"line":367,"column":8},"end":{"line":367,"column":41}},"82":{"start":{"line":370,"column":8},"end":{"line":370,"column":48}},"83":{"start":{"line":372,"column":8},"end":{"line":372,"column":55}},"84":{"start":{"line":374,"column":8},"end":{"line":374,"column":13360}},"85":{"start":{"line":375,"column":12},"end":{"line":375,"column":54}},"86":{"start":{"line":376,"column":12},"end":{"line":376,"column":35}},"87":{"start":{"line":377,"column":12},"end":{"line":377,"column":48}},"88":{"start":{"line":381,"column":8},"end":{"line":381,"column":74}},"89":{"start":{"line":382,"column":8},"end":{"line":382,"column":55}},"90":{"start":{"line":383,"column":8},"end":{"line":383,"column":28}},"91":{"start":{"line":385,"column":8},"end":{"line":385,"column":13866}},"92":{"start":{"line":387,"column":8},"end":{"line":387,"column":45}},"93":{"start":{"line":392,"column":8},"end":{"line":392,"column":14206}},"94":{"start":{"line":393,"column":12},"end":{"line":393,"column":14270}},"95":{"start":{"line":402,"column":12},"end":{"line":402,"column":14526}},"96":{"start":{"line":409,"column":13},"end":{"line":409,"column":14797}},"97":{"start":{"line":410,"column":12},"end":{"line":410,"column":78}},"98":{"start":{"line":411,"column":12},"end":{"line":411,"column":44}},"99":{"start":{"line":412,"column":12},"end":{"line":412,"column":57}},"100":{"start":{"line":414,"column":12},"end":{"line":414,"column":15066}},"101":{"start":{"line":422,"column":12},"end":{"line":422,"column":77}},"102":{"start":{"line":424,"column":12},"end":{"line":424,"column":15440}},"103":{"start":{"line":430,"column":12},"end":{"line":430,"column":15715}},"104":{"start":{"line":431,"column":16},"end":{"line":431,"column":15791}},"105":{"start":{"line":439,"column":16},"end":{"line":439,"column":16128}},"106":{"start":{"line":443,"column":16},"end":{"line":443,"column":16257}},"107":{"start":{"line":450,"column":16},"end":{"line":450,"column":16617}},"108":{"start":{"line":453,"column":16},"end":{"line":453,"column":53}},"109":{"start":{"line":454,"column":16},"end":{"line":454,"column":66}},"110":{"start":{"line":457,"column":12},"end":{"line":457,"column":16936}},"111":{"start":{"line":460,"column":12},"end":{"line":460,"column":17026}},"112":{"start":{"line":466,"column":12},"end":{"line":466,"column":78}},"113":{"start":{"line":469,"column":8},"end":{"line":469,"column":55}},"114":{"start":{"line":478,"column":8},"end":{"line":478,"column":73}},"115":{"start":{"line":480,"column":8},"end":{"line":480,"column":17786}},"116":{"start":{"line":481,"column":12},"end":{"line":481,"column":57}},"117":{"start":{"line":483,"column":12},"end":{"line":483,"column":17908}},"118":{"start":{"line":484,"column":16},"end":{"line":484,"column":34}},"119":{"start":{"line":485,"column":16},"end":{"line":485,"column":27}},"120":{"start":{"line":487,"column":16},"end":{"line":487,"column":18036}},"121":{"start":{"line":491,"column":16},"end":{"line":491,"column":18198}},"122":{"start":{"line":496,"column":16},"end":{"line":496,"column":61}},"123":{"start":{"line":497,"column":16},"end":{"line":497,"column":27}},"124":{"start":{"line":501,"column":8},"end":{"line":501,"column":57}},"125":{"start":{"line":505,"column":8},"end":{"line":505,"column":18600}},"126":{"start":{"line":510,"column":8},"end":{"line":510,"column":69}},"127":{"start":{"line":511,"column":8},"end":{"line":511,"column":58}},"128":{"start":{"line":513,"column":8},"end":{"line":513,"column":45}},"129":{"start":{"line":515,"column":8},"end":{"line":515,"column":43}},"130":{"start":{"line":516,"column":8},"end":{"line":516,"column":51}},"131":{"start":{"line":518,"column":8},"end":{"line":518,"column":74}},"132":{"start":{"line":531,"column":8},"end":{"line":531,"column":74}},"133":{"start":{"line":534,"column":8},"end":{"line":534,"column":19715}},"134":{"start":{"line":535,"column":12},"end":{"line":535,"column":20}},"135":{"start":{"line":538,"column":8},"end":{"line":538,"column":23}},"136":{"start":{"line":539,"column":8},"end":{"line":539,"column":44}},"137":{"start":{"line":542,"column":8},"end":{"line":542,"column":19978}},"138":{"start":{"line":543,"column":12},"end":{"line":543,"column":66}},"139":{"start":{"line":547,"column":8},"end":{"line":547,"column":20159}},"140":{"start":{"line":548,"column":12},"end":{"line":548,"column":45}},"141":{"start":{"line":549,"column":12},"end":{"line":549,"column":20242}},"142":{"start":{"line":550,"column":16},"end":{"line":550,"column":24}},"143":{"start":{"line":552,"column":16},"end":{"line":552,"column":28}},"144":{"start":{"line":556,"column":8},"end":{"line":556,"column":62}},"145":{"start":{"line":567,"column":8},"end":{"line":567,"column":36}},"146":{"start":{"line":574,"column":8},"end":{"line":574,"column":20860}},"147":{"start":{"line":575,"column":12},"end":{"line":575,"column":20}},"148":{"start":{"line":578,"column":8},"end":{"line":578,"column":75}},"149":{"start":{"line":592,"column":8},"end":{"line":592,"column":21491}},"150":{"start":{"line":593,"column":12},"end":{"line":593,"column":55}},"151":{"start":{"line":597,"column":8},"end":{"line":597,"column":21722}},"152":{"start":{"line":598,"column":12},"end":{"line":598,"column":20}},"153":{"start":{"line":603,"column":8},"end":{"line":603,"column":43}},"154":{"start":{"line":604,"column":8},"end":{"line":604,"column":45}},"155":{"start":{"line":611,"column":8},"end":{"line":611,"column":48}},"156":{"start":{"line":612,"column":8},"end":{"line":612,"column":76}},"157":{"start":{"line":613,"column":8},"end":{"line":613,"column":60}},"158":{"start":{"line":614,"column":8},"end":{"line":614,"column":22526}},"159":{"start":{"line":617,"column":8},"end":{"line":617,"column":25}},"160":{"start":{"line":626,"column":8},"end":{"line":626,"column":22848}},"161":{"start":{"line":628,"column":8},"end":{"line":628,"column":78}},"162":{"start":{"line":629,"column":8},"end":{"line":629,"column":22972}},"163":{"start":{"line":636,"column":8},"end":{"line":636,"column":28}},"164":{"start":{"line":647,"column":8},"end":{"line":647,"column":43}},"165":{"start":{"line":655,"column":8},"end":{"line":655,"column":48}},"166":{"start":{"line":663,"column":8},"end":{"line":663,"column":77}},"167":{"start":{"line":667,"column":8},"end":{"line":667,"column":23935}},"168":{"start":{"line":671,"column":8},"end":{"line":671,"column":48}},"169":{"start":{"line":675,"column":8},"end":{"line":675,"column":24216}},"170":{"start":{"line":679,"column":8},"end":{"line":679,"column":49}}},"branchMap":{"1":{"line":87,"type":"if","locations":[{"start":{"line":87,"column":8},"end":{"line":87,"column":8}},{"start":{"line":87,"column":8},"end":{"line":87,"column":8}}]},"2":{"line":91,"type":"if","locations":[{"start":{"line":91,"column":8},"end":{"line":91,"column":8}},{"start":{"line":91,"column":8},"end":{"line":91,"column":8}}]},"3":{"line":102,"type":"if","locations":[{"start":{"line":102,"column":8},"end":{"line":102,"column":8}},{"start":{"line":102,"column":8},"end":{"line":102,"column":8}}]},"4":{"line":123,"type":"if","locations":[{"start":{"line":123,"column":8},"end":{"line":123,"column":8}},{"start":{"line":123,"column":8},"end":{"line":123,"column":8}}]},"5":{"line":136,"type":"if","locations":[{"start":{"line":136,"column":12},"end":{"line":136,"column":12}},{"start":{"line":136,"column":12},"end":{"line":136,"column":12}}]},"6":{"line":162,"type":"if","locations":[{"start":{"line":162,"column":17},"end":{"line":162,"column":17}},{"start":{"line":162,"column":17},"end":{"line":162,"column":17}}]},"7":{"line":184,"type":"if","locations":[{"start":{"line":184,"column":16},"end":{"line":184,"column":16}},{"start":{"line":184,"column":16},"end":{"line":184,"column":16}}]},"8":{"line":221,"type":"if","locations":[{"start":{"line":221,"column":8},"end":{"line":221,"column":8}},{"start":{"line":221,"column":8},"end":{"line":221,"column":8}}]},"9":{"line":225,"type":"if","locations":[{"start":{"line":225,"column":8},"end":{"line":225,"column":8}},{"start":{"line":225,"column":8},"end":{"line":225,"column":8}}]},"10":{"line":226,"type":"if","locations":[{"start":{"line":226,"column":8},"end":{"line":226,"column":8}},{"start":{"line":226,"column":8},"end":{"line":226,"column":8}}]},"11":{"line":241,"type":"if","locations":[{"start":{"line":241,"column":8},"end":{"line":241,"column":8}},{"start":{"line":241,"column":8},"end":{"line":241,"column":8}}]},"12":{"line":262,"type":"if","locations":[{"start":{"line":262,"column":8},"end":{"line":262,"column":8}},{"start":{"line":262,"column":8},"end":{"line":262,"column":8}}]},"13":{"line":275,"type":"if","locations":[{"start":{"line":275,"column":12},"end":{"line":275,"column":12}},{"start":{"line":275,"column":12},"end":{"line":275,"column":12}}]},"14":{"line":297,"type":"if","locations":[{"start":{"line":297,"column":17},"end":{"line":297,"column":17}},{"start":{"line":297,"column":17},"end":{"line":297,"column":17}}]},"15":{"line":319,"type":"if","locations":[{"start":{"line":319,"column":16},"end":{"line":319,"column":16}},{"start":{"line":319,"column":16},"end":{"line":319,"column":16}}]},"16":{"line":358,"type":"if","locations":[{"start":{"line":358,"column":8},"end":{"line":358,"column":8}},{"start":{"line":358,"column":8},"end":{"line":358,"column":8}}]},"17":{"line":374,"type":"if","locations":[{"start":{"line":374,"column":8},"end":{"line":374,"column":8}},{"start":{"line":374,"column":8},"end":{"line":374,"column":8}}]},"18":{"line":392,"type":"if","locations":[{"start":{"line":392,"column":8},"end":{"line":392,"column":8}},{"start":{"line":392,"column":8},"end":{"line":392,"column":8}}]},"19":{"line":409,"type":"if","locations":[{"start":{"line":409,"column":13},"end":{"line":409,"column":13}},{"start":{"line":409,"column":13},"end":{"line":409,"column":13}}]},"20":{"line":430,"type":"if","locations":[{"start":{"line":430,"column":12},"end":{"line":430,"column":12}},{"start":{"line":430,"column":12},"end":{"line":430,"column":12}}]},"21":{"line":478,"type":"if","locations":[{"start":{"line":478,"column":8},"end":{"line":478,"column":8}},{"start":{"line":478,"column":8},"end":{"line":478,"column":8}}]},"22":{"line":483,"type":"if","locations":[{"start":{"line":483,"column":12},"end":{"line":483,"column":12}},{"start":{"line":483,"column":12},"end":{"line":483,"column":12}}]},"23":{"line":487,"type":"if","locations":[{"start":{"line":487,"column":16},"end":{"line":487,"column":16}},{"start":{"line":487,"column":16},"end":{"line":487,"column":16}}]},"24":{"line":491,"type":"if","locations":[{"start":{"line":491,"column":16},"end":{"line":491,"column":16}},{"start":{"line":491,"column":16},"end":{"line":491,"column":16}}]},"25":{"line":505,"type":"if","locations":[{"start":{"line":505,"column":8},"end":{"line":505,"column":8}},{"start":{"line":505,"column":8},"end":{"line":505,"column":8}}]},"26":{"line":511,"type":"if","locations":[{"start":{"line":511,"column":8},"end":{"line":511,"column":8}},{"start":{"line":511,"column":8},"end":{"line":511,"column":8}}]},"27":{"line":534,"type":"if","locations":[{"start":{"line":534,"column":8},"end":{"line":534,"column":8}},{"start":{"line":534,"column":8},"end":{"line":534,"column":8}}]},"28":{"line":542,"type":"if","locations":[{"start":{"line":542,"column":8},"end":{"line":542,"column":8}},{"start":{"line":542,"column":8},"end":{"line":542,"column":8}}]},"29":{"line":549,"type":"if","locations":[{"start":{"line":549,"column":12},"end":{"line":549,"column":12}},{"start":{"line":549,"column":12},"end":{"line":549,"column":12}}]},"30":{"line":574,"type":"if","locations":[{"start":{"line":574,"column":8},"end":{"line":574,"column":8}},{"start":{"line":574,"column":8},"end":{"line":574,"column":8}}]},"31":{"line":592,"type":"if","locations":[{"start":{"line":592,"column":8},"end":{"line":592,"column":8}},{"start":{"line":592,"column":8},"end":{"line":592,"column":8}}]},"32":{"line":597,"type":"if","locations":[{"start":{"line":597,"column":8},"end":{"line":597,"column":8}},{"start":{"line":597,"column":8},"end":{"line":597,"column":8}}]},"33":{"line":667,"type":"if","locations":[{"start":{"line":667,"column":8},"end":{"line":667,"column":8}},{"start":{"line":667,"column":8},"end":{"line":667,"column":8}}]},"34":{"line":675,"type":"if","locations":[{"start":{"line":675,"column":8},"end":{"line":675,"column":8}},{"start":{"line":675,"column":8},"end":{"line":675,"column":8}}]}}},"contracts/SubscriptionData.sol":{"l":{"93":24,"97":24,"101":24,"105":24,"109":24,"110":24,"111":24,"114":24,"117":24,"118":72,"119":72,"120":72,"121":72,"122":72,"123":72,"124":72,"125":72,"127":24,"128":24,"129":24,"130":24,"131":24,"132":72,"133":72,"134":72,"138":72,"140":24,"144":162,"148":48,"149":48,"150":96,"151":0,"152":0,"155":48,"167":0,"171":0,"172":0,"173":0,"174":0,"175":0,"176":0,"177":0,"179":0,"188":0,"189":0,"191":0,"192":0,"193":0,"194":0,"195":0,"196":0,"197":0,"201":0,"202":0,"203":0,"206":0,"216":0,"217":0,"218":0,"225":0,"226":0,"227":0,"229":0,"235":0,"236":0,"237":0,"239":0,"251":0,"255":0,"258":0,"261":0,"262":0,"263":0,"264":0,"265":0,"266":0,"267":0,"271":0,"281":0,"285":0,"286":0,"307":9,"308":9,"309":9,"310":9,"315":9,"320":9,"325":9,"329":9,"333":9,"338":9,"339":17,"340":16,"341":16,"342":16,"343":16,"344":16,"353":16,"354":16,"355":16,"356":16,"372":1,"373":1,"376":1,"377":1,"378":1,"379":1,"380":1,"381":1,"382":1,"383":1,"384":1,"385":1,"388":1,"398":0,"406":0,"407":0,"415":0,"419":0,"429":3,"430":3,"431":2,"432":2,"433":2,"434":2,"437":2,"444":2,"445":2,"447":0,"448":0,"451":0,"452":0,"454":2,"459":2,"474":2,"475":2,"476":2,"478":0,"480":2,"490":0,"491":0,"492":0,"493":0,"497":0},"path":"/Users/arome/Downloads/web3/audit/argo-subscription-payments-contract/contracts/SubscriptionData.sol","s":{"1":24,"2":24,"3":24,"4":24,"5":24,"6":24,"7":24,"8":24,"9":24,"10":72,"11":72,"12":72,"13":72,"14":72,"15":72,"16":72,"17":72,"18":24,"19":24,"20":24,"21":24,"22":24,"23":72,"24":72,"25":72,"26":72,"27":24,"28":162,"29":48,"30":48,"31":96,"32":0,"33":48,"34":0,"35":0,"36":0,"37":0,"38":0,"39":0,"40":0,"41":0,"42":0,"43":0,"44":0,"45":0,"46":0,"47":0,"48":0,"49":0,"50":0,"51":0,"52":0,"53":0,"54":0,"55":0,"56":0,"57":0,"58":0,"59":0,"60":0,"61":0,"62":0,"63":0,"64":0,"65":0,"66":0,"67":0,"68":0,"69":0,"70":0,"71":0,"72":0,"73":0,"74":0,"75":0,"76":0,"77":0,"78":0,"79":9,"80":9,"81":9,"82":9,"83":9,"84":9,"85":9,"86":9,"87":9,"88":9,"89":17,"90":16,"91":16,"92":16,"93":16,"94":16,"95":16,"96":16,"97":16,"98":16,"99":1,"100":1,"101":1,"102":1,"103":1,"104":1,"105":1,"106":1,"107":1,"108":1,"109":1,"110":1,"111":1,"112":0,"113":0,"114":0,"115":0,"116":0,"117":3,"118":3,"119":2,"120":2,"121":2,"122":2,"123":2,"124":2,"125":2,"126":0,"127":0,"128":0,"129":0,"130":2,"131":2,"132":2,"133":2,"134":2,"135":0,"136":0,"137":2,"138":0,"139":0,"140":0,"141":0,"142":0},"b":{"1":[24,0],"2":[24,0],"3":[24,0],"4":[24,0],"5":[24,0],"6":[24,0],"7":[24,0],"8":[24,0],"9":[72,0],"10":[72,0],"11":[24,0],"12":[24,0],"13":[72,0],"14":[72,0],"15":[0,96],"16":[0,0],"17":[0,0],"18":[0,0],"19":[0,0],"20":[0,0],"21":[0,0],"22":[0,0],"23":[0,0],"24":[0,0],"25":[0,0],"26":[0,0],"27":[0,0],"28":[0,0],"29":[0,0],"30":[0,0],"31":[9,0],"32":[9,0],"33":[9,0],"34":[9,0],"35":[9,0],"36":[9,0],"37":[9,0],"38":[9,0],"39":[9,0],"40":[16,1],"41":[16,0],"42":[16,0],"43":[16,0],"44":[1,0],"45":[1,0],"46":[1,0],"47":[1,0],"48":[1,0],"49":[1,0],"50":[0,0],"51":[0,0],"52":[2,1],"53":[2,0],"54":[2,0],"55":[0,0],"56":[0,0],"57":[0,0],"58":[0,0]},"f":{"1":24,"2":162,"3":48,"4":0,"5":0,"6":0,"7":0,"8":0,"9":0,"10":0,"11":9,"12":1,"13":0,"14":0,"15":0,"16":3,"17":2,"18":0},"fnMap":{"1":{"name":"constructor","line":85,"loc":{"start":{"line":85,"column":4},"end":{"line":141,"column":4}}},"2":{"name":"unsafeInc","line":143,"loc":{"start":{"line":143,"column":4},"end":{"line":145,"column":4}}},"3":{"name":"isIncremental","line":147,"loc":{"start":{"line":147,"column":4},"end":{"line":156,"column":4}}},"4":{"name":"updateParams","line":165,"loc":{"start":{"line":163,"column":4},"end":{"line":181,"column":4}}},"5":{"name":"deleteParams","line":187,"loc":{"start":{"line":187,"column":4},"end":{"line":210,"column":4}}},"6":{"name":"updateEscrow","line":215,"loc":{"start":{"line":215,"column":4},"end":{"line":219,"column":4}}},"7":{"name":"slabs","line":224,"loc":{"start":{"line":224,"column":4},"end":{"line":230,"column":4}}},"8":{"name":"discountPercents","line":234,"loc":{"start":{"line":234,"column":4},"end":{"line":240,"column":4}}},"9":{"name":"updateDiscountSlabs","line":250,"loc":{"start":{"line":247,"column":4},"end":{"line":273,"column":4}}},"10":{"name":"enableDiscounts","line":280,"loc":{"start":{"line":280,"column":4},"end":{"line":287,"column":4}}},"11":{"name":"addNewTokens","line":306,"loc":{"start":{"line":299,"column":4},"end":{"line":365,"column":4}}},"12":{"name":"removeTokens","line":371,"loc":{"start":{"line":371,"column":4},"end":{"line":392,"column":4}}},"13":{"name":"disableDiscounts","line":397,"loc":{"start":{"line":397,"column":4},"end":{"line":399,"column":4}}},"14":{"name":"changeUsdPrecision","line":405,"loc":{"start":{"line":405,"column":4},"end":{"line":408,"column":4}}},"15":{"name":"updateStakedToken","line":414,"loc":{"start":{"line":414,"column":4},"end":{"line":420,"column":4}}},"16":{"name":"getUnderlyingPrice","line":428,"loc":{"start":{"line":428,"column":4},"end":{"line":460,"column":4}}},"17":{"name":"_toPrecision","line":469,"loc":{"start":{"line":469,"column":4},"end":{"line":481,"column":4}}},"18":{"name":"withdrawERC20","line":489,"loc":{"start":{"line":489,"column":4},"end":{"line":498,"column":4}}}},"statementMap":{"1":{"start":{"line":93,"column":8},"end":{"line":93,"column":2910}},"2":{"start":{"line":97,"column":8},"end":{"line":97,"column":3044}},"3":{"start":{"line":101,"column":8},"end":{"line":101,"column":3182}},"4":{"start":{"line":105,"column":8},"end":{"line":105,"column":3331}},"5":{"start":{"line":109,"column":8},"end":{"line":109,"column":82}},"6":{"start":{"line":110,"column":8},"end":{"line":110,"column":78}},"7":{"start":{"line":111,"column":8},"end":{"line":111,"column":3740}},"8":{"start":{"line":114,"column":8},"end":{"line":114,"column":3893}},"9":{"start":{"line":117,"column":8},"end":{"line":117,"column":3989}},"10":{"start":{"line":118,"column":12},"end":{"line":118,"column":98}},"11":{"start":{"line":119,"column":12},"end":{"line":119,"column":94}},"12":{"start":{"line":120,"column":12},"end":{"line":120,"column":43}},"13":{"start":{"line":121,"column":12},"end":{"line":121,"column":38}},"14":{"start":{"line":122,"column":12},"end":{"line":122,"column":34}},"15":{"start":{"line":123,"column":12},"end":{"line":123,"column":39}},"16":{"start":{"line":124,"column":12},"end":{"line":124,"column":28}},"17":{"start":{"line":125,"column":12},"end":{"line":125,"column":51}},"18":{"start":{"line":127,"column":8},"end":{"line":127,"column":41}},"19":{"start":{"line":128,"column":8},"end":{"line":128,"column":23}},"20":{"start":{"line":129,"column":8},"end":{"line":129,"column":108}},"21":{"start":{"line":130,"column":8},"end":{"line":130,"column":111}},"22":{"start":{"line":131,"column":8},"end":{"line":131,"column":4808}},"23":{"start":{"line":132,"column":12},"end":{"line":132,"column":101}},"24":{"start":{"line":133,"column":12},"end":{"line":133,"column":103}},"25":{"start":{"line":134,"column":12},"end":{"line":134,"column":5100}},"26":{"start":{"line":138,"column":12},"end":{"line":138,"column":40}},"27":{"start":{"line":140,"column":8},"end":{"line":140,"column":29}},"28":{"start":{"line":144,"column":20},"end":{"line":144,"column":32}},"29":{"start":{"line":148,"column":8},"end":{"line":148,"column":31}},"30":{"start":{"line":149,"column":8},"end":{"line":149,"column":5585}},"31":{"start":{"line":150,"column":12},"end":{"line":150,"column":5649}},"32":{"start":{"line":151,"column":16},"end":{"line":151,"column":34}},"33":{"start":{"line":155,"column":8},"end":{"line":155,"column":26}},"34":{"start":{"line":167,"column":8},"end":{"line":167,"column":6113}},"35":{"start":{"line":171,"column":8},"end":{"line":171,"column":6244}},"36":{"start":{"line":172,"column":12},"end":{"line":172,"column":43}},"37":{"start":{"line":173,"column":12},"end":{"line":173,"column":38}},"38":{"start":{"line":174,"column":12},"end":{"line":174,"column":34}},"39":{"start":{"line":175,"column":12},"end":{"line":175,"column":6442}},"40":{"start":{"line":176,"column":16},"end":{"line":176,"column":43}},"41":{"start":{"line":177,"column":16},"end":{"line":177,"column":32}},"42":{"start":{"line":179,"column":12},"end":{"line":179,"column":51}},"43":{"start":{"line":188,"column":8},"end":{"line":188,"column":69}},"44":{"start":{"line":189,"column":8},"end":{"line":189,"column":78}},"45":{"start":{"line":191,"column":8},"end":{"line":191,"column":6982}},"46":{"start":{"line":192,"column":12},"end":{"line":192,"column":43}},"47":{"start":{"line":193,"column":12},"end":{"line":193,"column":30}},"48":{"start":{"line":194,"column":12},"end":{"line":194,"column":7136}},"49":{"start":{"line":195,"column":16},"end":{"line":195,"column":44}},"50":{"start":{"line":196,"column":16},"end":{"line":196,"column":7232}},"51":{"start":{"line":197,"column":20},"end":{"line":197,"column":7315}},"52":{"start":{"line":201,"column":24},"end":{"line":201,"column":60}},"53":{"start":{"line":202,"column":24},"end":{"line":202,"column":35}},"54":{"start":{"line":206,"column":16},"end":{"line":206,"column":43}},"55":{"start":{"line":216,"column":8},"end":{"line":216,"column":97}},"56":{"start":{"line":217,"column":8},"end":{"line":217,"column":23}},"57":{"start":{"line":218,"column":8},"end":{"line":218,"column":34}},"58":{"start":{"line":225,"column":8},"end":{"line":225,"column":70}},"59":{"start":{"line":226,"column":8},"end":{"line":226,"column":8252}},"60":{"start":{"line":227,"column":12},"end":{"line":227,"column":46}},"61":{"start":{"line":229,"column":8},"end":{"line":229,"column":21}},"62":{"start":{"line":235,"column":8},"end":{"line":235,"column":72}},"63":{"start":{"line":236,"column":8},"end":{"line":236,"column":8642}},"64":{"start":{"line":237,"column":12},"end":{"line":237,"column":49}},"65":{"start":{"line":239,"column":8},"end":{"line":239,"column":23}},"66":{"start":{"line":251,"column":8},"end":{"line":251,"column":9212}},"67":{"start":{"line":255,"column":8},"end":{"line":255,"column":9456}},"68":{"start":{"line":258,"column":8},"end":{"line":258,"column":9633}},"69":{"start":{"line":262,"column":8},"end":{"line":262,"column":108}},"70":{"start":{"line":263,"column":8},"end":{"line":263,"column":111}},"71":{"start":{"line":264,"column":8},"end":{"line":264,"column":10009}},"72":{"start":{"line":265,"column":12},"end":{"line":265,"column":101}},"73":{"start":{"line":266,"column":12},"end":{"line":266,"column":103}},"74":{"start":{"line":267,"column":12},"end":{"line":267,"column":10301}},"75":{"start":{"line":271,"column":12},"end":{"line":271,"column":40}},"76":{"start":{"line":281,"column":8},"end":{"line":281,"column":10649}},"77":{"start":{"line":285,"column":8},"end":{"line":285,"column":30}},"78":{"start":{"line":286,"column":8},"end":{"line":286,"column":35}},"79":{"start":{"line":307,"column":8},"end":{"line":307,"column":79}},"80":{"start":{"line":308,"column":8},"end":{"line":308,"column":77}},"81":{"start":{"line":309,"column":8},"end":{"line":309,"column":81}},"82":{"start":{"line":310,"column":8},"end":{"line":310,"column":11757}},"83":{"start":{"line":315,"column":8},"end":{"line":315,"column":11927}},"84":{"start":{"line":320,"column":8},"end":{"line":320,"column":12099}},"85":{"start":{"line":325,"column":8},"end":{"line":325,"column":12276}},"86":{"start":{"line":329,"column":8},"end":{"line":329,"column":12453}},"87":{"start":{"line":333,"column":8},"end":{"line":333,"column":12636}},"88":{"start":{"line":338,"column":8},"end":{"line":338,"column":12831}},"89":{"start":{"line":339,"column":12},"end":{"line":339,"column":101}},"90":{"start":{"line":340,"column":12},"end":{"line":340,"column":107}},"91":{"start":{"line":341,"column":12},"end":{"line":341,"column":91}},"92":{"start":{"line":342,"column":12},"end":{"line":342,"column":65}},"93":{"start":{"line":343,"column":12},"end":{"line":343,"column":106}},"94":{"start":{"line":344,"column":12},"end":{"line":344,"column":13393}},"95":{"start":{"line":353,"column":12},"end":{"line":353,"column":45}},"96":{"start":{"line":354,"column":12},"end":{"line":354,"column":34}},"97":{"start":{"line":355,"column":12},"end":{"line":355,"column":45}},"98":{"start":{"line":356,"column":12},"end":{"line":356,"column":13804}},"99":{"start":{"line":372,"column":8},"end":{"line":372,"column":81}},"100":{"start":{"line":373,"column":8},"end":{"line":373,"column":81}},"101":{"start":{"line":376,"column":8},"end":{"line":376,"column":14393}},"102":{"start":{"line":377,"column":12},"end":{"line":377,"column":101}},"103":{"start":{"line":378,"column":12},"end":{"line":378,"column":14567}},"104":{"start":{"line":379,"column":16},"end":{"line":379,"column":77}},"105":{"start":{"line":380,"column":16},"end":{"line":380,"column":14704}},"106":{"start":{"line":381,"column":20},"end":{"line":381,"column":14787}},"107":{"start":{"line":382,"column":24},"end":{"line":382,"column":60}},"108":{"start":{"line":383,"column":24},"end":{"line":383,"column":35}},"109":{"start":{"line":384,"column":24},"end":{"line":384,"column":60}},"110":{"start":{"line":385,"column":24},"end":{"line":385,"column":47}},"111":{"start":{"line":388,"column":16},"end":{"line":388,"column":44}},"112":{"start":{"line":398,"column":8},"end":{"line":398,"column":31}},"113":{"start":{"line":406,"column":8},"end":{"line":406,"column":80}},"114":{"start":{"line":407,"column":8},"end":{"line":407,"column":28}},"115":{"start":{"line":415,"column":8},"end":{"line":415,"column":15754}},"116":{"start":{"line":419,"column":8},"end":{"line":419,"column":30}},"117":{"start":{"line":429,"column":8},"end":{"line":429,"column":54}},"118":{"start":{"line":430,"column":8},"end":{"line":430,"column":63}},"119":{"start":{"line":431,"column":8},"end":{"line":431,"column":22}},"120":{"start":{"line":432,"column":8},"end":{"line":432,"column":26}},"121":{"start":{"line":433,"column":8},"end":{"line":433,"column":16427}},"122":{"start":{"line":434,"column":12},"end":{"line":434,"column":16481}},"123":{"start":{"line":437,"column":12},"end":{"line":437,"column":16650}},"124":{"start":{"line":444,"column":12},"end":{"line":444,"column":34}},"125":{"start":{"line":445,"column":12},"end":{"line":445,"column":42}},"126":{"start":{"line":447,"column":12},"end":{"line":447,"column":77}},"127":{"start":{"line":448,"column":12},"end":{"line":448,"column":17028}},"128":{"start":{"line":451,"column":12},"end":{"line":451,"column":25}},"129":{"start":{"line":452,"column":12},"end":{"line":452,"column":33}},"130":{"start":{"line":454,"column":8},"end":{"line":454,"column":17219}},"131":{"start":{"line":459,"column":8},"end":{"line":459,"column":34}},"132":{"start":{"line":474,"column":8},"end":{"line":474,"column":52}},"133":{"start":{"line":475,"column":8},"end":{"line":475,"column":17853}},"134":{"start":{"line":476,"column":12},"end":{"line":476,"column":47}},"135":{"start":{"line":477,"column":15},"end":{"line":477,"column":17943}},"136":{"start":{"line":478,"column":12},"end":{"line":478,"column":52}},"137":{"start":{"line":480,"column":8},"end":{"line":480,"column":16}},"138":{"start":{"line":490,"column":8},"end":{"line":490,"column":99}},"139":{"start":{"line":491,"column":8},"end":{"line":491,"column":54}},"140":{"start":{"line":492,"column":8},"end":{"line":492,"column":37}},"141":{"start":{"line":493,"column":8},"end":{"line":493,"column":18515}},"142":{"start":{"line":497,"column":8},"end":{"line":497,"column":40}}},"branchMap":{"1":{"line":93,"type":"if","locations":[{"start":{"line":93,"column":8},"end":{"line":93,"column":8}},{"start":{"line":93,"column":8},"end":{"line":93,"column":8}}]},"2":{"line":97,"type":"if","locations":[{"start":{"line":97,"column":8},"end":{"line":97,"column":8}},{"start":{"line":97,"column":8},"end":{"line":97,"column":8}}]},"3":{"line":101,"type":"if","locations":[{"start":{"line":101,"column":8},"end":{"line":101,"column":8}},{"start":{"line":101,"column":8},"end":{"line":101,"column":8}}]},"4":{"line":105,"type":"if","locations":[{"start":{"line":105,"column":8},"end":{"line":105,"column":8}},{"start":{"line":105,"column":8},"end":{"line":105,"column":8}}]},"5":{"line":109,"type":"if","locations":[{"start":{"line":109,"column":8},"end":{"line":109,"column":8}},{"start":{"line":109,"column":8},"end":{"line":109,"column":8}}]},"6":{"line":110,"type":"if","locations":[{"start":{"line":110,"column":8},"end":{"line":110,"column":8}},{"start":{"line":110,"column":8},"end":{"line":110,"column":8}}]},"7":{"line":111,"type":"if","locations":[{"start":{"line":111,"column":8},"end":{"line":111,"column":8}},{"start":{"line":111,"column":8},"end":{"line":111,"column":8}}]},"8":{"line":114,"type":"if","locations":[{"start":{"line":114,"column":8},"end":{"line":114,"column":8}},{"start":{"line":114,"column":8},"end":{"line":114,"column":8}}]},"9":{"line":118,"type":"if","locations":[{"start":{"line":118,"column":12},"end":{"line":118,"column":12}},{"start":{"line":118,"column":12},"end":{"line":118,"column":12}}]},"10":{"line":119,"type":"if","locations":[{"start":{"line":119,"column":12},"end":{"line":119,"column":12}},{"start":{"line":119,"column":12},"end":{"line":119,"column":12}}]},"11":{"line":129,"type":"if","locations":[{"start":{"line":129,"column":8},"end":{"line":129,"column":8}},{"start":{"line":129,"column":8},"end":{"line":129,"column":8}}]},"12":{"line":130,"type":"if","locations":[{"start":{"line":130,"column":8},"end":{"line":130,"column":8}},{"start":{"line":130,"column":8},"end":{"line":130,"column":8}}]},"13":{"line":132,"type":"if","locations":[{"start":{"line":132,"column":12},"end":{"line":132,"column":12}},{"start":{"line":132,"column":12},"end":{"line":132,"column":12}}]},"14":{"line":133,"type":"if","locations":[{"start":{"line":133,"column":12},"end":{"line":133,"column":12}},{"start":{"line":133,"column":12},"end":{"line":133,"column":12}}]},"15":{"line":150,"type":"if","locations":[{"start":{"line":150,"column":12},"end":{"line":150,"column":12}},{"start":{"line":150,"column":12},"end":{"line":150,"column":12}}]},"16":{"line":167,"type":"if","locations":[{"start":{"line":167,"column":8},"end":{"line":167,"column":8}},{"start":{"line":167,"column":8},"end":{"line":167,"column":8}}]},"17":{"line":175,"type":"if","locations":[{"start":{"line":175,"column":12},"end":{"line":175,"column":12}},{"start":{"line":175,"column":12},"end":{"line":175,"column":12}}]},"18":{"line":188,"type":"if","locations":[{"start":{"line":188,"column":8},"end":{"line":188,"column":8}},{"start":{"line":188,"column":8},"end":{"line":188,"column":8}}]},"19":{"line":189,"type":"if","locations":[{"start":{"line":189,"column":8},"end":{"line":189,"column":8}},{"start":{"line":189,"column":8},"end":{"line":189,"column":8}}]},"20":{"line":194,"type":"if","locations":[{"start":{"line":194,"column":12},"end":{"line":194,"column":12}},{"start":{"line":194,"column":12},"end":{"line":194,"column":12}}]},"21":{"line":197,"type":"if","locations":[{"start":{"line":197,"column":20},"end":{"line":197,"column":20}},{"start":{"line":197,"column":20},"end":{"line":197,"column":20}}]},"22":{"line":216,"type":"if","locations":[{"start":{"line":216,"column":8},"end":{"line":216,"column":8}},{"start":{"line":216,"column":8},"end":{"line":216,"column":8}}]},"23":{"line":251,"type":"if","locations":[{"start":{"line":251,"column":8},"end":{"line":251,"column":8}},{"start":{"line":251,"column":8},"end":{"line":251,"column":8}}]},"24":{"line":255,"type":"if","locations":[{"start":{"line":255,"column":8},"end":{"line":255,"column":8}},{"start":{"line":255,"column":8},"end":{"line":255,"column":8}}]},"25":{"line":258,"type":"if","locations":[{"start":{"line":258,"column":8},"end":{"line":258,"column":8}},{"start":{"line":258,"column":8},"end":{"line":258,"column":8}}]},"26":{"line":262,"type":"if","locations":[{"start":{"line":262,"column":8},"end":{"line":262,"column":8}},{"start":{"line":262,"column":8},"end":{"line":262,"column":8}}]},"27":{"line":263,"type":"if","locations":[{"start":{"line":263,"column":8},"end":{"line":263,"column":8}},{"start":{"line":263,"column":8},"end":{"line":263,"column":8}}]},"28":{"line":265,"type":"if","locations":[{"start":{"line":265,"column":12},"end":{"line":265,"column":12}},{"start":{"line":265,"column":12},"end":{"line":265,"column":12}}]},"29":{"line":266,"type":"if","locations":[{"start":{"line":266,"column":12},"end":{"line":266,"column":12}},{"start":{"line":266,"column":12},"end":{"line":266,"column":12}}]},"30":{"line":281,"type":"if","locations":[{"start":{"line":281,"column":8},"end":{"line":281,"column":8}},{"start":{"line":281,"column":8},"end":{"line":281,"column":8}}]},"31":{"line":307,"type":"if","locations":[{"start":{"line":307,"column":8},"end":{"line":307,"column":8}},{"start":{"line":307,"column":8},"end":{"line":307,"column":8}}]},"32":{"line":308,"type":"if","locations":[{"start":{"line":308,"column":8},"end":{"line":308,"column":8}},{"start":{"line":308,"column":8},"end":{"line":308,"column":8}}]},"33":{"line":309,"type":"if","locations":[{"start":{"line":309,"column":8},"end":{"line":309,"column":8}},{"start":{"line":309,"column":8},"end":{"line":309,"column":8}}]},"34":{"line":310,"type":"if","locations":[{"start":{"line":310,"column":8},"end":{"line":310,"column":8}},{"start":{"line":310,"column":8},"end":{"line":310,"column":8}}]},"35":{"line":315,"type":"if","locations":[{"start":{"line":315,"column":8},"end":{"line":315,"column":8}},{"start":{"line":315,"column":8},"end":{"line":315,"column":8}}]},"36":{"line":320,"type":"if","locations":[{"start":{"line":320,"column":8},"end":{"line":320,"column":8}},{"start":{"line":320,"column":8},"end":{"line":320,"column":8}}]},"37":{"line":325,"type":"if","locations":[{"start":{"line":325,"column":8},"end":{"line":325,"column":8}},{"start":{"line":325,"column":8},"end":{"line":325,"column":8}}]},"38":{"line":329,"type":"if","locations":[{"start":{"line":329,"column":8},"end":{"line":329,"column":8}},{"start":{"line":329,"column":8},"end":{"line":329,"column":8}}]},"39":{"line":333,"type":"if","locations":[{"start":{"line":333,"column":8},"end":{"line":333,"column":8}},{"start":{"line":333,"column":8},"end":{"line":333,"column":8}}]},"40":{"line":339,"type":"if","locations":[{"start":{"line":339,"column":12},"end":{"line":339,"column":12}},{"start":{"line":339,"column":12},"end":{"line":339,"column":12}}]},"41":{"line":340,"type":"if","locations":[{"start":{"line":340,"column":12},"end":{"line":340,"column":12}},{"start":{"line":340,"column":12},"end":{"line":340,"column":12}}]},"42":{"line":341,"type":"if","locations":[{"start":{"line":341,"column":12},"end":{"line":341,"column":12}},{"start":{"line":341,"column":12},"end":{"line":341,"column":12}}]},"43":{"line":343,"type":"if","locations":[{"start":{"line":343,"column":12},"end":{"line":343,"column":12}},{"start":{"line":343,"column":12},"end":{"line":343,"column":12}}]},"44":{"line":372,"type":"if","locations":[{"start":{"line":372,"column":8},"end":{"line":372,"column":8}},{"start":{"line":372,"column":8},"end":{"line":372,"column":8}}]},"45":{"line":373,"type":"if","locations":[{"start":{"line":373,"column":8},"end":{"line":373,"column":8}},{"start":{"line":373,"column":8},"end":{"line":373,"column":8}}]},"46":{"line":377,"type":"if","locations":[{"start":{"line":377,"column":12},"end":{"line":377,"column":12}},{"start":{"line":377,"column":12},"end":{"line":377,"column":12}}]},"47":{"line":378,"type":"if","locations":[{"start":{"line":378,"column":12},"end":{"line":378,"column":12}},{"start":{"line":378,"column":12},"end":{"line":378,"column":12}}]},"48":{"line":379,"type":"if","locations":[{"start":{"line":379,"column":16},"end":{"line":379,"column":16}},{"start":{"line":379,"column":16},"end":{"line":379,"column":16}}]},"49":{"line":381,"type":"if","locations":[{"start":{"line":381,"column":20},"end":{"line":381,"column":20}},{"start":{"line":381,"column":20},"end":{"line":381,"column":20}}]},"50":{"line":406,"type":"if","locations":[{"start":{"line":406,"column":8},"end":{"line":406,"column":8}},{"start":{"line":406,"column":8},"end":{"line":406,"column":8}}]},"51":{"line":415,"type":"if","locations":[{"start":{"line":415,"column":8},"end":{"line":415,"column":8}},{"start":{"line":415,"column":8},"end":{"line":415,"column":8}}]},"52":{"line":430,"type":"if","locations":[{"start":{"line":430,"column":8},"end":{"line":430,"column":8}},{"start":{"line":430,"column":8},"end":{"line":430,"column":8}}]},"53":{"line":433,"type":"if","locations":[{"start":{"line":433,"column":8},"end":{"line":433,"column":8}},{"start":{"line":433,"column":8},"end":{"line":433,"column":8}}]},"54":{"line":475,"type":"if","locations":[{"start":{"line":475,"column":8},"end":{"line":475,"column":8}},{"start":{"line":475,"column":8},"end":{"line":475,"column":8}}]},"55":{"line":477,"type":"if","locations":[{"start":{"line":477,"column":15},"end":{"line":477,"column":15}},{"start":{"line":477,"column":15},"end":{"line":477,"column":15}}]},"56":{"line":490,"type":"if","locations":[{"start":{"line":490,"column":8},"end":{"line":490,"column":8}},{"start":{"line":490,"column":8},"end":{"line":490,"column":8}}]},"57":{"line":491,"type":"if","locations":[{"start":{"line":491,"column":8},"end":{"line":491,"column":8}},{"start":{"line":491,"column":8},"end":{"line":491,"column":8}}]},"58":{"line":493,"type":"if","locations":[{"start":{"line":493,"column":8},"end":{"line":493,"column":8}},{"start":{"line":493,"column":8},"end":{"line":493,"column":8}}]}}},"contracts/SubscriptionDePay.sol":{"l":{"58":24,"62":24,"66":24,"70":24,"71":24,"72":24,"80":3,"81":3,"82":3,"86":2,"93":0,"94":0,"98":0,"105":3,"112":0,"116":0,"117":0,"124":0,"128":0,"134":0,"138":0,"139":0,"148":2,"149":2,"153":2,"157":2,"158":2,"162":2,"163":2,"164":2,"165":2,"166":2,"167":2,"168":2,"169":2,"177":1,"178":1,"182":1,"186":1,"187":1,"191":1,"192":1,"193":1,"194":1,"203":0,"207":0,"211":0,"215":0,"216":0,"220":0,"221":0,"222":0,"238":1,"239":1,"240":1,"243":1,"246":1,"250":1,"255":1,"257":1,"258":3,"260":1,"261":1,"262":1,"266":1,"267":1,"268":1,"269":1,"280":0,"281":0,"285":0,"286":0,"288":0,"289":0,"290":0,"291":0,"304":0,"309":0,"313":0,"314":0,"315":0,"318":0,"319":0,"321":0,"322":0,"323":0,"327":0,"328":0,"329":0,"330":0,"337":0,"338":0,"345":0,"352":1,"356":1,"357":1,"370":1,"371":0,"372":0,"376":0,"377":0,"378":0,"379":0,"380":0,"381":0,"382":0,"384":0,"387":0,"400":1,"401":1,"402":1,"403":1,"408":1,"423":1,"424":1,"425":1,"427":0,"429":1,"437":1,"443":0,"449":0,"455":0,"459":44,"463":0,"466":0,"472":0},"path":"/Users/arome/Downloads/web3/audit/argo-subscription-payments-contract/contracts/SubscriptionDePay.sol","s":{"1":24,"2":24,"3":24,"4":24,"5":24,"6":24,"7":3,"8":3,"9":3,"10":0,"11":0,"12":3,"13":0,"14":0,"15":0,"16":0,"17":0,"18":0,"19":0,"20":0,"21":2,"22":2,"23":2,"24":2,"25":2,"26":2,"27":2,"28":2,"29":2,"30":2,"31":2,"32":2,"33":2,"34":1,"35":1,"36":1,"37":1,"38":1,"39":1,"40":1,"41":1,"42":1,"43":0,"44":0,"45":0,"46":0,"47":0,"48":0,"49":0,"50":0,"51":1,"52":1,"53":1,"54":1,"55":1,"56":1,"57":1,"58":1,"59":3,"60":1,"61":1,"62":1,"63":1,"64":1,"65":1,"66":1,"67":0,"68":0,"69":0,"70":0,"71":0,"72":0,"73":0,"74":0,"75":0,"76":0,"77":0,"78":0,"79":0,"80":0,"81":0,"82":0,"83":0,"84":0,"85":0,"86":0,"87":0,"88":0,"89":0,"90":0,"91":0,"92":1,"93":1,"94":1,"95":1,"96":1,"97":0,"98":0,"99":0,"100":0,"101":0,"102":0,"103":0,"104":0,"105":0,"106":0,"107":1,"108":1,"109":1,"110":1,"111":1,"112":1,"113":1,"114":1,"115":0,"116":0,"117":1,"118":1,"119":0,"120":0,"121":0,"122":44,"123":0,"124":0,"125":0},"b":{"1":[24,0],"2":[24,0],"3":[24,0],"4":[2,1],"5":[0,0],"6":[0,0],"7":[0,0],"8":[0,0],"9":[2,0],"10":[2,0],"11":[2,0],"12":[2,0],"13":[1,0],"14":[1,0],"15":[1,0],"16":[1,0],"17":[0,0],"18":[0,0],"19":[0,0],"20":[0,0],"21":[1,0],"22":[1,0],"23":[1,0],"24":[1,0],"25":[1,0],"26":[1,0],"27":[1,0],"28":[0,0],"29":[0,0],"30":[0,0],"31":[0,0],"32":[0,0],"33":[0,0],"34":[1,0],"35":[1,0],"36":[0,0],"37":[1,0],"38":[0,0]},"f":{"1":24,"2":3,"3":0,"4":3,"5":0,"6":0,"7":0,"8":2,"9":1,"10":0,"11":1,"12":0,"13":0,"14":0,"15":0,"16":1,"17":1,"18":1,"19":1,"20":1,"21":0,"22":0,"23":0,"24":44,"25":0,"26":0,"27":0},"fnMap":{"1":{"name":"constructor","line":57,"loc":{"start":{"line":57,"column":4},"end":{"line":74,"column":4}}},"2":{"name":"onlyOwnerOrManager","line":79,"loc":{"start":{"line":79,"column":4},"end":{"line":87,"column":4}}},"3":{"name":"onlyCompany","line":92,"loc":{"start":{"line":92,"column":4},"end":{"line":99,"column":4}}},"4":{"name":"unsafeInc","line":104,"loc":{"start":{"line":104,"column":4},"end":{"line":106,"column":4}}},"5":{"name":"setTreasury","line":111,"loc":{"start":{"line":111,"column":4},"end":{"line":118,"column":4}}},"6":{"name":"setCompany","line":123,"loc":{"start":{"line":123,"column":4},"end":{"line":129,"column":4}}},"7":{"name":"approveSetCompany","line":133,"loc":{"start":{"line":133,"column":4},"end":{"line":140,"column":4}}},"8":{"name":"userDeposit","line":147,"loc":{"start":{"line":147,"column":4},"end":{"line":170,"column":4}}},"9":{"name":"userWithdraw","line":176,"loc":{"start":{"line":176,"column":4},"end":{"line":195,"column":4}}},"10":{"name":"companyWithdraw","line":202,"loc":{"start":{"line":202,"column":4},"end":{"line":223,"column":4}}},"11":{"name":"chargeUser","line":237,"loc":{"start":{"line":232,"column":4},"end":{"line":270,"column":4}}},"12":{"name":"setUserSub","line":277,"loc":{"start":{"line":277,"column":4},"end":{"line":292,"column":4}}},"13":{"name":"chargeUserSub","line":302,"loc":{"start":{"line":299,"column":4},"end":{"line":331,"column":4}}},"14":{"name":"changeDepositStatus","line":336,"loc":{"start":{"line":336,"column":4},"end":{"line":339,"column":4}}},"15":{"name":"changeWithdrawalStatus","line":344,"loc":{"start":{"line":344,"column":4},"end":{"line":346,"column":4}}},"16":{"name":"updateDataContract","line":351,"loc":{"start":{"line":351,"column":4},"end":{"line":358,"column":4}}},"17":{"name":"_calculateDiscount","line":365,"loc":{"start":{"line":365,"column":4},"end":{"line":388,"column":4}}},"18":{"name":"_calculatePriceInToken","line":396,"loc":{"start":{"line":396,"column":4},"end":{"line":409,"column":4}}},"19":{"name":"_toPrecision","line":418,"loc":{"start":{"line":418,"column":4},"end":{"line":430,"column":4}}},"20":{"name":"getUserData","line":436,"loc":{"start":{"line":436,"column":4},"end":{"line":438,"column":4}}},"21":{"name":"getTotalDeposit","line":442,"loc":{"start":{"line":442,"column":4},"end":{"line":444,"column":4}}},"22":{"name":"getTotalWithdraws","line":448,"loc":{"start":{"line":448,"column":4},"end":{"line":450,"column":4}}},"23":{"name":"getTotalCharges","line":454,"loc":{"start":{"line":454,"column":4},"end":{"line":456,"column":4}}},"24":{"name":"_msgSender","line":457,"loc":{"start":{"line":457,"column":4},"end":{"line":460,"column":4}}},"25":{"name":"_msgData","line":461,"loc":{"start":{"line":461,"column":4},"end":{"line":464,"column":4}}},"26":{"name":"setTrustedForwarder","line":465,"loc":{"start":{"line":465,"column":4},"end":{"line":467,"column":4}}},"27":{"name":"renounceOwnership","line":471,"loc":{"start":{"line":471,"column":4},"end":{"line":473,"column":4}}}},"statementMap":{"1":{"start":{"line":58,"column":8},"end":{"line":58,"column":2318}},"2":{"start":{"line":62,"column":8},"end":{"line":62,"column":2455}},"3":{"start":{"line":66,"column":8},"end":{"line":66,"column":2590}},"4":{"start":{"line":70,"column":8},"end":{"line":70,"column":50}},"5":{"start":{"line":71,"column":8},"end":{"line":71,"column":27}},"6":{"start":{"line":72,"column":8},"end":{"line":72,"column":25}},"7":{"start":{"line":80,"column":8},"end":{"line":80,"column":72}},"8":{"start":{"line":81,"column":8},"end":{"line":81,"column":31}},"9":{"start":{"line":82,"column":8},"end":{"line":82,"column":3069}},"10":{"start":{"line":93,"column":8},"end":{"line":93,"column":31}},"11":{"start":{"line":94,"column":8},"end":{"line":94,"column":3344}},"12":{"start":{"line":105,"column":20},"end":{"line":105,"column":32}},"13":{"start":{"line":112,"column":8},"end":{"line":112,"column":3886}},"14":{"start":{"line":116,"column":8},"end":{"line":116,"column":27}},"15":{"start":{"line":117,"column":8},"end":{"line":117,"column":34}},"16":{"start":{"line":124,"column":8},"end":{"line":124,"column":4257}},"17":{"start":{"line":128,"column":8},"end":{"line":128,"column":32}},"18":{"start":{"line":134,"column":8},"end":{"line":134,"column":4559}},"19":{"start":{"line":138,"column":8},"end":{"line":138,"column":31}},"20":{"start":{"line":139,"column":8},"end":{"line":139,"column":32}},"21":{"start":{"line":148,"column":8},"end":{"line":148,"column":50}},"22":{"start":{"line":149,"column":8},"end":{"line":149,"column":5094}},"23":{"start":{"line":153,"column":8},"end":{"line":153,"column":5238}},"24":{"start":{"line":157,"column":8},"end":{"line":157,"column":37}},"25":{"start":{"line":158,"column":8},"end":{"line":158,"column":5407}},"26":{"start":{"line":162,"column":8},"end":{"line":162,"column":53}},"27":{"start":{"line":163,"column":8},"end":{"line":163,"column":62}},"28":{"start":{"line":164,"column":8},"end":{"line":164,"column":54}},"29":{"start":{"line":165,"column":8},"end":{"line":165,"column":49}},"30":{"start":{"line":166,"column":8},"end":{"line":166,"column":37}},"31":{"start":{"line":167,"column":8},"end":{"line":167,"column":55}},"32":{"start":{"line":168,"column":8},"end":{"line":168,"column":55}},"33":{"start":{"line":169,"column":8},"end":{"line":169,"column":54}},"34":{"start":{"line":177,"column":8},"end":{"line":177,"column":56}},"35":{"start":{"line":178,"column":8},"end":{"line":178,"column":6351}},"36":{"start":{"line":182,"column":8},"end":{"line":182,"column":6480}},"37":{"start":{"line":186,"column":8},"end":{"line":186,"column":37}},"38":{"start":{"line":187,"column":8},"end":{"line":187,"column":6703}},"39":{"start":{"line":191,"column":8},"end":{"line":191,"column":56}},"40":{"start":{"line":192,"column":8},"end":{"line":192,"column":40}},"41":{"start":{"line":193,"column":8},"end":{"line":193,"column":62}},"42":{"start":{"line":194,"column":8},"end":{"line":194,"column":56}},"43":{"start":{"line":203,"column":8},"end":{"line":203,"column":7380}},"44":{"start":{"line":207,"column":8},"end":{"line":207,"column":7484}},"45":{"start":{"line":211,"column":8},"end":{"line":211,"column":7601}},"46":{"start":{"line":215,"column":8},"end":{"line":215,"column":37}},"47":{"start":{"line":216,"column":8},"end":{"line":216,"column":7809}},"48":{"start":{"line":220,"column":8},"end":{"line":220,"column":40}},"49":{"start":{"line":221,"column":8},"end":{"line":221,"column":57}},"50":{"start":{"line":222,"column":8},"end":{"line":222,"column":56}},"51":{"start":{"line":238,"column":8},"end":{"line":238,"column":88}},"52":{"start":{"line":239,"column":8},"end":{"line":239,"column":90}},"53":{"start":{"line":240,"column":8},"end":{"line":240,"column":8745}},"54":{"start":{"line":243,"column":8},"end":{"line":243,"column":8850}},"55":{"start":{"line":246,"column":8},"end":{"line":246,"column":8951}},"56":{"start":{"line":250,"column":8},"end":{"line":250,"column":9096}},"57":{"start":{"line":255,"column":8},"end":{"line":255,"column":23}},"58":{"start":{"line":257,"column":8},"end":{"line":257,"column":9267}},"59":{"start":{"line":258,"column":12},"end":{"line":258,"column":73}},"60":{"start":{"line":260,"column":8},"end":{"line":260,"column":68}},"61":{"start":{"line":261,"column":8},"end":{"line":261,"column":74}},"62":{"start":{"line":262,"column":8},"end":{"line":262,"column":9571}},"63":{"start":{"line":266,"column":8},"end":{"line":266,"column":52}},"64":{"start":{"line":267,"column":8},"end":{"line":267,"column":41}},"65":{"start":{"line":268,"column":8},"end":{"line":268,"column":43}},"66":{"start":{"line":269,"column":8},"end":{"line":269,"column":51}},"67":{"start":{"line":280,"column":8},"end":{"line":280,"column":76}},"68":{"start":{"line":281,"column":8},"end":{"line":281,"column":10299}},"69":{"start":{"line":285,"column":8},"end":{"line":285,"column":10440}},"70":{"start":{"line":286,"column":12},"end":{"line":286,"column":80}},"71":{"start":{"line":288,"column":8},"end":{"line":288,"column":45}},"72":{"start":{"line":289,"column":8},"end":{"line":289,"column":45}},"73":{"start":{"line":290,"column":8},"end":{"line":290,"column":46}},"74":{"start":{"line":291,"column":8},"end":{"line":291,"column":59}},"75":{"start":{"line":304,"column":8},"end":{"line":304,"column":11064}},"76":{"start":{"line":309,"column":8},"end":{"line":309,"column":11204}},"77":{"start":{"line":313,"column":8},"end":{"line":313,"column":49}},"78":{"start":{"line":314,"column":8},"end":{"line":314,"column":50}},"79":{"start":{"line":315,"column":8},"end":{"line":315,"column":23}},"80":{"start":{"line":318,"column":8},"end":{"line":318,"column":11478}},"81":{"start":{"line":319,"column":12},"end":{"line":319,"column":57}},"82":{"start":{"line":321,"column":8},"end":{"line":321,"column":68}},"83":{"start":{"line":322,"column":8},"end":{"line":322,"column":74}},"84":{"start":{"line":323,"column":8},"end":{"line":323,"column":11756}},"85":{"start":{"line":327,"column":8},"end":{"line":327,"column":52}},"86":{"start":{"line":328,"column":8},"end":{"line":328,"column":41}},"87":{"start":{"line":329,"column":8},"end":{"line":329,"column":43}},"88":{"start":{"line":330,"column":8},"end":{"line":330,"column":51}},"89":{"start":{"line":337,"column":8},"end":{"line":337,"column":35}},"90":{"start":{"line":338,"column":8},"end":{"line":338,"column":47}},"91":{"start":{"line":345,"column":8},"end":{"line":345,"column":41}},"92":{"start":{"line":352,"column":8},"end":{"line":352,"column":12737}},"93":{"start":{"line":356,"column":8},"end":{"line":356,"column":46}},"94":{"start":{"line":357,"column":8},"end":{"line":357,"column":35}},"95":{"start":{"line":370,"column":8},"end":{"line":370,"column":58}},"96":{"start":{"line":370,"column":50},"end":{"line":370,"column":58}},"97":{"start":{"line":371,"column":8},"end":{"line":371,"column":77}},"98":{"start":{"line":372,"column":8},"end":{"line":372,"column":13421}},"99":{"start":{"line":376,"column":8},"end":{"line":376,"column":65}},"100":{"start":{"line":377,"column":8},"end":{"line":377,"column":79}},"101":{"start":{"line":378,"column":8},"end":{"line":378,"column":45}},"102":{"start":{"line":379,"column":8},"end":{"line":379,"column":27}},"103":{"start":{"line":380,"column":8},"end":{"line":380,"column":13772}},"104":{"start":{"line":381,"column":12},"end":{"line":381,"column":13840}},"105":{"start":{"line":382,"column":16},"end":{"line":382,"column":44}},"106":{"start":{"line":387,"column":8},"end":{"line":387,"column":50}},"107":{"start":{"line":400,"column":8},"end":{"line":400,"column":75}},"108":{"start":{"line":401,"column":8},"end":{"line":401,"column":40}},"109":{"start":{"line":402,"column":8},"end":{"line":402,"column":74}},"110":{"start":{"line":403,"column":8},"end":{"line":403,"column":14565}},"111":{"start":{"line":408,"column":8},"end":{"line":408,"column":48}},"112":{"start":{"line":423,"column":8},"end":{"line":423,"column":52}},"113":{"start":{"line":424,"column":8},"end":{"line":424,"column":15263}},"114":{"start":{"line":425,"column":12},"end":{"line":425,"column":47}},"115":{"start":{"line":426,"column":15},"end":{"line":426,"column":15353}},"116":{"start":{"line":427,"column":12},"end":{"line":427,"column":52}},"117":{"start":{"line":429,"column":8},"end":{"line":429,"column":16}},"118":{"start":{"line":437,"column":8},"end":{"line":437,"column":38}},"119":{"start":{"line":443,"column":8},"end":{"line":443,"column":30}},"120":{"start":{"line":449,"column":8},"end":{"line":449,"column":32}},"121":{"start":{"line":455,"column":8},"end":{"line":455,"column":30}},"122":{"start":{"line":459,"column":6},"end":{"line":459,"column":41}},"123":{"start":{"line":463,"column":6},"end":{"line":463,"column":38}},"124":{"start":{"line":466,"column":8},"end":{"line":466,"column":53}},"125":{"start":{"line":472,"column":8},"end":{"line":472,"column":71}}},"branchMap":{"1":{"line":58,"type":"if","locations":[{"start":{"line":58,"column":8},"end":{"line":58,"column":8}},{"start":{"line":58,"column":8},"end":{"line":58,"column":8}}]},"2":{"line":62,"type":"if","locations":[{"start":{"line":62,"column":8},"end":{"line":62,"column":8}},{"start":{"line":62,"column":8},"end":{"line":62,"column":8}}]},"3":{"line":66,"type":"if","locations":[{"start":{"line":66,"column":8},"end":{"line":66,"column":8}},{"start":{"line":66,"column":8},"end":{"line":66,"column":8}}]},"4":{"line":82,"type":"if","locations":[{"start":{"line":82,"column":8},"end":{"line":82,"column":8}},{"start":{"line":82,"column":8},"end":{"line":82,"column":8}}]},"5":{"line":94,"type":"if","locations":[{"start":{"line":94,"column":8},"end":{"line":94,"column":8}},{"start":{"line":94,"column":8},"end":{"line":94,"column":8}}]},"6":{"line":112,"type":"if","locations":[{"start":{"line":112,"column":8},"end":{"line":112,"column":8}},{"start":{"line":112,"column":8},"end":{"line":112,"column":8}}]},"7":{"line":124,"type":"if","locations":[{"start":{"line":124,"column":8},"end":{"line":124,"column":8}},{"start":{"line":124,"column":8},"end":{"line":124,"column":8}}]},"8":{"line":134,"type":"if","locations":[{"start":{"line":134,"column":8},"end":{"line":134,"column":8}},{"start":{"line":134,"column":8},"end":{"line":134,"column":8}}]},"9":{"line":148,"type":"if","locations":[{"start":{"line":148,"column":8},"end":{"line":148,"column":8}},{"start":{"line":148,"column":8},"end":{"line":148,"column":8}}]},"10":{"line":149,"type":"if","locations":[{"start":{"line":149,"column":8},"end":{"line":149,"column":8}},{"start":{"line":149,"column":8},"end":{"line":149,"column":8}}]},"11":{"line":153,"type":"if","locations":[{"start":{"line":153,"column":8},"end":{"line":153,"column":8}},{"start":{"line":153,"column":8},"end":{"line":153,"column":8}}]},"12":{"line":158,"type":"if","locations":[{"start":{"line":158,"column":8},"end":{"line":158,"column":8}},{"start":{"line":158,"column":8},"end":{"line":158,"column":8}}]},"13":{"line":177,"type":"if","locations":[{"start":{"line":177,"column":8},"end":{"line":177,"column":8}},{"start":{"line":177,"column":8},"end":{"line":177,"column":8}}]},"14":{"line":178,"type":"if","locations":[{"start":{"line":178,"column":8},"end":{"line":178,"column":8}},{"start":{"line":178,"column":8},"end":{"line":178,"column":8}}]},"15":{"line":182,"type":"if","locations":[{"start":{"line":182,"column":8},"end":{"line":182,"column":8}},{"start":{"line":182,"column":8},"end":{"line":182,"column":8}}]},"16":{"line":187,"type":"if","locations":[{"start":{"line":187,"column":8},"end":{"line":187,"column":8}},{"start":{"line":187,"column":8},"end":{"line":187,"column":8}}]},"17":{"line":203,"type":"if","locations":[{"start":{"line":203,"column":8},"end":{"line":203,"column":8}},{"start":{"line":203,"column":8},"end":{"line":203,"column":8}}]},"18":{"line":207,"type":"if","locations":[{"start":{"line":207,"column":8},"end":{"line":207,"column":8}},{"start":{"line":207,"column":8},"end":{"line":207,"column":8}}]},"19":{"line":211,"type":"if","locations":[{"start":{"line":211,"column":8},"end":{"line":211,"column":8}},{"start":{"line":211,"column":8},"end":{"line":211,"column":8}}]},"20":{"line":216,"type":"if","locations":[{"start":{"line":216,"column":8},"end":{"line":216,"column":8}},{"start":{"line":216,"column":8},"end":{"line":216,"column":8}}]},"21":{"line":238,"type":"if","locations":[{"start":{"line":238,"column":8},"end":{"line":238,"column":8}},{"start":{"line":238,"column":8},"end":{"line":238,"column":8}}]},"22":{"line":239,"type":"if","locations":[{"start":{"line":239,"column":8},"end":{"line":239,"column":8}},{"start":{"line":239,"column":8},"end":{"line":239,"column":8}}]},"23":{"line":240,"type":"if","locations":[{"start":{"line":240,"column":8},"end":{"line":240,"column":8}},{"start":{"line":240,"column":8},"end":{"line":240,"column":8}}]},"24":{"line":243,"type":"if","locations":[{"start":{"line":243,"column":8},"end":{"line":243,"column":8}},{"start":{"line":243,"column":8},"end":{"line":243,"column":8}}]},"25":{"line":246,"type":"if","locations":[{"start":{"line":246,"column":8},"end":{"line":246,"column":8}},{"start":{"line":246,"column":8},"end":{"line":246,"column":8}}]},"26":{"line":250,"type":"if","locations":[{"start":{"line":250,"column":8},"end":{"line":250,"column":8}},{"start":{"line":250,"column":8},"end":{"line":250,"column":8}}]},"27":{"line":262,"type":"if","locations":[{"start":{"line":262,"column":8},"end":{"line":262,"column":8}},{"start":{"line":262,"column":8},"end":{"line":262,"column":8}}]},"28":{"line":280,"type":"if","locations":[{"start":{"line":280,"column":8},"end":{"line":280,"column":8}},{"start":{"line":280,"column":8},"end":{"line":280,"column":8}}]},"29":{"line":281,"type":"if","locations":[{"start":{"line":281,"column":8},"end":{"line":281,"column":8}},{"start":{"line":281,"column":8},"end":{"line":281,"column":8}}]},"30":{"line":286,"type":"if","locations":[{"start":{"line":286,"column":12},"end":{"line":286,"column":12}},{"start":{"line":286,"column":12},"end":{"line":286,"column":12}}]},"31":{"line":304,"type":"if","locations":[{"start":{"line":304,"column":8},"end":{"line":304,"column":8}},{"start":{"line":304,"column":8},"end":{"line":304,"column":8}}]},"32":{"line":309,"type":"if","locations":[{"start":{"line":309,"column":8},"end":{"line":309,"column":8}},{"start":{"line":309,"column":8},"end":{"line":309,"column":8}}]},"33":{"line":323,"type":"if","locations":[{"start":{"line":323,"column":8},"end":{"line":323,"column":8}},{"start":{"line":323,"column":8},"end":{"line":323,"column":8}}]},"34":{"line":352,"type":"if","locations":[{"start":{"line":352,"column":8},"end":{"line":352,"column":8}},{"start":{"line":352,"column":8},"end":{"line":352,"column":8}}]},"35":{"line":370,"type":"if","locations":[{"start":{"line":370,"column":8},"end":{"line":370,"column":8}},{"start":{"line":370,"column":8},"end":{"line":370,"column":8}}]},"36":{"line":381,"type":"if","locations":[{"start":{"line":381,"column":12},"end":{"line":381,"column":12}},{"start":{"line":381,"column":12},"end":{"line":381,"column":12}}]},"37":{"line":424,"type":"if","locations":[{"start":{"line":424,"column":8},"end":{"line":424,"column":8}},{"start":{"line":424,"column":8},"end":{"line":424,"column":8}}]},"38":{"line":426,"type":"if","locations":[{"start":{"line":426,"column":15},"end":{"line":426,"column":15}},{"start":{"line":426,"column":15},"end":{"line":426,"column":15}}]}}},"contracts/SubscriptionPayments.sol":{"l":{"21":0,"22":0,"23":0,"27":0,"35":0,"39":0,"44":0,"60":0,"64":0,"69":0,"71":0,"72":0,"74":0,"75":0,"77":0,"78":0,"82":0,"86":0,"87":0,"99":0,"108":0,"109":0,"110":0,"114":0,"127":0,"128":0,"129":0,"133":0,"134":0,"135":0,"136":0,"137":0,"138":0,"139":0,"141":0,"144":0,"152":0,"156":0,"171":0,"172":0,"173":0,"175":0,"177":0,"186":0,"187":0,"188":0,"192":0},"path":"/Users/arome/Downloads/web3/audit/argo-subscription-payments-contract/contracts/SubscriptionPayments.sol","s":{"1":0,"2":0,"3":0,"4":0,"5":0,"6":0,"7":0,"8":0,"9":0,"10":0,"11":0,"12":0,"13":0,"14":0,"15":0,"16":0,"17":0,"18":0,"19":0,"20":0,"21":0,"22":0,"23":0,"24":0,"25":0,"26":0,"27":0,"28":0,"29":0,"30":0,"31":0,"32":0,"33":0,"34":0,"35":0,"36":0,"37":0,"38":0,"39":0,"40":0,"41":0,"42":0,"43":0,"44":0,"45":0,"46":0,"47":0},"b":{"1":[0,0],"2":[0,0],"3":[0,0],"4":[0,0],"5":[0,0],"6":[0,0],"7":[0,0],"8":[0,0],"9":[0,0],"10":[0,0],"11":[0,0],"12":[0,0],"13":[0,0]},"f":{"1":0,"2":0,"3":0,"4":0,"5":0,"6":0,"7":0,"8":0,"9":0},"fnMap":{"1":{"name":"onlyManager","line":20,"loc":{"start":{"line":20,"column":4},"end":{"line":28,"column":4}}},"2":{"name":"constructor","line":34,"loc":{"start":{"line":34,"column":4},"end":{"line":40,"column":4}}},"3":{"name":"unsafeInc","line":43,"loc":{"start":{"line":43,"column":4},"end":{"line":45,"column":4}}},"4":{"name":"chargeUser","line":59,"loc":{"start":{"line":54,"column":4},"end":{"line":88,"column":4}}},"5":{"name":"_calculatePriceInToken","line":95,"loc":{"start":{"line":95,"column":4},"end":{"line":115,"column":4}}},"6":{"name":"_calculateDiscount","line":122,"loc":{"start":{"line":122,"column":4},"end":{"line":145,"column":4}}},"7":{"name":"updateDataContract","line":151,"loc":{"start":{"line":151,"column":4},"end":{"line":157,"column":4}}},"8":{"name":"_toPrecision","line":166,"loc":{"start":{"line":166,"column":4},"end":{"line":178,"column":4}}},"9":{"name":"withdrawERC20","line":185,"loc":{"start":{"line":185,"column":4},"end":{"line":193,"column":4}}}},"statementMap":{"1":{"start":{"line":21,"column":8},"end":{"line":21,"column":70}},"2":{"start":{"line":22,"column":8},"end":{"line":22,"column":31}},"3":{"start":{"line":23,"column":8},"end":{"line":23,"column":740}},"4":{"start":{"line":35,"column":8},"end":{"line":35,"column":1022}},"5":{"start":{"line":39,"column":8},"end":{"line":39,"column":46}},"6":{"start":{"line":44,"column":20},"end":{"line":44,"column":32}},"7":{"start":{"line":60,"column":8},"end":{"line":60,"column":1767}},"8":{"start":{"line":64,"column":8},"end":{"line":64,"column":1893}},"9":{"start":{"line":69,"column":8},"end":{"line":69,"column":23}},"10":{"start":{"line":71,"column":8},"end":{"line":71,"column":2056}},"11":{"start":{"line":72,"column":12},"end":{"line":72,"column":57}},"12":{"start":{"line":74,"column":8},"end":{"line":74,"column":59}},"13":{"start":{"line":75,"column":8},"end":{"line":75,"column":64}},"14":{"start":{"line":77,"column":8},"end":{"line":77,"column":32}},"15":{"start":{"line":78,"column":8},"end":{"line":78,"column":2350}},"16":{"start":{"line":82,"column":8},"end":{"line":82,"column":2483}},"17":{"start":{"line":86,"column":8},"end":{"line":86,"column":67}},"18":{"start":{"line":87,"column":8},"end":{"line":87,"column":39}},"19":{"start":{"line":99,"column":8},"end":{"line":99,"column":3005}},"20":{"start":{"line":108,"column":8},"end":{"line":108,"column":40}},"21":{"start":{"line":109,"column":8},"end":{"line":109,"column":74}},"22":{"start":{"line":110,"column":8},"end":{"line":110,"column":3422}},"23":{"start":{"line":114,"column":8},"end":{"line":114,"column":48}},"24":{"start":{"line":127,"column":8},"end":{"line":127,"column":58}},"25":{"start":{"line":127,"column":50},"end":{"line":127,"column":58}},"26":{"start":{"line":128,"column":8},"end":{"line":128,"column":77}},"27":{"start":{"line":129,"column":8},"end":{"line":129,"column":4011}},"28":{"start":{"line":133,"column":8},"end":{"line":133,"column":65}},"29":{"start":{"line":134,"column":8},"end":{"line":134,"column":79}},"30":{"start":{"line":135,"column":8},"end":{"line":135,"column":45}},"31":{"start":{"line":136,"column":8},"end":{"line":136,"column":27}},"32":{"start":{"line":137,"column":8},"end":{"line":137,"column":4362}},"33":{"start":{"line":138,"column":12},"end":{"line":138,"column":4430}},"34":{"start":{"line":139,"column":16},"end":{"line":139,"column":44}},"35":{"start":{"line":144,"column":8},"end":{"line":144,"column":50}},"36":{"start":{"line":152,"column":8},"end":{"line":152,"column":4808}},"37":{"start":{"line":156,"column":8},"end":{"line":156,"column":46}},"38":{"start":{"line":171,"column":8},"end":{"line":171,"column":52}},"39":{"start":{"line":172,"column":8},"end":{"line":172,"column":5440}},"40":{"start":{"line":173,"column":12},"end":{"line":173,"column":47}},"41":{"start":{"line":174,"column":15},"end":{"line":174,"column":5530}},"42":{"start":{"line":175,"column":12},"end":{"line":175,"column":52}},"43":{"start":{"line":177,"column":8},"end":{"line":177,"column":16}},"44":{"start":{"line":186,"column":8},"end":{"line":186,"column":54}},"45":{"start":{"line":187,"column":8},"end":{"line":187,"column":32}},"46":{"start":{"line":188,"column":8},"end":{"line":188,"column":5984}},"47":{"start":{"line":192,"column":8},"end":{"line":192,"column":36}}},"branchMap":{"1":{"line":23,"type":"if","locations":[{"start":{"line":23,"column":8},"end":{"line":23,"column":8}},{"start":{"line":23,"column":8},"end":{"line":23,"column":8}}]},"2":{"line":35,"type":"if","locations":[{"start":{"line":35,"column":8},"end":{"line":35,"column":8}},{"start":{"line":35,"column":8},"end":{"line":35,"column":8}}]},"3":{"line":60,"type":"if","locations":[{"start":{"line":60,"column":8},"end":{"line":60,"column":8}},{"start":{"line":60,"column":8},"end":{"line":60,"column":8}}]},"4":{"line":64,"type":"if","locations":[{"start":{"line":64,"column":8},"end":{"line":64,"column":8}},{"start":{"line":64,"column":8},"end":{"line":64,"column":8}}]},"5":{"line":78,"type":"if","locations":[{"start":{"line":78,"column":8},"end":{"line":78,"column":8}},{"start":{"line":78,"column":8},"end":{"line":78,"column":8}}]},"6":{"line":82,"type":"if","locations":[{"start":{"line":82,"column":8},"end":{"line":82,"column":8}},{"start":{"line":82,"column":8},"end":{"line":82,"column":8}}]},"7":{"line":127,"type":"if","locations":[{"start":{"line":127,"column":8},"end":{"line":127,"column":8}},{"start":{"line":127,"column":8},"end":{"line":127,"column":8}}]},"8":{"line":138,"type":"if","locations":[{"start":{"line":138,"column":12},"end":{"line":138,"column":12}},{"start":{"line":138,"column":12},"end":{"line":138,"column":12}}]},"9":{"line":152,"type":"if","locations":[{"start":{"line":152,"column":8},"end":{"line":152,"column":8}},{"start":{"line":152,"column":8},"end":{"line":152,"column":8}}]},"10":{"line":172,"type":"if","locations":[{"start":{"line":172,"column":8},"end":{"line":172,"column":8}},{"start":{"line":172,"column":8},"end":{"line":172,"column":8}}]},"11":{"line":174,"type":"if","locations":[{"start":{"line":174,"column":15},"end":{"line":174,"column":15}},{"start":{"line":174,"column":15},"end":{"line":174,"column":15}}]},"12":{"line":186,"type":"if","locations":[{"start":{"line":186,"column":8},"end":{"line":186,"column":8}},{"start":{"line":186,"column":8},"end":{"line":186,"column":8}}]},"13":{"line":188,"type":"if","locations":[{"start":{"line":188,"column":8},"end":{"line":188,"column":8}},{"start":{"line":188,"column":8},"end":{"line":188,"column":8}}]}}},"contracts/utils/Context.sol":{"l":{"17":0,"21":0},"path":"/Users/arome/Downloads/web3/audit/argo-subscription-payments-contract/contracts/utils/Context.sol","s":{"1":0,"2":0},"b":{},"f":{"1":0,"2":0},"fnMap":{"1":{"name":"_msgSender","line":16,"loc":{"start":{"line":16,"column":4},"end":{"line":18,"column":4}}},"2":{"name":"_msgData","line":20,"loc":{"start":{"line":20,"column":4},"end":{"line":22,"column":4}}}},"statementMap":{"1":{"start":{"line":17,"column":8},"end":{"line":17,"column":25}},"2":{"start":{"line":21,"column":8},"end":{"line":21,"column":23}}},"branchMap":{}},"contracts/utils/ERC2771Context.sol":{"l":{"14":24,"18":44,"22":44,"24":0,"28":44,"33":0,"34":0,"36":0,"41":0},"path":"/Users/arome/Downloads/web3/audit/argo-subscription-payments-contract/contracts/utils/ERC2771Context.sol","s":{"1":24,"2":44,"3":44,"4":44,"5":0,"6":0,"7":0,"8":0},"b":{"1":[0,44],"2":[0,0]},"f":{"1":24,"2":44,"3":44,"4":0,"5":0},"fnMap":{"1":{"name":"constructor","line":13,"loc":{"start":{"line":13,"column":4},"end":{"line":15,"column":4}}},"2":{"name":"isTrustedForwarder","line":17,"loc":{"start":{"line":17,"column":4},"end":{"line":19,"column":4}}},"3":{"name":"_msgSender","line":21,"loc":{"start":{"line":21,"column":4},"end":{"line":30,"column":4}}},"4":{"name":"_msgData","line":32,"loc":{"start":{"line":32,"column":4},"end":{"line":38,"column":4}}},"5":{"name":"setTrustedForwarder","line":40,"loc":{"start":{"line":40,"column":4},"end":{"line":42,"column":4}}}},"statementMap":{"1":{"start":{"line":14,"column":8},"end":{"line":14,"column":43}},"2":{"start":{"line":18,"column":8},"end":{"line":18,"column":45}},"3":{"start":{"line":22,"column":8},"end":{"line":22,"column":591}},"4":{"start":{"line":28,"column":12},"end":{"line":28,"column":37}},"5":{"start":{"line":33,"column":8},"end":{"line":33,"column":996}},"6":{"start":{"line":34,"column":12},"end":{"line":34,"column":50}},"7":{"start":{"line":36,"column":12},"end":{"line":36,"column":35}},"8":{"start":{"line":41,"column":8},"end":{"line":41,"column":36}}},"branchMap":{"1":{"line":22,"type":"if","locations":[{"start":{"line":22,"column":8},"end":{"line":22,"column":8}},{"start":{"line":22,"column":8},"end":{"line":22,"column":8}}]},"2":{"line":33,"type":"if","locations":[{"start":{"line":33,"column":8},"end":{"line":33,"column":8}},{"start":{"line":33,"column":8},"end":{"line":33,"column":8}}]}}},"contracts/utils/GovernanceOwnable.sol":{"l":{"9":10,"13":10,"21":10,"22":0},"path":"/Users/arome/Downloads/web3/audit/argo-subscription-payments-contract/contracts/utils/GovernanceOwnable.sol","s":{"1":10,"2":0,"3":0},"b":{"1":[10,0],"2":[0,10]},"f":{"1":10,"2":10},"fnMap":{"1":{"name":"onlyGovernanceAddress","line":8,"loc":{"start":{"line":8,"column":4},"end":{"line":14,"column":4}}},"2":{"name":"setGovernanceAddress","line":20,"loc":{"start":{"line":20,"column":4},"end":{"line":23,"column":4}}}},"statementMap":{"1":{"start":{"line":9,"column":8},"end":{"line":9,"column":231}},"2":{"start":{"line":21,"column":8},"end":{"line":21,"column":65}},"3":{"start":{"line":22,"column":8},"end":{"line":22,"column":28}}},"branchMap":{"1":{"line":9,"type":"if","locations":[{"start":{"line":9,"column":8},"end":{"line":9,"column":8}},{"start":{"line":9,"column":8},"end":{"line":9,"column":8}}]},"2":{"line":21,"type":"if","locations":[{"start":{"line":21,"column":8},"end":{"line":21,"column":8}},{"start":{"line":21,"column":8},"end":{"line":21,"column":8}}]}}},"contracts/utils/MultiOwnable.sol":{"l":{"16":0,"20":11,"24":11,"25":1,"32":1,"40":1,"41":0,"49":1,"57":2,"58":2,"59":2,"60":0,"61":1,"64":0,"72":0,"73":0,"74":0,"75":0,"76":0,"77":0,"78":0,"81":0,"85":0,"93":0,"94":1,"95":1,"103":0,"112":0},"path":"/Users/arome/Downloads/web3/audit/argo-subscription-payments-contract/contracts/utils/MultiOwnable.sol","s":{"1":11,"2":27,"3":1,"4":0,"5":1,"6":2,"7":2,"8":2,"9":2,"10":1,"11":0,"12":0,"13":0,"14":0,"15":0,"16":0,"17":0,"18":0,"19":0,"20":0,"21":0,"22":0,"23":1,"24":0,"25":0,"26":0},"b":{"1":[11,0],"2":[27,0],"3":[0,1],"4":[2,0],"5":[2,0],"6":[0,0],"7":[0,0],"8":[0,0],"9":[0,0]},"f":{"1":0,"2":11,"3":1,"4":1,"5":1,"6":2,"7":0,"8":0,"9":0,"10":0},"fnMap":{"1":{"name":"onlyManager","line":15,"loc":{"start":{"line":15,"column":4},"end":{"line":21,"column":4}}},"2":{"name":"onlyOwner","line":23,"loc":{"start":{"line":23,"column":4},"end":{"line":26,"column":4}}},"3":{"name":"constructor","line":31,"loc":{"start":{"line":31,"column":4},"end":{"line":33,"column":4}}},"4":{"name":"setManagers","line":39,"loc":{"start":{"line":39,"column":4},"end":{"line":42,"column":4}}},"5":{"name":"removeManagers","line":48,"loc":{"start":{"line":48,"column":4},"end":{"line":50,"column":4}}},"6":{"name":"_setManagers","line":56,"loc":{"start":{"line":56,"column":4},"end":{"line":65,"column":4}}},"7":{"name":"_removeManagers","line":71,"loc":{"start":{"line":71,"column":4},"end":{"line":86,"column":4}}},"8":{"name":"changeOwner","line":92,"loc":{"start":{"line":92,"column":4},"end":{"line":96,"column":4}}},"9":{"name":"getManagers","line":102,"loc":{"start":{"line":102,"column":4},"end":{"line":104,"column":4}}},"10":{"name":"isManager","line":111,"loc":{"start":{"line":111,"column":4},"end":{"line":113,"column":4}}}},"statementMap":{"1":{"start":{"line":16,"column":8},"end":{"line":16,"column":412}},"2":{"start":{"line":24,"column":8},"end":{"line":24,"column":72}},"3":{"start":{"line":32,"column":8},"end":{"line":32,"column":25}},"4":{"start":{"line":40,"column":8},"end":{"line":40,"column":64}},"5":{"start":{"line":41,"column":8},"end":{"line":41,"column":22}},"6":{"start":{"line":49,"column":8},"end":{"line":49,"column":25}},"7":{"start":{"line":57,"column":8},"end":{"line":57,"column":1523}},"8":{"start":{"line":58,"column":12},"end":{"line":58,"column":72}},"9":{"start":{"line":59,"column":12},"end":{"line":59,"column":1655}},"10":{"start":{"line":60,"column":16},"end":{"line":60,"column":44}},"11":{"start":{"line":61,"column":16},"end":{"line":61,"column":34}},"12":{"start":{"line":64,"column":8},"end":{"line":64,"column":27}},"13":{"start":{"line":72,"column":8},"end":{"line":72,"column":68}},"14":{"start":{"line":73,"column":8},"end":{"line":73,"column":2108}},"15":{"start":{"line":74,"column":12},"end":{"line":74,"column":2165}},"16":{"start":{"line":75,"column":16},"end":{"line":75,"column":2215}},"17":{"start":{"line":76,"column":20},"end":{"line":76,"column":2287}},"18":{"start":{"line":77,"column":24},"end":{"line":77,"column":66}},"19":{"start":{"line":78,"column":24},"end":{"line":78,"column":37}},"20":{"start":{"line":81,"column":16},"end":{"line":81,"column":45}},"21":{"start":{"line":85,"column":8},"end":{"line":85,"column":30}},"22":{"start":{"line":93,"column":8},"end":{"line":93,"column":67}},"23":{"start":{"line":94,"column":8},"end":{"line":94,"column":16}},"24":{"start":{"line":95,"column":8},"end":{"line":95,"column":27}},"25":{"start":{"line":103,"column":8},"end":{"line":103,"column":23}},"26":{"start":{"line":112,"column":8},"end":{"line":112,"column":37}}},"branchMap":{"1":{"line":16,"type":"if","locations":[{"start":{"line":16,"column":8},"end":{"line":16,"column":8}},{"start":{"line":16,"column":8},"end":{"line":16,"column":8}}]},"2":{"line":24,"type":"if","locations":[{"start":{"line":24,"column":8},"end":{"line":24,"column":8}},{"start":{"line":24,"column":8},"end":{"line":24,"column":8}}]},"3":{"line":40,"type":"if","locations":[{"start":{"line":40,"column":8},"end":{"line":40,"column":8}},{"start":{"line":40,"column":8},"end":{"line":40,"column":8}}]},"4":{"line":58,"type":"if","locations":[{"start":{"line":58,"column":12},"end":{"line":58,"column":12}},{"start":{"line":58,"column":12},"end":{"line":58,"column":12}}]},"5":{"line":59,"type":"if","locations":[{"start":{"line":59,"column":12},"end":{"line":59,"column":12}},{"start":{"line":59,"column":12},"end":{"line":59,"column":12}}]},"6":{"line":72,"type":"if","locations":[{"start":{"line":72,"column":8},"end":{"line":72,"column":8}},{"start":{"line":72,"column":8},"end":{"line":72,"column":8}}]},"7":{"line":74,"type":"if","locations":[{"start":{"line":74,"column":12},"end":{"line":74,"column":12}},{"start":{"line":74,"column":12},"end":{"line":74,"column":12}}]},"8":{"line":76,"type":"if","locations":[{"start":{"line":76,"column":20},"end":{"line":76,"column":20}},{"start":{"line":76,"column":20},"end":{"line":76,"column":20}}]},"9":{"line":93,"type":"if","locations":[{"start":{"line":93,"column":8},"end":{"line":93,"column":8}},{"start":{"line":93,"column":8},"end":{"line":93,"column":8}}]}}},"contracts/utils/Pausable.sol":{"l":{"32":0,"39":0,"50":0,"51":0,"62":0,"63":0,"74":0,"75":0,"86":0,"87":0},"path":"/Users/arome/Downloads/web3/audit/argo-subscription-payments-contract/contracts/utils/Pausable.sol","s":{"1":0,"2":0,"3":0,"4":0,"5":0,"6":0,"7":0,"8":0},"b":{"1":[0,0],"2":[0,0]},"f":{"1":0,"2":0,"3":0,"4":0,"5":0,"6":0},"fnMap":{"1":{"name":"constructor","line":31,"loc":{"start":{"line":31,"column":4},"end":{"line":33,"column":4}}},"2":{"name":"paused","line":38,"loc":{"start":{"line":38,"column":4},"end":{"line":40,"column":4}}},"3":{"name":"whenNotPaused","line":49,"loc":{"start":{"line":49,"column":4},"end":{"line":52,"column":4}}},"4":{"name":"whenPaused","line":61,"loc":{"start":{"line":61,"column":4},"end":{"line":64,"column":4}}},"5":{"name":"_pause","line":73,"loc":{"start":{"line":73,"column":4},"end":{"line":76,"column":4}}},"6":{"name":"_unpause","line":85,"loc":{"start":{"line":85,"column":4},"end":{"line":88,"column":4}}}},"statementMap":{"1":{"start":{"line":32,"column":8},"end":{"line":32,"column":22}},"2":{"start":{"line":39,"column":8},"end":{"line":39,"column":22}},"3":{"start":{"line":50,"column":8},"end":{"line":50,"column":45}},"4":{"start":{"line":62,"column":8},"end":{"line":62,"column":48}},"5":{"start":{"line":74,"column":8},"end":{"line":74,"column":21}},"6":{"start":{"line":75,"column":8},"end":{"line":75,"column":33}},"7":{"start":{"line":86,"column":8},"end":{"line":86,"column":22}},"8":{"start":{"line":87,"column":8},"end":{"line":87,"column":35}}},"branchMap":{"1":{"line":50,"type":"if","locations":[{"start":{"line":50,"column":8},"end":{"line":50,"column":8}},{"start":{"line":50,"column":8},"end":{"line":50,"column":8}}]},"2":{"line":62,"type":"if","locations":[{"start":{"line":62,"column":8},"end":{"line":62,"column":8}},{"start":{"line":62,"column":8},"end":{"line":62,"column":8}}]}}}}